1216
-96 -9900
96 -9900
171 -9899
221 -9898
261 -9897
330 -9895
358 -9894
432 -9891
476 -9889
516 -9887
535 -9886
553 -9885
587 -9883
619 -9881
681 -9877
709 -9875
736 -9873
749 -9872
774 -9870
836 -9865
860 -9863
895 -9860
916 -9858
978 -9852
1028 -9847
1093 -9840
1145 -9834
1179 -9830
1204 -9827
1244 -9822
1306 -9814
1343 -9809
1386 -9803
1441 -9795
1475 -9790
1546 -9779
1632 -9765
1650 -9762
1708 -9752
1742 -9746
1797 -9736
1840 -9728
1892 -9718
1953 -9706
2002 -9696
2026 -9691
2078 -9680
2151 -9664
2169 -9660
2217 -9649
2269 -9637
2290 -9632
2381 -9610
2393 -9607
2456 -9591
2483 -9584
2525 -9573
2570 -9561
2636 -9543
2672 -9533
2711 -9522
2753 -9510
2801 -9496
2828 -9488
2917 -9461
2956 -9449
3003 -9434
3065 -9414
3110 -9399
3169 -9379
3269 -9345
3301 -9334
3354 -9315
3409 -9295
3447 -9281
3479 -9269
3537 -9247
3587 -9228
3668 -9196
3688 -9188
3740 -9167
3786 -9148
3872 -9112
3935 -9085
3992 -9060
4026 -9045
4046 -9036
4097 -9013
4145 -8991
4173 -8978
4241 -8946
4283 -8926
4308 -8914
4339 -8899
4392 -8873
4470 -8834
4517 -8810
4550 -8793
4575 -8780
4619 -8757
4696 -8716
4707 -8710
4778 -8671
4854 -8629
4900 -8603
4954 -8572
4997 -8547
5048 -8517
5080 -8498
5128 -8469
5205 -8422
5234 -8404
5242 -8399
5318 -8351
5368 -8319
5428 -8280
5454 -8263
5472 -8251
5539 -8206
5601 -8164
5693 -8100
5703 -8093
5741 -8066
5769 -8046
5794 -8028
5812 -8015
5902 -7949
5957 -7908
6019 -7861
6068 -7823
6095 -7802
6127 -7777
6161 -7750
6166 -7746
6217 -7705
6258 -7672
6287 -7648
6299 -7638
6354 -7592
6430 -7528
6456 -7506
6470 -7494
6524 -7447
6566 -7410
6603 -7377
6631 -7352
6700 -7289
6725 -7266
6782 -7213
6845 -7153
6872 -7127
6901 -7099
6939 -7062
7062 -6939
7099 -6901
7127 -6872
7153 -6845
7213 -6782
7266 -6725
7289 -6700
7352 -6631
7377 -6603
7410 -6566
7447 -6524
7494 -6470
7506 -6456
7528 -6430
7592 -6354
7638 -6299
7648 -6287
7672 -6258
7705 -6217
7746 -6166
7750 -6161
7777 -6127
7802 -6095
7823 -6068
7861 -6019
7908 -5957
7949 -5902
8015 -5812
8028 -5794
8046 -5769
8066 -5741
8093 -5703
8100 -5693
8164 -5601
8206 -5539
8251 -5472
8263 -5454
8280 -5428
8319 -5368
8351 -5318
8399 -5242
8404 -5234
8422 -5205
8469 -5128
8498 -5080
8517 -5048
8547 -4997
8572 -4954
8603 -4900
8629 -4854
8671 -4778
8710 -4707
8716 -4696
8757 -4619
8780 -4575
8793 -4550
8810 -4517
8834 -4470
8873 -4392
8899 -4339
8914 -4308
8926 -4283
8946 -4241
8978 -4173
8991 -4145
9013 -4097
9036 -4046
9045 -4026
9060 -3992
9085 -3935
9112 -3872
9148 -3786
9167 -3740
9188 -3688
9196 -3668
9228 -3587
9247 -3537
9269 -3479
9281 -3447
9295 -3409
9315 -3354
9334 -3301
9345 -3269
9379 -3169
9399 -3110
9414 -3065
9434 -3003
9449 -2956
9461 -2917
9488 -2828
9496 -2801
9510 -2753
9522 -2711
9533 -2672
9543 -2636
9561 -2570
9573 -2525
9584 -2483
9591 -2456
9607 -2393
9610 -2381
9632 -2290
9637 -2269
9649 -2217
9660 -2169
9664 -2151
9680 -2078
9691 -2026
9696 -2002
9706 -1953
9718 -1892
9728 -1840
9736 -1797
9746 -1742
9752 -1708
9762 -1650
9765 -1632
9779 -1546
9790 -1475
9795 -1441
9803 -1386
9809 -1343
9814 -1306
9822 -1244
9827 -1204
9830 -1179
9834 -1145
9840 -1093
9847 -1028
9852 -978
9858 -916
9860 -895
9863 -860
9865 -836
9870 -774
9872 -749
9873 -736
9875 -709
9877 -681
9881 -619
9883 -587
9885 -553
9886 -535
9887 -516
9889 -476
9891 -432
9894 -358
9895 -330
9897 -261
9898 -221
9899 -171
9900 -96
9900 96
9899 171
9898 221
9897 261
9895 330
9894 358
9891 432
9889 476
9887 516
9886 535
9885 553
9883 587
9881 619
9877 681
9875 709
9873 736
9872 749
9870 774
9865 836
9863 860
9860 895
9858 916
9852 978
9847 1028
9840 1093
9834 1145
9830 1179
9827 1204
9822 1244
9814 1306
9809 1343
9803 1386
9795 1441
9790 1475
9779 1546
9765 1632
9762 1650
9752 1708
9746 1742
9736 1797
9728 1840
9718 1892
9706 1953
9696 2002
9691 2026
9680 2078
9664 2151
9660 2169
9649 2217
9637 2269
9632 2290
9610 2381
9607 2393
9591 2456
9584 2483
9573 2525
9561 2570
9543 2636
9533 2672
9522 2711
9510 2753
9496 2801
9488 2828
9461 2917
9449 2956
9434 3003
9414 3065
9399 3110
9379 3169
9345 3269
9334 3301
9315 3354
9295 3409
9281 3447
9269 3479
9247 3537
9228 3587
9196 3668
9188 3688
9167 3740
9148 3786
9112 3872
9085 3935
9060 3992
9045 4026
9036 4046
9013 4097
8991 4145
8978 4173
8946 4241
8926 4283
8914 4308
8899 4339
8873 4392
8834 4470
8810 4517
8793 4550
8780 4575
8757 4619
8716 4696
8710 4707
8671 4778
8629 4854
8603 4900
8572 4954
8547 4997
8517 5048
8498 5080
8469 5128
8422 5205
8404 5234
8399 5242
8351 5318
8319 5368
8280 5428
8263 5454
8251 5472
8206 5539
8164 5601
8100 5693
8093 5703
8066 5741
8046 5769
8028 5794
8015 5812
7949 5902
7908 5957
7861 6019
7823 6068
7802 6095
7777 6127
7750 6161
7746 6166
7705 6217
7672 6258
7648 6287
7638 6299
7592 6354
7528 6430
7506 6456
7494 6470
7447 6524
7410 6566
7377 6603
7352 6631
7289 6700
7266 6725
7213 6782
7153 6845
7127 6872
7099 6901
7062 6939
6939 7062
6901 7099
6872 7127
6845 7153
6782 7213
6725 7266
6700 7289
6631 7352
6603 7377
6566 7410
6524 7447
6470 7494
6456 7506
6430 7528
6354 7592
6299 7638
6287 7648
6258 7672
6217 7705
6166 7746
6161 7750
6127 7777
6095 7802
6068 7823
6019 7861
5957 7908
5902 7949
5812 8015
5794 8028
5769 8046
5741 8066
5703 8093
5693 8100
5601 8164
5539 8206
5472 8251
5454 8263
5428 8280
5368 8319
5318 8351
5242 8399
5234 8404
5205 8422
5128 8469
5080 8498
5048 8517
4997 8547
4954 8572
4900 8603
4854 8629
4778 8671
4707 8710
4696 8716
4619 8757
4575 8780
4550 8793
4517 8810
4470 8834
4392 8873
4339 8899
4308 8914
4283 8926
4241 8946
4173 8978
4145 8991
4097 9013
4046 9036
4026 9045
3992 9060
3935 9085
3872 9112
3786 9148
3740 9167
3688 9188
3668 9196
3587 9228
3537 9247
3479 9269
3447 9281
3409 9295
3354 9315
3301 9334
3269 9345
3169 9379
3110 9399
3065 9414
3003 9434
2956 9449
2917 9461
2828 9488
2801 9496
2753 9510
2711 9522
2672 9533
2636 9543
2570 9561
2525 9573
2483 9584
2456 9591
2393 9607
2381 9610
2290 9632
2269 9637
2217 9649
2169 9660
2151 9664
2078 9680
2026 9691
2002 9696
1953 9706
1892 9718
1840 9728
1797 9736
1742 9746
1708 9752
1650 9762
1632 9765
1546 9779
1475 9790
1441 9795
1386 9803
1343 9809
1306 9814
1244 9822
1204 9827
1179 9830
1145 9834
1093 9840
1028 9847
978 9852
916 9858
895 9860
860 9863
836 9865
774 9870
749 9872
736 9873
709 9875
681 9877
619 9881
587 9883
553 9885
535 9886
516 9887
476 9889
432 9891
358 9894
330 9895
261 9897
221 9898
171 9899
96 9900
-96 9900
-171 9899
-221 9898
-261 9897
-330 9895
-358 9894
-432 9891
-476 9889
-516 9887
-535 9886
-553 9885
-587 9883
-619 9881
-681 9877
-709 9875
-736 9873
-749 9872
-774 9870
-836 9865
-860 9863
-895 9860
-916 9858
-978 9852
-1028 9847
-1093 9840
-1145 9834
-1179 9830
-1204 9827
-1244 9822
-1306 9814
-1343 9809
-1386 9803
-1441 9795
-1475 9790
-1546 9779
-1632 9765
-1650 9762
-1708 9752
-1742 9746
-1797 9736
-1840 9728
-1892 9718
-1953 9706
-2002 9696
-2026 9691
-2078 9680
-2151 9664
-2169 9660
-2217 9649
-2269 9637
-2290 9632
-2381 9610
-2393 9607
-2456 9591
-2483 9584
-2525 9573
-2570 9561
-2636 9543
-2672 9533
-2711 9522
-2753 9510
-2801 9496
-2828 9488
-2917 9461
-2956 9449
-3003 9434
-3065 9414
-3110 9399
-3169 9379
-3269 9345
-3301 9334
-3354 9315
-3409 9295
-3447 9281
-3479 9269
-3537 9247
-3587 9228
-3668 9196
-3688 9188
-3740 9167
-3786 9148
-3872 9112
-3935 9085
-3992 9060
-4026 9045
-4046 9036
-4097 9013
-4145 8991
-4173 8978
-4241 8946
-4283 8926
-4308 8914
-4339 8899
-4392 8873
-4470 8834
-4517 8810
-4550 8793
-4575 8780
-4619 8757
-4696 8716
-4707 8710
-4778 8671
-4854 8629
-4900 8603
-4954 8572
-4997 8547
-5048 8517
-5080 8498
-5128 8469
-5205 8422
-5234 8404
-5242 8399
-5318 8351
-5368 8319
-5428 8280
-5454 8263
-5472 8251
-5539 8206
-5601 8164
-5693 8100
-5703 8093
-5741 8066
-5769 8046
-5794 8028
-5812 8015
-5902 7949
-5957 7908
-6019 7861
-6068 7823
-6095 7802
-6127 7777
-6161 7750
-6166 7746
-6217 7705
-6258 7672
-6287 7648
-6299 7638
-6354 7592
-6430 7528
-6456 7506
-6470 7494
-6524 7447
-6566 7410
-6603 7377
-6631 7352
-6700 7289
-6725 7266
-6782 7213
-6845 7153
-6872 7127
-6901 7099
-6939 7062
-7062 6939
-7099 6901
-7127 6872
-7153 6845
-7213 6782
-7266 6725
-7289 6700
-7352 6631
-7377 6603
-7410 6566
-7447 6524
-7494 6470
-7506 6456
-7528 6430
-7592 6354
-7638 6299
-7648 6287
-7672 6258
-7705 6217
-7746 6166
-7750 6161
-7777 6127
-7802 6095
-7823 6068
-7861 6019
-7908 5957
-7949 5902
-8015 5812
-8028 5794
-8046 5769
-8066 5741
-8093 5703
-8100 5693
-8164 5601
-8206 5539
-8251 5472
-8263 5454
-8280 5428
-8319 5368
-8351 5318
-8399 5242
-8404 5234
-8422 5205
-8469 5128
-8498 5080
-8517 5048
-8547 4997
-8572 4954
-8603 4900
-8629 4854
-8671 4778
-8710 4707
-8716 4696
-8757 4619
-8780 4575
-8793 4550
-8810 4517
-8834 4470
-8873 4392
-8899 4339
-8914 4308
-8926 4283
-8946 4241
-8978 4173
-8991 4145
-9013 4097
-9036 4046
-9045 4026
-9060 3992
-9085 3935
-9112 3872
-9148 3786
-9167 3740
-9188 3688
-9196 3668
-9228 3587
-9247 3537
-9269 3479
-9281 3447
-9295 3409
-9315 3354
-9334 3301
-9345 3269
-9379 3169
-9399 3110
-9414 3065
-9434 3003
-9449 2956
-9461 2917
-9488 2828
-9496 2801
-9510 2753
-9522 2711
-9533 2672
-9543 2636
-9561 2570
-9573 2525
-9584 2483
-9591 2456
-9607 2393
-9610 2381
-9632 2290
-9637 2269
-9649 2217
-9660 2169
-9664 2151
-9680 2078
-9691 2026
-9696 2002
-9706 1953
-9718 1892
-9728 1840
-9736 1797
-9746 1742
-9752 1708
-9762 1650
-9765 1632
-9779 1546
-9790 1475
-9795 1441
-9803 1386
-9809 1343
-9814 1306
-9822 1244
-9827 1204
-9830 1179
-9834 1145
-9840 1093
-9847 1028
-9852 978
-9858 916
-9860 895
-9863 860
-9865 836
-9870 774
-9872 749
-9873 736
-9875 709
-9877 681
-9881 619
-9883 587
-9885 553
-9886 535
-9887 516
-9889 476
-9891 432
-9894 358
-9895 330
-9897 261
-9898 221
-9899 171
-9900 96
-9900 -96
-9899 -171
-9898 -221
-9897 -261
-9895 -330
-9894 -358
-9891 -432
-9889 -476
-9887 -516
-9886 -535
-9885 -553
-9883 -587
-9881 -619
-9877 -681
-9875 -709
-9873 -736
-9872 -749
-9870 -774
-9865 -836
-9863 -860
-9860 -895
-9858 -916
-9852 -978
-9847 -1028
-9840 -1093
-9834 -1145
-9830 -1179
-9827 -1204
-9822 -1244
-9814 -1306
-9809 -1343
-9803 -1386
-9795 -1441
-9790 -1475
-9779 -1546
-9765 -1632
-9762 -1650
-9752 -1708
-9746 -1742
-9736 -1797
-9728 -1840
-9718 -1892
-9706 -1953
-9696 -2002
-9691 -2026
-9680 -2078
-9664 -2151
-9660 -2169
-9649 -2217
-9637 -2269
-9632 -2290
-9610 -2381
-9607 -2393
-9591 -2456
-9584 -2483
-9573 -2525
-9561 -2570
-9543 -2636
-9533 -2672
-9522 -2711
-9510 -2753
-9496 -2801
-9488 -2828
-9461 -2917
-9449 -2956
-9434 -3003
-9414 -3065
-9399 -3110
-9379 -3169
-9345 -3269
-9334 -3301
-9315 -3354
-9295 -3409
-9281 -3447
-9269 -3479
-9247 -3537
-9228 -3587
-9196 -3668
-9188 -3688
-9167 -3740
-9148 -3786
-9112 -3872
-9085 -3935
-9060 -3992
-9045 -4026
-9036 -4046
-9013 -4097
-8991 -4145
-8978 -4173
-8946 -4241
-8926 -4283
-8914 -4308
-8899 -4339
-8873 -4392
-8834 -4470
-8810 -4517
-8793 -4550
-8780 -4575
-8757 -4619
-8716 -4696
-8710 -4707
-8671 -4778
-8629 -4854
-8603 -4900
-8572 -4954
-8547 -4997
-8517 -5048
-8498 -5080
-8469 -5128
-8422 -5205
-8404 -5234
-8399 -5242
-8351 -5318
-8319 -5368
-8280 -5428
-8263 -5454
-8251 -5472
-8206 -5539
-8164 -5601
-8100 -5693
-8093 -5703
-8066 -5741
-8046 -5769
-8028 -5794
-8015 -5812
-7949 -5902
-7908 -5957
-7861 -6019
-7823 -6068
-7802 -6095
-7777 -6127
-7750 -6161
-7746 -6166
-7705 -6217
-7672 -6258
-7648 -6287
-7638 -6299
-7592 -6354
-7528 -6430
-7506 -6456
-7494 -6470
-7447 -6524
-7410 -6566
-7377 -6603
-7352 -6631
-7289 -6700
-7266 -6725
-7213 -6782
-7153 -6845
-7127 -6872
-7099 -6901
-7062 -6939
-6939 -7062
-6901 -7099
-6872 -7127
-6845 -7153
-6782 -7213
-6725 -7266
-6700 -7289
-6631 -7352
-6603 -7377
-6566 -7410
-6524 -7447
-6470 -7494
-6456 -7506
-6430 -7528
-6354 -7592
-6299 -7638
-6287 -7648
-6258 -7672
-6217 -7705
-6166 -7746
-6161 -7750
-6127 -7777
-6095 -7802
-6068 -7823
-6019 -7861
-5957 -7908
-5902 -7949
-5812 -8015
-5794 -8028
-5769 -8046
-5741 -8066
-5703 -8093
-5693 -8100
-5601 -8164
-5539 -8206
-5472 -8251
-5454 -8263
-5428 -8280
-5368 -8319
-5318 -8351
-5242 -8399
-5234 -8404
-5205 -8422
-5128 -8469
-5080 -8498
-5048 -8517
-4997 -8547
-4954 -8572
-4900 -8603
-4854 -8629
-4778 -8671
-4707 -8710
-4696 -8716
-4619 -8757
-4575 -8780
-4550 -8793
-4517 -8810
-4470 -8834
-4392 -8873
-4339 -8899
-4308 -8914
-4283 -8926
-4241 -8946
-4173 -8978
-4145 -8991
-4097 -9013
-4046 -9036
-4026 -9045
-3992 -9060
-3935 -9085
-3872 -9112
-3786 -9148
-3740 -9167
-3688 -9188
-3668 -9196
-3587 -9228
-3537 -9247
-3479 -9269
-3447 -9281
-3409 -9295
-3354 -9315
-3301 -9334
-3269 -9345
-3169 -9379
-3110 -9399
-3065 -9414
-3003 -9434
-2956 -9449
-2917 -9461
-2828 -9488
-2801 -9496
-2753 -9510
-2711 -9522
-2672 -9533
-2636 -9543
-2570 -9561
-2525 -9573
-2483 -9584
-2456 -9591
-2393 -9607
-2381 -9610
-2290 -9632
-2269 -9637
-2217 -9649
-2169 -9660
-2151 -9664
-2078 -9680
-2026 -9691
-2002 -9696
-1953 -9706
-1892 -9718
-1840 -9728
-1797 -9736
-1742 -9746
-1708 -9752
-1650 -9762
-1632 -9765
-1546 -9779
-1475 -9790
-1441 -9795
-1386 -9803
-1343 -9809
-1306 -9814
-1244 -9822
-1204 -9827
-1179 -9830
-1145 -9834
-1093 -9840
-1028 -9847
-978 -9852
-916 -9858
-895 -9860
-860 -9863
-836 -9865
-774 -9870
-749 -9872
-736 -9873
-709 -9875
-681 -9877
-619 -9881
-587 -9883
-553 -9885
-535 -9886
-516 -9887
-476 -9889
-432 -9891
-358 -9894
-330 -9895
-261 -9897
-221 -9898
-171 -9899
