257
15 -9900
285 -9896
557 -9883
747 -9871
807 -9866
1157 -9832
1287 -9814
1453 -9790
1529 -9779
1799 -9732
1879 -9718
2055 -9683
2181 -9655
2382 -9609
2630 -9541
2831 -9484
2970 -9442
3023 -9425
3166 -9378
3249 -9349
3502 -9259
3761 -9157
3939 -9076
4317 -8901
4484 -8821
4820 -8642
5225 -8403
5305 -8351
5492 -8227
5749 -8056
6083 -7800
6274 -7653
6312 -7621
6621 -7353
6716 -7268
6970 -7030
7125 -6868
7369 -6607
7493 -6461
7763 -6138
7940 -5905
8228 -5496
8361 -5294
8393 -5243
8485 -5095
8550 -4981
8748 -4630
8768 -4592
8979 -4166
9130 -3825
9165 -3736
9307 -3361
9393 -3127
9496 -2785
9604 -2391
9624 -2315
9710 -1926
9750 -1703
9764 -1618
9817 -1247
9837 -1102
9867 -798
9879 -607
9893 -368
9896 -248
9897 117
9897 205
9896 292
9893 379
9889 475
9877 670
9866 807
9839 1093
9833 1145
9789 1468
9749 1719
9692 2018
9578 2480
9524 2689
9496 2788
9457 2925
9355 3229
9258 3499
9072 3960
8968 4190
8844 4437
8632 4844
8385 5259
8283 5415
8151 5612
7941 5908
7888 5979
7744 6166
7636 6293
7318 6661
7186 6800
6833 7160
6723 7259
6566 7400
6245 7680
5923 7924
5903 7939
5731 8065
5599 8156
5524 8207
5261 8380
4936 8577
4673 8726
4200 8960
3913 9091
3659 9198
3083 9405
2730 9515
2393 9601
2323 9618
2018 9689
1870 9722
1666 9758
1423 9797
1344 9808
1078 9840
716 9874
547 9883
317 9895
165 9898
102 9899
-157 9899
-241 9897
-363 9892
-705 9874
-1078 9841
-1256 9818
-1549 9776
-1587 9770
-1761 9741
-1947 9705
-2067 9680
-2149 9662
-2232 9642
-2515 9571
-2700 9522
-2711 9519
-3059 9411
-3246 9348
-3335 9316
-3675 9188
-3885 9100
-4012 9046
-4438 8844
-4717 8700
-4908 8596
-5285 8364
-5534 8205
-5642 8130
-5893 7943
-6262 7666
-6481 7474
-6555 7408
-6846 7143
-7062 6931
-7285 6701
-7371 6606
-7388 6587
-7567 6371
-7766 6129
-7857 6015
-8088 5699
-8153 5601
-8315 5356
-8582 4927
-8780 4569
-8926 4278
-9027 4057
-9149 3771
-9220 3603
-9245 3538
-9345 3263
-9448 2947
-9520 2702
-9587 2459
-9614 2355
-9683 2057
-9728 1830
-9756 1673
-9797 1401
-9829 1160
-9835 1109
-9866 813
-9869 773
-9882 594
-9885 532
-9893 294
-9897 115
-9897 -170
-9895 -324
-9882 -557
-9881 -573
-9874 -677
-9864 -807
-9852 -950
-9842 -1069
-9816 -1287
-9789 -1471
-9716 -1884
-9706 -1936
-9647 -2217
-9513 -2729
-9477 -2840
-9301 -3382
-9125 -3838
-8879 -4368
-8659 -4796
-8641 -4827
-8539 -5000
-8367 -5284
-8264 -5442
-8136 -5629
-8001 -5821
-7832 -6053
-7803 -6090
-7629 -6303
-7276 -6700
-7101 -6888
-6859 -7135
-6512 -7455
-6192 -7718
-6106 -7787
-5949 -7912
-5705 -8083
-5422 -8277
-5296 -8359
-5052 -8512
-4862 -8617
-4666 -8724
-4493 -8816
-4363 -8883
-4053 -9025
-3552 -9238
-3481 -9265
-3347 -9315
-3258 -9345
-2937 -9451
-2655 -9531
-2303 -9627
-2054 -9683
-2049 -9684
-1718 -9748
-1675 -9755
-1428 -9795
-1387 -9801
-1176 -9830
-1134 -9835
-811 -9865
-726 -9872
-573 -9882
-260 -9896
-161 -9899
