1136
-97 -9999
97 -9999
173 -9998
223 -9997
264 -9996
298 -9995
330 -9994
386 -9992
411 -9991
499 -9987
556 -9984
590 -9982
622 -9980
669 -9977
684 -9976
741 -9972
841 -9964
853 -9963
888 -9960
932 -9956
963 -9953
1004 -9949
1107 -9938
1116 -9937
1160 -9932
1210 -9926
1266 -9919
1297 -9915
1334 -9910
1400 -9901
1428 -9897
1462 -9892
1502 -9886
1515 -9884
1670 -9859
1682 -9857
1722 -9850
1756 -9844
1784 -9839
1806 -9835
1849 -9827
1886 -9820
1917 -9814
2022 -9793
2065 -9784
2157 -9764
2184 -9758
2224 -9749
2246 -9744
2310 -9729
2356 -9718
2417 -9703
2429 -9700
2496 -9683
2557 -9667
2587 -9659
2657 -9640
2693 -9630
2781 -9605
2829 -9591
2889 -9573
2925 -9562
2964 -9550
3012 -9535
3081 -9513
3156 -9488
3272 -9449
3355 -9420
3402 -9403
3476 -9376
3529 -9356
3558 -9345
3605 -9327
3687 -9295
3722 -9281
3786 -9255
3873 -9219
3899 -9208
3960 -9182
4006 -9162
4049 -9143
4098 -9121
4158 -9094
4195 -9077
4255 -9049
4289 -9033
4337 -9010
4368 -8995
4405 -8977
4537 -8911
4576 -8891
4632 -8862
4657 -8849
4704 -8824
4743 -8803
4842 -8749
4919 -8706
4949 -8689
5063 -8623
5112 -8594
5182 -8552
5241 -8516
5270 -8498
5342 -8453
5419 -8404
5456 -8380
5532 -8330
5553 -8316
5605 -8281
5649 -8251
5701 -8215
5737 -8190
5791 -8152
5819 -8132
5865 -8099
5898 -8075
5936 -8047
5994 -8004
6039 -7970
6064 -7951
6094 -7928
6156 -7880
6198 -7847
6252 -7804
6262 -7796
6289 -7774
6328 -7742
6345 -7728
6391 -7690
6432 -7656
6468 -7626
6530 -7573
6575 -7534
6608 -7505
6634 -7482
6688 -7434
6709 -7415
6767 -7362
6820 -7313
6852 -7283
6934 -7205
6970 -7170
7015 -7126
7126 -7015
7170 -6970
7205 -6934
7283 -6852
7313 -6820
7362 -6767
7415 -6709
7434 -6688
7482 -6634
7505 -6608
7534 -6575
7573 -6530
7626 -6468
7656 -6432
7690 -6391
7728 -6345
7742 -6328
7774 -6289
7796 -6262
7804 -6252
7847 -6198
7880 -6156
7928 -6094
7951 -6064
7970 -6039
8004 -5994
8047 -5936
8075 -5898
8099 -5865
8132 -5819
8152 -5791
8190 -5737
8215 -5701
8251 -5649
8281 -5605
8316 -5553
8330 -5532
8380 -5456
8404 -5419
8453 -5342
8498 -5270
8516 -5241
8552 -5182
8594 -5112
8623 -5063
8689 -4949
8706 -4919
8749 -4842
8803 -4743
8824 -4704
8849 -4657
8862 -4632
8891 -4576
8911 -4537
8977 -4405
8995 -4368
9010 -4337
9033 -4289
9049 -4255
9077 -4195
9094 -4158
9121 -4098
9143 -4049
9162 -4006
9182 -3960
9208 -3899
9219 -3873
9255 -3786
9281 -3722
9295 -3687
9327 -3605
9345 -3558
9356 -3529
9376 -3476
9403 -3402
9420 -3355
9449 -3272
9488 -3156
9513 -3081
9535 -3012
9550 -2964
9562 -2925
9573 -2889
9591 -2829
9605 -2781
9630 -2693
9640 -2657
9659 -2587
9667 -2557
9683 -2496
9700 -2429
9703 -2417
9718 -2356
9729 -2310
9744 -2246
9749 -2224
9758 -2184
9764 -2157
9784 -2065
9793 -2022
9814 -1917
9820 -1886
9827 -1849
9835 -1806
9839 -1784
9844 -1756
9850 -1722
9857 -1682
9859 -1670
9884 -1515
9886 -1502
9892 -1462
9897 -1428
9901 -1400
9910 -1334
9915 -1297
9919 -1266
9926 -1210
9932 -1160
9937 -1116
9938 -1107
9949 -1004
9953 -963
9956 -932
9960 -888
9963 -853
9964 -841
9972 -741
9976 -684
9977 -669
9980 -622
9982 -590
9984 -556
9987 -499
9991 -411
9992 -386
9994 -330
9995 -298
9996 -264
9997 -223
9998 -173
9999 -97
9999 97
9998 173
9997 223
9996 264
9995 298
9994 330
9992 386
9991 411
9987 499
9984 556
9982 590
9980 622
9977 669
9976 684
9972 741
9964 841
9963 853
9960 888
9956 932
9953 963
9949 1004
9938 1107
9937 1116
9932 1160
9926 1210
9919 1266
9915 1297
9910 1334
9901 1400
9897 1428
9892 1462
9886 1502
9884 1515
9859 1670
9857 1682
9850 1722
9844 1756
9839 1784
9835 1806
9827 1849
9820 1886
9814 1917
9793 2022
9784 2065
9764 2157
9758 2184
9749 2224
9744 2246
9729 2310
9718 2356
9703 2417
9700 2429
9683 2496
9667 2557
9659 2587
9640 2657
9630 2693
9605 2781
9591 2829
9573 2889
9562 2925
9550 2964
9535 3012
9513 3081
9488 3156
9449 3272
9420 3355
9403 3402
9376 3476
9356 3529
9345 3558
9327 3605
9295 3687
9281 3722
9255 3786
9219 3873
9208 3899
9182 3960
9162 4006
9143 4049
9121 4098
9094 4158
9077 4195
9049 4255
9033 4289
9010 4337
8995 4368
8977 4405
8911 4537
8891 4576
8862 4632
8849 4657
8824 4704
8803 4743
8749 4842
8706 4919
8689 4949
8623 5063
8594 5112
8552 5182
8516 5241
8498 5270
8453 5342
8404 5419
8380 5456
8330 5532
8316 5553
8281 5605
8251 5649
8215 5701
8190 5737
8152 5791
8132 5819
8099 5865
8075 5898
8047 5936
8004 5994
7970 6039
7951 6064
7928 6094
7880 6156
7847 6198
7804 6252
7796 6262
7774 6289
7742 6328
7728 6345
7690 6391
7656 6432
7626 6468
7573 6530
7534 6575
7505 6608
7482 6634
7434 6688
7415 6709
7362 6767
7313 6820
7283 6852
7205 6934
7170 6970
7126 7015
7015 7126
6970 7170
6934 7205
6852 7283
6820 7313
6767 7362
6709 7415
6688 7434
6634 7482
6608 7505
6575 7534
6530 7573
6468 7626
6432 7656
6391 7690
6345 7728
6328 7742
6289 7774
6262 7796
6252 7804
6198 7847
6156 7880
6094 7928
6064 7951
6039 7970
5994 8004
5936 8047
5898 8075
5865 8099
5819 8132
5791 8152
5737 8190
5701 8215
5649 8251
5605 8281
5553 8316
5532 8330
5456 8380
5419 8404
5342 8453
5270 8498
5241 8516
5182 8552
5112 8594
5063 8623
4949 8689
4919 8706
4842 8749
4743 8803
4704 8824
4657 8849
4632 8862
4576 8891
4537 8911
4405 8977
4368 8995
4337 9010
4289 9033
4255 9049
4195 9077
4158 9094
4098 9121
4049 9143
4006 9162
3960 9182
3899 9208
3873 9219
3786 9255
3722 9281
3687 9295
3605 9327
3558 9345
3529 9356
3476 9376
3402 9403
3355 9420
3272 9449
3156 9488
3081 9513
3012 9535
2964 9550
2925 9562
2889 9573
2829 9591
2781 9605
2693 9630
2657 9640
2587 9659
2557 9667
2496 9683
2429 9700
2417 9703
2356 9718
2310 9729
2246 9744
2224 9749
2184 9758
2157 9764
2065 9784
2022 9793
1917 9814
1886 9820
1849 9827
1806 9835
1784 9839
1756 9844
1722 9850
1682 9857
1670 9859
1515 9884
1502 9886
1462 9892
1428 9897
1400 9901
1334 9910
1297 9915
1266 9919
1210 9926
1160 9932
1116 9937
1107 9938
1004 9949
963 9953
932 9956
888 9960
853 9963
841 9964
741 9972
684 9976
669 9977
622 9980
590 9982
556 9984
499 9987
411 9991
386 9992
330 9994
298 9995
264 9996
223 9997
173 9998
97 9999
-97 9999
-173 9998
-223 9997
-264 9996
-298 9995
-330 9994
-386 9992
-411 9991
-499 9987
-556 9984
-590 9982
-622 9980
-669 9977
-684 9976
-741 9972
-841 9964
-853 9963
-888 9960
-932 9956
-963 9953
-1004 9949
-1107 9938
-1116 9937
-1160 9932
-1210 9926
-1266 9919
-1297 9915
-1334 9910
-1400 9901
-1428 9897
-1462 9892
-1502 9886
-1515 9884
-1670 9859
-1682 9857
-1722 9850
-1756 9844
-1784 9839
-1806 9835
-1849 9827
-1886 9820
-1917 9814
-2022 9793
-2065 9784
-2157 9764
-2184 9758
-2224 9749
-2246 9744
-2310 9729
-2356 9718
-2417 9703
-2429 9700
-2496 9683
-2557 9667
-2587 9659
-2657 9640
-2693 9630
-2781 9605
-2829 9591
-2889 9573
-2925 9562
-2964 9550
-3012 9535
-3081 9513
-3156 9488
-3272 9449
-3355 9420
-3402 9403
-3476 9376
-3529 9356
-3558 9345
-3605 9327
-3687 9295
-3722 9281
-3786 9255
-3873 9219
-3899 9208
-3960 9182
-4006 9162
-4049 9143
-4098 9121
-4158 9094
-4195 9077
-4255 9049
-4289 9033
-4337 9010
-4368 8995
-4405 8977
-4537 8911
-4576 8891
-4632 8862
-4657 8849
-4704 8824
-4743 8803
-4842 8749
-4919 8706
-4949 8689
-5063 8623
-5112 8594
-5182 8552
-5241 8516
-5270 8498
-5342 8453
-5419 8404
-5456 8380
-5532 8330
-5553 8316
-5605 8281
-5649 8251
-5701 8215
-5737 8190
-5791 8152
-5819 8132
-5865 8099
-5898 8075
-5936 8047
-5994 8004
-6039 7970
-6064 7951
-6094 7928
-6156 7880
-6198 7847
-6252 7804
-6262 7796
-6289 7774
-6328 7742
-6345 7728
-6391 7690
-6432 7656
-6468 7626
-6530 7573
-6575 7534
-6608 7505
-6634 7482
-6688 7434
-6709 7415
-6767 7362
-6820 7313
-6852 7283
-6934 7205
-6970 7170
-7015 7126
-7126 7015
-7170 6970
-7205 6934
-7283 6852
-7313 6820
-7362 6767
-7415 6709
-7434 6688
-7482 6634
-7505 6608
-7534 6575
-7573 6530
-7626 6468
-7656 6432
-7690 6391
-7728 6345
-7742 6328
-7774 6289
-7796 6262
-7804 6252
-7847 6198
-7880 6156
-7928 6094
-7951 6064
-7970 6039
-8004 5994
-8047 5936
-8075 5898
-8099 5865
-8132 5819
-8152 5791
-8190 5737
-8215 5701
-8251 5649
-8281 5605
-8316 5553
-8330 5532
-8380 5456
-8404 5419
-8453 5342
-8498 5270
-8516 5241
-8552 5182
-8594 5112
-8623 5063
-8689 4949
-8706 4919
-8749 4842
-8803 4743
-8824 4704
-8849 4657
-8862 4632
-8891 4576
-8911 4537
-8977 4405
-8995 4368
-9010 4337
-9033 4289
-9049 4255
-9077 4195
-9094 4158
-9121 4098
-9143 4049
-9162 4006
-9182 3960
-9208 3899
-9219 3873
-9255 3786
-9281 3722
-9295 3687
-9327 3605
-9345 3558
-9356 3529
-9376 3476
-9403 3402
-9420 3355
-9449 3272
-9488 3156
-9513 3081
-9535 3012
-9550 2964
-9562 2925
-9573 2889
-9591 2829
-9605 2781
-9630 2693
-9640 2657
-9659 2587
-9667 2557
-9683 2496
-9700 2429
-9703 2417
-9718 2356
-9729 2310
-9744 2246
-9749 2224
-9758 2184
-9764 2157
-9784 2065
-9793 2022
-9814 1917
-9820 1886
-9827 1849
-9835 1806
-9839 1784
-9844 1756
-9850 1722
-9857 1682
-9859 1670
-9884 1515
-9886 1502
-9892 1462
-9897 1428
-9901 1400
-9910 1334
-9915 1297
-9919 1266
-9926 1210
-9932 1160
-9937 1116
-9938 1107
-9949 1004
-9953 963
-9956 932
-9960 888
-9963 853
-9964 841
-9972 741
-9976 684
-9977 669
-9980 622
-9982 590
-9984 556
-9987 499
-9991 411
-9992 386
-9994 330
-9995 298
-9996 264
-9997 223
-9998 173
-9999 97
-9999 -97
-9998 -173
-9997 -223
-9996 -264
-9995 -298
-9994 -330
-9992 -386
-9991 -411
-9987 -499
-9984 -556
-9982 -590
-9980 -622
-9977 -669
-9976 -684
-9972 -741
-9964 -841
-9963 -853
-9960 -888
-9956 -932
-9953 -963
-9949 -1004
-9938 -1107
-9937 -1116
-9932 -1160
-9926 -1210
-9919 -1266
-9915 -1297
-9910 -1334
-9901 -1400
-9897 -1428
-9892 -1462
-9886 -1502
-9884 -1515
-9859 -1670
-9857 -1682
-9850 -1722
-9844 -1756
-9839 -1784
-9835 -1806
-9827 -1849
-9820 -1886
-9814 -1917
-9793 -2022
-9784 -2065
-9764 -2157
-9758 -2184
-9749 -2224
-9744 -2246
-9729 -2310
-9718 -2356
-9703 -2417
-9700 -2429
-9683 -2496
-9667 -2557
-9659 -2587
-9640 -2657
-9630 -2693
-9605 -2781
-9591 -2829
-9573 -2889
-9562 -2925
-9550 -2964
-9535 -3012
-9513 -3081
-9488 -3156
-9449 -3272
-9420 -3355
-9403 -3402
-9376 -3476
-9356 -3529
-9345 -3558
-9327 -3605
-9295 -3687
-9281 -3722
-9255 -3786
-9219 -3873
-9208 -3899
-9182 -3960
-9162 -4006
-9143 -4049
-9121 -4098
-9094 -4158
-9077 -4195
-9049 -4255
-9033 -4289
-9010 -4337
-8995 -4368
-8977 -4405
-8911 -4537
-8891 -4576
-8862 -4632
-8849 -4657
-8824 -4704
-8803 -4743
-8749 -4842
-8706 -4919
-8689 -4949
-8623 -5063
-8594 -5112
-8552 -5182
-8516 -5241
-8498 -5270
-8453 -5342
-8404 -5419
-8380 -5456
-8330 -5532
-8316 -5553
-8281 -5605
-8251 -5649
-8215 -5701
-8190 -5737
-8152 -5791
-8132 -5819
-8099 -5865
-8075 -5898
-8047 -5936
-8004 -5994
-7970 -6039
-7951 -6064
-7928 -6094
-7880 -6156
-7847 -6198
-7804 -6252
-7796 -6262
-7774 -6289
-7742 -6328
-7728 -6345
-7690 -6391
-7656 -6432
-7626 -6468
-7573 -6530
-7534 -6575
-7505 -6608
-7482 -6634
-7434 -6688
-7415 -6709
-7362 -6767
-7313 -6820
-7283 -6852
-7205 -6934
-7170 -6970
-7126 -7015
-7015 -7126
-6970 -7170
-6934 -7205
-6852 -7283
-6820 -7313
-6767 -7362
-6709 -7415
-6688 -7434
-6634 -7482
-6608 -7505
-6575 -7534
-6530 -7573
-6468 -7626
-6432 -7656
-6391 -7690
-6345 -7728
-6328 -7742
-6289 -7774
-6262 -7796
-6252 -7804
-6198 -7847
-6156 -7880
-6094 -7928
-6064 -7951
-6039 -7970
-5994 -8004
-5936 -8047
-5898 -8075
-5865 -8099
-5819 -8132
-5791 -8152
-5737 -8190
-5701 -8215
-5649 -8251
-5605 -8281
-5553 -8316
-5532 -8330
-5456 -8380
-5419 -8404
-5342 -8453
-5270 -8498
-5241 -8516
-5182 -8552
-5112 -8594
-5063 -8623
-4949 -8689
-4919 -8706
-4842 -8749
-4743 -8803
-4704 -8824
-4657 -8849
-4632 -8862
-4576 -8891
-4537 -8911
-4405 -8977
-4368 -8995
-4337 -9010
-4289 -9033
-4255 -9049
-4195 -9077
-4158 -9094
-4098 -9121
-4049 -9143
-4006 -9162
-3960 -9182
-3899 -9208
-3873 -9219
-3786 -9255
-3722 -9281
-3687 -9295
-3605 -9327
-3558 -9345
-3529 -9356
-3476 -9376
-3402 -9403
-3355 -9420
-3272 -9449
-3156 -9488
-3081 -9513
-3012 -9535
-2964 -9550
-2925 -9562
-2889 -9573
-2829 -9591
-2781 -9605
-2693 -9630
-2657 -9640
-2587 -9659
-2557 -9667
-2496 -9683
-2429 -9700
-2417 -9703
-2356 -9718
-2310 -9729
-2246 -9744
-2224 -9749
-2184 -9758
-2157 -9764
-2065 -9784
-2022 -9793
-1917 -9814
-1886 -9820
-1849 -9827
-1806 -9835
-1784 -9839
-1756 -9844
-1722 -9850
-1682 -9857
-1670 -9859
-1515 -9884
-1502 -9886
-1462 -9892
-1428 -9897
-1400 -9901
-1334 -9910
-1297 -9915
-1266 -9919
-1210 -9926
-1160 -9932
-1116 -9937
-1107 -9938
-1004 -9949
-963 -9953
-932 -9956
-888 -9960
-853 -9963
-841 -9964
-741 -9972
-684 -9976
-669 -9977
-622 -9980
-590 -9982
-556 -9984
-499 -9987
-411 -9991
-386 -9992
-330 -9994
-298 -9995
-264 -9996
-223 -9997
-173 -9998
