1256
-99 -9881
99 -9881
171 -9880
220 -9879
261 -9878
298 -9877
329 -9876
385 -9874
410 -9873
475 -9870
496 -9869
534 -9867
552 -9866
620 -9862
636 -9861
651 -9860
695 -9857
723 -9855
763 -9852
788 -9850
825 -9847
871 -9843
893 -9841
936 -9837
967 -9834
1007 -9830
1026 -9828
1100 -9820
1118 -9818
1161 -9813
1211 -9807
1251 -9802
1282 -9798
1297 -9796
1334 -9791
1377 -9785
1426 -9778
1460 -9773
1500 -9767
1537 -9761
1684 -9737
1757 -9724
1806 -9715
1864 -9704
1885 -9700
1916 -9694
1931 -9691
1995 -9678
2019 -9673
2071 -9662
2162 -9642
2189 -9636
2228 -9627
2292 -9612
2313 -9607
2358 -9596
2418 -9581
2457 -9571
2511 -9557
2586 -9537
2619 -9528
2673 -9513
2712 -9502
2754 -9490
2778 -9483
2855 -9460
2885 -9451
2956 -9429
3000 -9415
3062 -9395
3104 -9381
3157 -9363
3207 -9346
3251 -9331
3292 -9317
3365 -9291
3403 -9277
3481 -9248
3510 -9237
3583 -9209
3609 -9199
3704 -9161
3753 -9141
3770 -9134
3816 -9115
3896 -9081
3933 -9065
3956 -9055
4024 -9025
4044 -9016
4106 -8988
4154 -8966
4199 -8945
4216 -8937
4300 -8897
4339 -8878
4489 -8803
4536 -8779
4580 -8756
4599 -8746
4635 -8727
4665 -8711
4706 -8689
4728 -8677
4777 -8650
4815 -8629
4842 -8614
4888 -8588
4923 -8568
4966 -8543
4990 -8529
5041 -8499
5073 -8480
5126 -8448
5139 -8440
5202 -8401
5239 -8378
5295 -8343
5342 -8313
5373 -8293
5407 -8271
5451 -8242
5526 -8192
5557 -8171
5598 -8143
5621 -8127
5677 -8088
5687 -8081
5763 -8027
5803 -7998
5851 -7963
5866 -7952
5913 -7917
5953 -7887
5990 -7859
6032 -7827
6086 -7785
6144 -7739
6183 -7708
6193 -7700
6234 -7667
6306 -7608
6318 -7598
6394 -7534
6420 -7512
6427 -7506
6502 -7441
6544 -7404
6579 -7373
6616 -7340
6662 -7298
6710 -7254
6735 -7231
6769 -7199
6805 -7165
6850 -7122
6879 -7094
6919 -7055
7055 -6919
7094 -6879
7122 -6850
7165 -6805
7199 -6769
7231 -6735
7254 -6710
7298 -6662
7340 -6616
7373 -6579
7404 -6544
7441 -6502
7506 -6427
7512 -6420
7534 -6394
7598 -6318
7608 -6306
7667 -6234
7700 -6193
7708 -6183
7739 -6144
7785 -6086
7827 -6032
7859 -5990
7887 -5953
7917 -5913
7952 -5866
7963 -5851
7998 -5803
8027 -5763
8081 -5687
8088 -5677
8127 -5621
8143 -5598
8171 -5557
8192 -5526
8242 -5451
8271 -5407
8293 -5373
8313 -5342
8343 -5295
8378 -5239
8401 -5202
8440 -5139
8448 -5126
8480 -5073
8499 -5041
8529 -4990
8543 -4966
8568 -4923
8588 -4888
8614 -4842
8629 -4815
8650 -4777
8677 -4728
8689 -4706
8711 -4665
8727 -4635
8746 -4599
8756 -4580
8779 -4536
8803 -4489
8878 -4339
8897 -4300
8937 -4216
8945 -4199
8966 -4154
8988 -4106
9016 -4044
9025 -4024
9055 -3956
9065 -3933
9081 -3896
9115 -3816
9134 -3770
9141 -3753
9161 -3704
9199 -3609
9209 -3583
9237 -3510
9248 -3481
9277 -3403
9291 -3365
9317 -3292
9331 -3251
9346 -3207
9363 -3157
9381 -3104
9395 -3062
9415 -3000
9429 -2956
9451 -2885
9460 -2855
9483 -2778
9490 -2754
9502 -2712
9513 -2673
9528 -2619
9537 -2586
9557 -2511
9571 -2457
9581 -2418
9596 -2358
9607 -2313
9612 -2292
9627 -2228
9636 -2189
9642 -2162
9662 -2071
9673 -2019
9678 -1995
9691 -1931
9694 -1916
9700 -1885
9704 -1864
9715 -1806
9724 -1757
9737 -1684
9761 -1537
9767 -1500
9773 -1460
9778 -1426
9785 -1377
9791 -1334
9796 -1297
9798 -1282
9802 -1251
9807 -1211
9813 -1161
9818 -1118
9820 -1100
9828 -1026
9830 -1007
9834 -967
9837 -936
9841 -893
9843 -871
9847 -825
9850 -788
9852 -763
9855 -723
9857 -695
9860 -651
9861 -636
9862 -620
9866 -552
9867 -534
9869 -496
9870 -475
9873 -410
9874 -385
9876 -329
9877 -298
9878 -261
9879 -220
9880 -171
9881 -99
9881 99
9880 171
9879 220
9878 261
9877 298
9876 329
9874 385
9873 410
9870 475
9869 496
9867 534
9866 552
9862 620
9861 636
9860 651
9857 695
9855 723
9852 763
9850 788
9847 825
9843 871
9841 893
9837 936
9834 967
9830 1007
9828 1026
9820 1100
9818 1118
9813 1161
9807 1211
9802 1251
9798 1282
9796 1297
9791 1334
9785 1377
9778 1426
9773 1460
9767 1500
9761 1537
9737 1684
9724 1757
9715 1806
9704 1864
9700 1885
9694 1916
9691 1931
9678 1995
9673 2019
9662 2071
9642 2162
9636 2189
9627 2228
9612 2292
9607 2313
9596 2358
9581 2418
9571 2457
9557 2511
9537 2586
9528 2619
9513 2673
9502 2712
9490 2754
9483 2778
9460 2855
9451 2885
9429 2956
9415 3000
9395 3062
9381 3104
9363 3157
9346 3207
9331 3251
9317 3292
9291 3365
9277 3403
9248 3481
9237 3510
9209 3583
9199 3609
9161 3704
9141 3753
9134 3770
9115 3816
9081 3896
9065 3933
9055 3956
9025 4024
9016 4044
8988 4106
8966 4154
8945 4199
8937 4216
8897 4300
8878 4339
8803 4489
8779 4536
8756 4580
8746 4599
8727 4635
8711 4665
8689 4706
8677 4728
8650 4777
8629 4815
8614 4842
8588 4888
8568 4923
8543 4966
8529 4990
8499 5041
8480 5073
8448 5126
8440 5139
8401 5202
8378 5239
8343 5295
8313 5342
8293 5373
8271 5407
8242 5451
8192 5526
8171 5557
8143 5598
8127 5621
8088 5677
8081 5687
8027 5763
7998 5803
7963 5851
7952 5866
7917 5913
7887 5953
7859 5990
7827 6032
7785 6086
7739 6144
7708 6183
7700 6193
7667 6234
7608 6306
7598 6318
7534 6394
7512 6420
7506 6427
7441 6502
7404 6544
7373 6579
7340 6616
7298 6662
7254 6710
7231 6735
7199 6769
7165 6805
7122 6850
7094 6879
7055 6919
6919 7055
6879 7094
6850 7122
6805 7165
6769 7199
6735 7231
6710 7254
6662 7298
6616 7340
6579 7373
6544 7404
6502 7441
6427 7506
6420 7512
6394 7534
6318 7598
6306 7608
6234 7667
6193 7700
6183 7708
6144 7739
6086 7785
6032 7827
5990 7859
5953 7887
5913 7917
5866 7952
5851 7963
5803 7998
5763 8027
5687 8081
5677 8088
5621 8127
5598 8143
5557 8171
5526 8192
5451 8242
5407 8271
5373 8293
5342 8313
5295 8343
5239 8378
5202 8401
5139 8440
5126 8448
5073 8480
5041 8499
4990 8529
4966 8543
4923 8568
4888 8588
4842 8614
4815 8629
4777 8650
4728 8677
4706 8689
4665 8711
4635 8727
4599 8746
4580 8756
4536 8779
4489 8803
4339 8878
4300 8897
4216 8937
4199 8945
4154 8966
4106 8988
4044 9016
4024 9025
3956 9055
3933 9065
3896 9081
3816 9115
3770 9134
3753 9141
3704 9161
3609 9199
3583 9209
3510 9237
3481 9248
3403 9277
3365 9291
3292 9317
3251 9331
3207 9346
3157 9363
3104 9381
3062 9395
3000 9415
2956 9429
2885 9451
2855 9460
2778 9483
2754 9490
2712 9502
2673 9513
2619 9528
2586 9537
2511 9557
2457 9571
2418 9581
2358 9596
2313 9607
2292 9612
2228 9627
2189 9636
2162 9642
2071 9662
2019 9673
1995 9678
1931 9691
1916 9694
1885 9700
1864 9704
1806 9715
1757 9724
1684 9737
1537 9761
1500 9767
1460 9773
1426 9778
1377 9785
1334 9791
1297 9796
1282 9798
1251 9802
1211 9807
1161 9813
1118 9818
1100 9820
1026 9828
1007 9830
967 9834
936 9837
893 9841
871 9843
825 9847
788 9850
763 9852
723 9855
695 9857
651 9860
636 9861
620 9862
552 9866
534 9867
496 9869
475 9870
410 9873
385 9874
329 9876
298 9877
261 9878
220 9879
171 9880
99 9881
-99 9881
-171 9880
-220 9879
-261 9878
-298 9877
-329 9876
-385 9874
-410 9873
-475 9870
-496 9869
-534 9867
-552 9866
-620 9862
-636 9861
-651 9860
-695 9857
-723 9855
-763 9852
-788 9850
-825 9847
-871 9843
-893 9841
-936 9837
-967 9834
-1007 9830
-1026 9828
-1100 9820
-1118 9818
-1161 9813
-1211 9807
-1251 9802
-1282 9798
-1297 9796
-1334 9791
-1377 9785
-1426 9778
-1460 9773
-1500 9767
-1537 9761
-1684 9737
-1757 9724
-1806 9715
-1864 9704
-1885 9700
-1916 9694
-1931 9691
-1995 9678
-2019 9673
-2071 9662
-2162 9642
-2189 9636
-2228 9627
-2292 9612
-2313 9607
-2358 9596
-2418 9581
-2457 9571
-2511 9557
-2586 9537
-2619 9528
-2673 9513
-2712 9502
-2754 9490
-2778 9483
-2855 9460
-2885 9451
-2956 9429
-3000 9415
-3062 9395
-3104 9381
-3157 9363
-3207 9346
-3251 9331
-3292 9317
-3365 9291
-3403 9277
-3481 9248
-3510 9237
-3583 9209
-3609 9199
-3704 9161
-3753 9141
-3770 9134
-3816 9115
-3896 9081
-3933 9065
-3956 9055
-4024 9025
-4044 9016
-4106 8988
-4154 8966
-4199 8945
-4216 8937
-4300 8897
-4339 8878
-4489 8803
-4536 8779
-4580 8756
-4599 8746
-4635 8727
-4665 8711
-4706 8689
-4728 8677
-4777 8650
-4815 8629
-4842 8614
-4888 8588
-4923 8568
-4966 8543
-4990 8529
-5041 8499
-5073 8480
-5126 8448
-5139 8440
-5202 8401
-5239 8378
-5295 8343
-5342 8313
-5373 8293
-5407 8271
-5451 8242
-5526 8192
-5557 8171
-5598 8143
-5621 8127
-5677 8088
-5687 8081
-5763 8027
-5803 7998
-5851 7963
-5866 7952
-5913 7917
-5953 7887
-5990 7859
-6032 7827
-6086 7785
-6144 7739
-6183 7708
-6193 7700
-6234 7667
-6306 7608
-6318 7598
-6394 7534
-6420 7512
-6427 7506
-6502 7441
-6544 7404
-6579 7373
-6616 7340
-6662 7298
-6710 7254
-6735 7231
-6769 7199
-6805 7165
-6850 7122
-6879 7094
-6919 7055
-7055 6919
-7094 6879
-7122 6850
-7165 6805
-7199 6769
-7231 6735
-7254 6710
-7298 6662
-7340 6616
-7373 6579
-7404 6544
-7441 6502
-7506 6427
-7512 6420
-7534 6394
-7598 6318
-7608 6306
-7667 6234
-7700 6193
-7708 6183
-7739 6144
-7785 6086
-7827 6032
-7859 5990
-7887 5953
-7917 5913
-7952 5866
-7963 5851
-7998 5803
-8027 5763
-8081 5687
-8088 5677
-8127 5621
-8143 5598
-8171 5557
-8192 5526
-8242 5451
-8271 5407
-8293 5373
-8313 5342
-8343 5295
-8378 5239
-8401 5202
-8440 5139
-8448 5126
-8480 5073
-8499 5041
-8529 4990
-8543 4966
-8568 4923
-8588 4888
-8614 4842
-8629 4815
-8650 4777
-8677 4728
-8689 4706
-8711 4665
-8727 4635
-8746 4599
-8756 4580
-8779 4536
-8803 4489
-8878 4339
-8897 4300
-8937 4216
-8945 4199
-8966 4154
-8988 4106
-9016 4044
-9025 4024
-9055 3956
-9065 3933
-9081 3896
-9115 3816
-9134 3770
-9141 3753
-9161 3704
-9199 3609
-9209 3583
-9237 3510
-9248 3481
-9277 3403
-9291 3365
-9317 3292
-9331 3251
-9346 3207
-9363 3157
-9381 3104
-9395 3062
-9415 3000
-9429 2956
-9451 2885
-9460 2855
-9483 2778
-9490 2754
-9502 2712
-9513 2673
-9528 2619
-9537 2586
-9557 2511
-9571 2457
-9581 2418
-9596 2358
-9607 2313
-9612 2292
-9627 2228
-9636 2189
-9642 2162
-9662 2071
-9673 2019
-9678 1995
-9691 1931
-9694 1916
-9700 1885
-9704 1864
-9715 1806
-9724 1757
-9737 1684
-9761 1537
-9767 1500
-9773 1460
-9778 1426
-9785 1377
-9791 1334
-9796 1297
-9798 1282
-9802 1251
-9807 1211
-9813 1161
-9818 1118
-9820 1100
-9828 1026
-9830 1007
-9834 967
-9837 936
-9841 893
-9843 871
-9847 825
-9850 788
-9852 763
-9855 723
-9857 695
-9860 651
-9861 636
-9862 620
-9866 552
-9867 534
-9869 496
-9870 475
-9873 410
-9874 385
-9876 329
-9877 298
-9878 261
-9879 220
-9880 171
-9881 99
-9881 -99
-9880 -171
-9879 -220
-9878 -261
-9877 -298
-9876 -329
-9874 -385
-9873 -410
-9870 -475
-9869 -496
-9867 -534
-9866 -552
-9862 -620
-9861 -636
-9860 -651
-9857 -695
-9855 -723
-9852 -763
-9850 -788
-9847 -825
-9843 -871
-9841 -893
-9837 -936
-9834 -967
-9830 -1007
-9828 -1026
-9820 -1100
-9818 -1118
-9813 -1161
-9807 -1211
-9802 -1251
-9798 -1282
-9796 -1297
-9791 -1334
-9785 -1377
-9778 -1426
-9773 -1460
-9767 -1500
-9761 -1537
-9737 -1684
-9724 -1757
-9715 -1806
-9704 -1864
-9700 -1885
-9694 -1916
-9691 -1931
-9678 -1995
-9673 -2019
-9662 -2071
-9642 -2162
-9636 -2189
-9627 -2228
-9612 -2292
-9607 -2313
-9596 -2358
-9581 -2418
-9571 -2457
-9557 -2511
-9537 -2586
-9528 -2619
-9513 -2673
-9502 -2712
-9490 -2754
-9483 -2778
-9460 -2855
-9451 -2885
-9429 -2956
-9415 -3000
-9395 -3062
-9381 -3104
-9363 -3157
-9346 -3207
-9331 -3251
-9317 -3292
-9291 -3365
-9277 -3403
-9248 -3481
-9237 -3510
-9209 -3583
-9199 -3609
-9161 -3704
-9141 -3753
-9134 -3770
-9115 -3816
-9081 -3896
-9065 -3933
-9055 -3956
-9025 -4024
-9016 -4044
-8988 -4106
-8966 -4154
-8945 -4199
-8937 -4216
-8897 -4300
-8878 -4339
-8803 -4489
-8779 -4536
-8756 -4580
-8746 -4599
-8727 -4635
-8711 -4665
-8689 -4706
-8677 -4728
-8650 -4777
-8629 -4815
-8614 -4842
-8588 -4888
-8568 -4923
-8543 -4966
-8529 -4990
-8499 -5041
-8480 -5073
-8448 -5126
-8440 -5139
-8401 -5202
-8378 -5239
-8343 -5295
-8313 -5342
-8293 -5373
-8271 -5407
-8242 -5451
-8192 -5526
-8171 -5557
-8143 -5598
-8127 -5621
-8088 -5677
-8081 -5687
-8027 -5763
-7998 -5803
-7963 -5851
-7952 -5866
-7917 -5913
-7887 -5953
-7859 -5990
-7827 -6032
-7785 -6086
-7739 -6144
-7708 -6183
-7700 -6193
-7667 -6234
-7608 -6306
-7598 -6318
-7534 -6394
-7512 -6420
-7506 -6427
-7441 -6502
-7404 -6544
-7373 -6579
-7340 -6616
-7298 -6662
-7254 -6710
-7231 -6735
-7199 -6769
-7165 -6805
-7122 -6850
-7094 -6879
-7055 -6919
-6919 -7055
-6879 -7094
-6850 -7122
-6805 -7165
-6769 -7199
-6735 -7231
-6710 -7254
-6662 -7298
-6616 -7340
-6579 -7373
-6544 -7404
-6502 -7441
-6427 -7506
-6420 -7512
-6394 -7534
-6318 -7598
-6306 -7608
-6234 -7667
-6193 -7700
-6183 -7708
-6144 -7739
-6086 -7785
-6032 -7827
-5990 -7859
-5953 -7887
-5913 -7917
-5866 -7952
-5851 -7963
-5803 -7998
-5763 -8027
-5687 -8081
-5677 -8088
-5621 -8127
-5598 -8143
-5557 -8171
-5526 -8192
-5451 -8242
-5407 -8271
-5373 -8293
-5342 -8313
-5295 -8343
-5239 -8378
-5202 -8401
-5139 -8440
-5126 -8448
-5073 -8480
-5041 -8499
-4990 -8529
-4966 -8543
-4923 -8568
-4888 -8588
-4842 -8614
-4815 -8629
-4777 -8650
-4728 -8677
-4706 -8689
-4665 -8711
-4635 -8727
-4599 -8746
-4580 -8756
-4536 -8779
-4489 -8803
-4339 -8878
-4300 -8897
-4216 -8937
-4199 -8945
-4154 -8966
-4106 -8988
-4044 -9016
-4024 -9025
-3956 -9055
-3933 -9065
-3896 -9081
-3816 -9115
-3770 -9134
-3753 -9141
-3704 -9161
-3609 -9199
-3583 -9209
-3510 -9237
-3481 -9248
-3403 -9277
-3365 -9291
-3292 -9317
-3251 -9331
-3207 -9346
-3157 -9363
-3104 -9381
-3062 -9395
-3000 -9415
-2956 -9429
-2885 -9451
-2855 -9460
-2778 -9483
-2754 -9490
-2712 -9502
-2673 -9513
-2619 -9528
-2586 -9537
-2511 -9557
-2457 -9571
-2418 -9581
-2358 -9596
-2313 -9607
-2292 -9612
-2228 -9627
-2189 -9636
-2162 -9642
-2071 -9662
-2019 -9673
-1995 -9678
-1931 -9691
-1916 -9694
-1885 -9700
-1864 -9704
-1806 -9715
-1757 -9724
-1684 -9737
-1537 -9761
-1500 -9767
-1460 -9773
-1426 -9778
-1377 -9785
-1334 -9791
-1297 -9796
-1282 -9798
-1251 -9802
-1211 -9807
-1161 -9813
-1118 -9818
-1100 -9820
-1026 -9828
-1007 -9830
-967 -9834
-936 -9837
-893 -9841
-871 -9843
-825 -9847
-788 -9850
-763 -9852
-723 -9855
-695 -9857
-651 -9860
-636 -9861
-620 -9862
-552 -9866
-534 -9867
-496 -9869
-475 -9870
-410 -9873
-385 -9874
-329 -9876
-298 -9877
-261 -9878
-220 -9879
-171 -9880
