1296
-25 -9909
25 -9909
143 -9908
199 -9907
243 -9906
280 -9905
314 -9904
345 -9903
398 -9901
445 -9899
467 -9898
507 -9896
526 -9895
563 -9893
597 -9891
613 -9890
675 -9886
731 -9882
784 -9878
808 -9876
867 -9871
911 -9867
932 -9865
994 -9859
1004 -9858
1032 -9855
1097 -9848
1124 -9845
1192 -9837
1233 -9832
1310 -9822
1325 -9820
1347 -9817
1390 -9811
1418 -9807
1452 -9802
1492 -9796
1544 -9788
1575 -9783
1618 -9776
1642 -9772
1700 -9762
1740 -9755
1768 -9750
1817 -9741
1854 -9734
1875 -9730
1906 -9724
1976 -9710
2034 -9698
2067 -9691
2095 -9685
2168 -9669
2177 -9667
2268 -9646
2289 -9641
2368 -9622
2416 -9610
2455 -9600
2509 -9586
2570 -9570
2585 -9566
2618 -9557
2690 -9537
2711 -9531
2824 -9498
2851 -9490
2881 -9481
2914 -9471
2997 -9445
3056 -9426
3089 -9415
3154 -9393
3210 -9374
3263 -9356
3307 -9341
3368 -9319
3412 -9303
3450 -9289
3482 -9277
3540 -9255
3561 -9247
3587 -9237
3610 -9228
3671 -9204
3723 -9183
3772 -9163
3818 -9144
3844 -9133
3924 -9099
3947 -9089
4004 -9064
4038 -9049
4078 -9031
4109 -9017
4174 -8987
4219 -8966
4253 -8950
4326 -8915
4379 -8889
4485 -8836
4532 -8812
4557 -8799
4601 -8776
4620 -8766
4656 -8747
4697 -8725
4763 -8689
4812 -8662
4850 -8641
4896 -8615
4931 -8595
4969 -8573
5012 -8548
5063 -8518
5103 -8494
5151 -8465
5164 -8457
5185 -8444
5214 -8426
5251 -8403
5315 -8363
5362 -8333
5396 -8311
5422 -8294
5495 -8246
5544 -8213
5575 -8192
5616 -8164
5652 -8139
5675 -8123
5708 -8100
5746 -8073
5774 -8053
5817 -8022
5877 -7978
5947 -7926
5987 -7896
6034 -7860
6056 -7843
6110 -7801
6142 -7776
6181 -7745
6186 -7741
6232 -7704
6302 -7647
6338 -7617
6400 -7565
6426 -7543
6433 -7537
6506 -7474
6553 -7433
6588 -7402
6646 -7350
6692 -7308
6717 -7285
6756 -7249
6772 -7234
6806 -7202
6824 -7185
6869 -7142
6907 -7105
6947 -7066
7066 -6947
7105 -6907
7142 -6869
7185 -6824
7202 -6806
7234 -6772
7249 -6756
7285 -6717
7308 -6692
7350 -6646
7402 -6588
7433 -6553
7474 -6506
7537 -6433
7543 -6426
7565 -6400
7617 -6338
7647 -6302
7704 -6232
7741 -6186
7745 -6181
7776 -6142
7801 -6110
7843 -6056
7860 -6034
7896 -5987
7926 -5947
7978 -5877
8022 -5817
8053 -5774
8073 -5746
8100 -5708
8123 -5675
8139 -5652
8164 -5616
8192 -5575
8213 -5544
8246 -5495
8294 -5422
8311 -5396
8333 -5362
8363 -5315
8403 -5251
8426 -5214
8444 -5185
8457 -5164
8465 -5151
8494 -5103
8518 -5063
8548 -5012
8573 -4969
8595 -4931
8615 -4896
8641 -4850
8662 -4812
8689 -4763
8725 -4697
8747 -4656
8766 -4620
8776 -4601
8799 -4557
8812 -4532
8836 -4485
8889 -4379
8915 -4326
8950 -4253
8966 -4219
8987 -4174
9017 -4109
9031 -4078
9049 -4038
9064 -4004
9089 -3947
9099 -3924
9133 -3844
9144 -3818
9163 -3772
9183 -3723
9204 -3671
9228 -3610
9237 -3587
9247 -3561
9255 -3540
9277 -3482
9289 -3450
9303 -3412
9319 -3368
9341 -3307
9356 -3263
9374 -3210
9393 -3154
9415 -3089
9426 -3056
9445 -2997
9471 -2914
9481 -2881
9490 -2851
9498 -2824
9531 -2711
9537 -2690
9557 -2618
9566 -2585
9570 -2570
9586 -2509
9600 -2455
9610 -2416
9622 -2368
9641 -2289
9646 -2268
9667 -2177
9669 -2168
9685 -2095
9691 -2067
9698 -2034
9710 -1976
9724 -1906
9730 -1875
9734 -1854
9741 -1817
9750 -1768
9755 -1740
9762 -1700
9772 -1642
9776 -1618
9783 -1575
9788 -1544
9796 -1492
9802 -1452
9807 -1418
9811 -1390
9817 -1347
9820 -1325
9822 -1310
9832 -1233
9837 -1192
9845 -1124
9848 -1097
9855 -1032
9858 -1004
9859 -994
9865 -932
9867 -911
9871 -867
9876 -808
9878 -784
9882 -731
9886 -675
9890 -613
9891 -597
9893 -563
9895 -526
9896 -507
9898 -467
9899 -445
9901 -398
9903 -345
9904 -314
9905 -280
9906 -243
9907 -199
9908 -143
9909 -25
9909 25
9908 143
9907 199
9906 243
9905 280
9904 314
9903 345
9901 398
9899 445
9898 467
9896 507
9895 526
9893 563
9891 597
9890 613
9886 675
9882 731
9878 784
9876 808
9871 867
9867 911
9865 932
9859 994
9858 1004
9855 1032
9848 1097
9845 1124
9837 1192
9832 1233
9822 1310
9820 1325
9817 1347
9811 1390
9807 1418
9802 1452
9796 1492
9788 1544
9783 1575
9776 1618
9772 1642
9762 1700
9755 1740
9750 1768
9741 1817
9734 1854
9730 1875
9724 1906
9710 1976
9698 2034
9691 2067
9685 2095
9669 2168
9667 2177
9646 2268
9641 2289
9622 2368
9610 2416
9600 2455
9586 2509
9570 2570
9566 2585
9557 2618
9537 2690
9531 2711
9498 2824
9490 2851
9481 2881
9471 2914
9445 2997
9426 3056
9415 3089
9393 3154
9374 3210
9356 3263
9341 3307
9319 3368
9303 3412
9289 3450
9277 3482
9255 3540
9247 3561
9237 3587
9228 3610
9204 3671
9183 3723
9163 3772
9144 3818
9133 3844
9099 3924
9089 3947
9064 4004
9049 4038
9031 4078
9017 4109
8987 4174
8966 4219
8950 4253
8915 4326
8889 4379
8836 4485
8812 4532
8799 4557
8776 4601
8766 4620
8747 4656
8725 4697
8689 4763
8662 4812
8641 4850
8615 4896
8595 4931
8573 4969
8548 5012
8518 5063
8494 5103
8465 5151
8457 5164
8444 5185
8426 5214
8403 5251
8363 5315
8333 5362
8311 5396
8294 5422
8246 5495
8213 5544
8192 5575
8164 5616
8139 5652
8123 5675
8100 5708
8073 5746
8053 5774
8022 5817
7978 5877
7926 5947
7896 5987
7860 6034
7843 6056
7801 6110
7776 6142
7745 6181
7741 6186
7704 6232
7647 6302
7617 6338
7565 6400
7543 6426
7537 6433
7474 6506
7433 6553
7402 6588
7350 6646
7308 6692
7285 6717
7249 6756
7234 6772
7202 6806
7185 6824
7142 6869
7105 6907
7066 6947
6947 7066
6907 7105
6869 7142
6824 7185
6806 7202
6772 7234
6756 7249
6717 7285
6692 7308
6646 7350
6588 7402
6553 7433
6506 7474
6433 7537
6426 7543
6400 7565
6338 7617
6302 7647
6232 7704
6186 7741
6181 7745
6142 7776
6110 7801
6056 7843
6034 7860
5987 7896
5947 7926
5877 7978
5817 8022
5774 8053
5746 8073
5708 8100
5675 8123
5652 8139
5616 8164
5575 8192
5544 8213
5495 8246
5422 8294
5396 8311
5362 8333
5315 8363
5251 8403
5214 8426
5185 8444
5164 8457
5151 8465
5103 8494
5063 8518
5012 8548
4969 8573
4931 8595
4896 8615
4850 8641
4812 8662
4763 8689
4697 8725
4656 8747
4620 8766
4601 8776
4557 8799
4532 8812
4485 8836
4379 8889
4326 8915
4253 8950
4219 8966
4174 8987
4109 9017
4078 9031
4038 9049
4004 9064
3947 9089
3924 9099
3844 9133
3818 9144
3772 9163
3723 9183
3671 9204
3610 9228
3587 9237
3561 9247
3540 9255
3482 9277
3450 9289
3412 9303
3368 9319
3307 9341
3263 9356
3210 9374
3154 9393
3089 9415
3056 9426
2997 9445
2914 9471
2881 9481
2851 9490
2824 9498
2711 9531
2690 9537
2618 9557
2585 9566
2570 9570
2509 9586
2455 9600
2416 9610
2368 9622
2289 9641
2268 9646
2177 9667
2168 9669
2095 9685
2067 9691
2034 9698
1976 9710
1906 9724
1875 9730
1854 9734
1817 9741
1768 9750
1740 9755
1700 9762
1642 9772
1618 9776
1575 9783
1544 9788
1492 9796
1452 9802
1418 9807
1390 9811
1347 9817
1325 9820
1310 9822
1233 9832
1192 9837
1124 9845
1097 9848
1032 9855
1004 9858
994 9859
932 9865
911 9867
867 9871
808 9876
784 9878
731 9882
675 9886
613 9890
597 9891
563 9893
526 9895
507 9896
467 9898
445 9899
398 9901
345 9903
314 9904
280 9905
243 9906
199 9907
143 9908
25 9909
-25 9909
-143 9908
-199 9907
-243 9906
-280 9905
-314 9904
-345 9903
-398 9901
-445 9899
-467 9898
-507 9896
-526 9895
-563 9893
-597 9891
-613 9890
-675 9886
-731 9882
-784 9878
-808 9876
-867 9871
-911 9867
-932 9865
-994 9859
-1004 9858
-1032 9855
-1097 9848
-1124 9845
-1192 9837
-1233 9832
-1310 9822
-1325 9820
-1347 9817
-1390 9811
-1418 9807
-1452 9802
-1492 9796
-1544 9788
-1575 9783
-1618 9776
-1642 9772
-1700 9762
-1740 9755
-1768 9750
-1817 9741
-1854 9734
-1875 9730
-1906 9724
-1976 9710
-2034 9698
-2067 9691
-2095 9685
-2168 9669
-2177 9667
-2268 9646
-2289 9641
-2368 9622
-2416 9610
-2455 9600
-2509 9586
-2570 9570
-2585 9566
-2618 9557
-2690 9537
-2711 9531
-2824 9498
-2851 9490
-2881 9481
-2914 9471
-2997 9445
-3056 9426
-3089 9415
-3154 9393
-3210 9374
-3263 9356
-3307 9341
-3368 9319
-3412 9303
-3450 9289
-3482 9277
-3540 9255
-3561 9247
-3587 9237
-3610 9228
-3671 9204
-3723 9183
-3772 9163
-3818 9144
-3844 9133
-3924 9099
-3947 9089
-4004 9064
-4038 9049
-4078 9031
-4109 9017
-4174 8987
-4219 8966
-4253 8950
-4326 8915
-4379 8889
-4485 8836
-4532 8812
-4557 8799
-4601 8776
-4620 8766
-4656 8747
-4697 8725
-4763 8689
-4812 8662
-4850 8641
-4896 8615
-4931 8595
-4969 8573
-5012 8548
-5063 8518
-5103 8494
-5151 8465
-5164 8457
-5185 8444
-5214 8426
-5251 8403
-5315 8363
-5362 8333
-5396 8311
-5422 8294
-5495 8246
-5544 8213
-5575 8192
-5616 8164
-5652 8139
-5675 8123
-5708 8100
-5746 8073
-5774 8053
-5817 8022
-5877 7978
-5947 7926
-5987 7896
-6034 7860
-6056 7843
-6110 7801
-6142 7776
-6181 7745
-6186 7741
-6232 7704
-6302 7647
-6338 7617
-6400 7565
-6426 7543
-6433 7537
-6506 7474
-6553 7433
-6588 7402
-6646 7350
-6692 7308
-6717 7285
-6756 7249
-6772 7234
-6806 7202
-6824 7185
-6869 7142
-6907 7105
-6947 7066
-7066 6947
-7105 6907
-7142 6869
-7185 6824
-7202 6806
-7234 6772
-7249 6756
-7285 6717
-7308 6692
-7350 6646
-7402 6588
-7433 6553
-7474 6506
-7537 6433
-7543 6426
-7565 6400
-7617 6338
-7647 6302
-7704 6232
-7741 6186
-7745 6181
-7776 6142
-7801 6110
-7843 6056
-7860 6034
-7896 5987
-7926 5947
-7978 5877
-8022 5817
-8053 5774
-8073 5746
-8100 5708
-8123 5675
-8139 5652
-8164 5616
-8192 5575
-8213 5544
-8246 5495
-8294 5422
-8311 5396
-8333 5362
-8363 5315
-8403 5251
-8426 5214
-8444 5185
-8457 5164
-8465 5151
-8494 5103
-8518 5063
-8548 5012
-8573 4969
-8595 4931
-8615 4896
-8641 4850
-8662 4812
-8689 4763
-8725 4697
-8747 4656
-8766 4620
-8776 4601
-8799 4557
-8812 4532
-8836 4485
-8889 4379
-8915 4326
-8950 4253
-8966 4219
-8987 4174
-9017 4109
-9031 4078
-9049 4038
-9064 4004
-9089 3947
-9099 3924
-9133 3844
-9144 3818
-9163 3772
-9183 3723
-9204 3671
-9228 3610
-9237 3587
-9247 3561
-9255 3540
-9277 3482
-9289 3450
-9303 3412
-9319 3368
-9341 3307
-9356 3263
-9374 3210
-9393 3154
-9415 3089
-9426 3056
-9445 2997
-9471 2914
-9481 2881
-9490 2851
-9498 2824
-9531 2711
-9537 2690
-9557 2618
-9566 2585
-9570 2570
-9586 2509
-9600 2455
-9610 2416
-9622 2368
-9641 2289
-9646 2268
-9667 2177
-9669 2168
-9685 2095
-9691 2067
-9698 2034
-9710 1976
-9724 1906
-9730 1875
-9734 1854
-9741 1817
-9750 1768
-9755 1740
-9762 1700
-9772 1642
-9776 1618
-9783 1575
-9788 1544
-9796 1492
-9802 1452
-9807 1418
-9811 1390
-9817 1347
-9820 1325
-9822 1310
-9832 1233
-9837 1192
-9845 1124
-9848 1097
-9855 1032
-9858 1004
-9859 994
-9865 932
-9867 911
-9871 867
-9876 808
-9878 784
-9882 731
-9886 675
-9890 613
-9891 597
-9893 563
-9895 526
-9896 507
-9898 467
-9899 445
-9901 398
-9903 345
-9904 314
-9905 280
-9906 243
-9907 199
-9908 143
-9909 25
-9909 -25
-9908 -143
-9907 -199
-9906 -243
-9905 -280
-9904 -314
-9903 -345
-9901 -398
-9899 -445
-9898 -467
-9896 -507
-9895 -526
-9893 -563
-9891 -597
-9890 -613
-9886 -675
-9882 -731
-9878 -784
-9876 -808
-9871 -867
-9867 -911
-9865 -932
-9859 -994
-9858 -1004
-9855 -1032
-9848 -1097
-9845 -1124
-9837 -1192
-9832 -1233
-9822 -1310
-9820 -1325
-9817 -1347
-9811 -1390
-9807 -1418
-9802 -1452
-9796 -1492
-9788 -1544
-9783 -1575
-9776 -1618
-9772 -1642
-9762 -1700
-9755 -1740
-9750 -1768
-9741 -1817
-9734 -1854
-9730 -1875
-9724 -1906
-9710 -1976
-9698 -2034
-9691 -2067
-9685 -2095
-9669 -2168
-9667 -2177
-9646 -2268
-9641 -2289
-9622 -2368
-9610 -2416
-9600 -2455
-9586 -2509
-9570 -2570
-9566 -2585
-9557 -2618
-9537 -2690
-9531 -2711
-9498 -2824
-9490 -2851
-9481 -2881
-9471 -2914
-9445 -2997
-9426 -3056
-9415 -3089
-9393 -3154
-9374 -3210
-9356 -3263
-9341 -3307
-9319 -3368
-9303 -3412
-9289 -3450
-9277 -3482
-9255 -3540
-9247 -3561
-9237 -3587
-9228 -3610
-9204 -3671
-9183 -3723
-9163 -3772
-9144 -3818
-9133 -3844
-9099 -3924
-9089 -3947
-9064 -4004
-9049 -4038
-9031 -4078
-9017 -4109
-8987 -4174
-8966 -4219
-8950 -4253
-8915 -4326
-8889 -4379
-8836 -4485
-8812 -4532
-8799 -4557
-8776 -4601
-8766 -4620
-8747 -4656
-8725 -4697
-8689 -4763
-8662 -4812
-8641 -4850
-8615 -4896
-8595 -4931
-8573 -4969
-8548 -5012
-8518 -5063
-8494 -5103
-8465 -5151
-8457 -5164
-8444 -5185
-8426 -5214
-8403 -5251
-8363 -5315
-8333 -5362
-8311 -5396
-8294 -5422
-8246 -5495
-8213 -5544
-8192 -5575
-8164 -5616
-8139 -5652
-8123 -5675
-8100 -5708
-8073 -5746
-8053 -5774
-8022 -5817
-7978 -5877
-7926 -5947
-7896 -5987
-7860 -6034
-7843 -6056
-7801 -6110
-7776 -6142
-7745 -6181
-7741 -6186
-7704 -6232
-7647 -6302
-7617 -6338
-7565 -6400
-7543 -6426
-7537 -6433
-7474 -6506
-7433 -6553
-7402 -6588
-7350 -6646
-7308 -6692
-7285 -6717
-7249 -6756
-7234 -6772
-7202 -6806
-7185 -6824
-7142 -6869
-7105 -6907
-7066 -6947
-6947 -7066
-6907 -7105
-6869 -7142
-6824 -7185
-6806 -7202
-6772 -7234
-6756 -7249
-6717 -7285
-6692 -7308
-6646 -7350
-6588 -7402
-6553 -7433
-6506 -7474
-6433 -7537
-6426 -7543
-6400 -7565
-6338 -7617
-6302 -7647
-6232 -7704
-6186 -7741
-6181 -7745
-6142 -7776
-6110 -7801
-6056 -7843
-6034 -7860
-5987 -7896
-5947 -7926
-5877 -7978
-5817 -8022
-5774 -8053
-5746 -8073
-5708 -8100
-5675 -8123
-5652 -8139
-5616 -8164
-5575 -8192
-5544 -8213
-5495 -8246
-5422 -8294
-5396 -8311
-5362 -8333
-5315 -8363
-5251 -8403
-5214 -8426
-5185 -8444
-5164 -8457
-5151 -8465
-5103 -8494
-5063 -8518
-5012 -8548
-4969 -8573
-4931 -8595
-4896 -8615
-4850 -8641
-4812 -8662
-4763 -8689
-4697 -8725
-4656 -8747
-4620 -8766
-4601 -8776
-4557 -8799
-4532 -8812
-4485 -8836
-4379 -8889
-4326 -8915
-4253 -8950
-4219 -8966
-4174 -8987
-4109 -9017
-4078 -9031
-4038 -9049
-4004 -9064
-3947 -9089
-3924 -9099
-3844 -9133
-3818 -9144
-3772 -9163
-3723 -9183
-3671 -9204
-3610 -9228
-3587 -9237
-3561 -9247
-3540 -9255
-3482 -9277
-3450 -9289
-3412 -9303
-3368 -9319
-3307 -9341
-3263 -9356
-3210 -9374
-3154 -9393
-3089 -9415
-3056 -9426
-2997 -9445
-2914 -9471
-2881 -9481
-2851 -9490
-2824 -9498
-2711 -9531
-2690 -9537
-2618 -9557
-2585 -9566
-2570 -9570
-2509 -9586
-2455 -9600
-2416 -9610
-2368 -9622
-2289 -9641
-2268 -9646
-2177 -9667
-2168 -9669
-2095 -9685
-2067 -9691
-2034 -9698
-1976 -9710
-1906 -9724
-1875 -9730
-1854 -9734
-1817 -9741
-1768 -9750
-1740 -9755
-1700 -9762
-1642 -9772
-1618 -9776
-1575 -9783
-1544 -9788
-1492 -9796
-1452 -9802
-1418 -9807
-1390 -9811
-1347 -9817
-1325 -9820
-1310 -9822
-1233 -9832
-1192 -9837
-1124 -9845
-1097 -9848
-1032 -9855
-1004 -9858
-994 -9859
-932 -9865
-911 -9867
-867 -9871
-808 -9876
-784 -9878
-731 -9882
-675 -9886
-613 -9890
-597 -9891
-563 -9893
-526 -9895
-507 -9896
-467 -9898
-445 -9899
-398 -9901
-345 -9903
-314 -9904
-280 -9905
-243 -9906
-199 -9907
-143 -9908
