2056
-16 -7395
16 -7395
45 -7394
73 -7393
100 -7392
126 -7391
151 -7390
175 -7389
198 -7388
220 -7387
241 -7386
261 -7385
280 -7384
298 -7383
315 -7382
331 -7381
346 -7380
375 -7378
389 -7377
416 -7375
429 -7374
454 -7372
466 -7371
489 -7369
500 -7368
521 -7366
531 -7365
560 -7362
579 -7360
607 -7357
616 -7356
642 -7353
659 -7351
684 -7348
692 -7347
715 -7344
730 -7342
752 -7339
781 -7335
788 -7334
815 -7330
835 -7327
848 -7325
867 -7322
892 -7318
898 -7317
927 -7312
950 -7308
967 -7305
995 -7300
1006 -7298
1033 -7293
1049 -7290
1070 -7286
1096 -7281
1101 -7280
1130 -7274
1154 -7269
1173 -7265
1187 -7262
1210 -7257
1219 -7255
1241 -7250
1254 -7247
1271 -7243
1292 -7238
1317 -7232
1346 -7225
1350 -7224
1377 -7217
1400 -7211
1419 -7206
1434 -7202
1460 -7195
1471 -7192
1500 -7184
1518 -7179
1543 -7172
1550 -7170
1574 -7163
1591 -7158
1618 -7150
1628 -7147
1651 -7140
1664 -7136
1693 -7127
1709 -7122
1728 -7116
1750 -7109
1775 -7101
1803 -7092
1806 -7091
1835 -7081
1861 -7072
1884 -7064
1904 -7057
1921 -7051
1935 -7046
1960 -7037
1971 -7033
1990 -7026
2017 -7016
2025 -7013
2054 -7002
2075 -6994
2088 -6989
2106 -6982
2129 -6973
2157 -6962
2162 -6960
2189 -6949
2211 -6940
2228 -6933
2257 -6921
2269 -6916
2288 -6908
2314 -6897
2321 -6894
2344 -6884
2360 -6877
2385 -6866
2394 -6862
2423 -6849
2443 -6840
2454 -6835
2478 -6824
2491 -6818
2519 -6805
2534 -6798
2551 -6790
2570 -6781
2591 -6771
2614 -6760
2639 -6748
2666 -6735
2695 -6721
2697 -6720
2726 -6705
2753 -6691
2778 -6678
2801 -6666
2822 -6655
2841 -6645
2858 -6636
2873 -6628
2901 -6613
2914 -6606
2938 -6593
2949 -6587
2969 -6576
2978 -6571
3003 -6557
3019 -6548
3042 -6535
3049 -6531
3075 -6516
3094 -6505
3106 -6498
3123 -6488
3145 -6475
3172 -6459
3177 -6456
3205 -6439
3228 -6425
3246 -6414
3259 -6406
3280 -6393
3288 -6388
3315 -6371
3334 -6359
3345 -6352
3370 -6336
3384 -6327
3401 -6316
3421 -6303
3444 -6288
3470 -6271
3473 -6269
3501 -6250
3526 -6233
3548 -6218
3567 -6205
3583 -6194
3596 -6185
3619 -6169
3629 -6162
3656 -6143
3673 -6131
3697 -6114
3704 -6109
3729 -6091
3747 -6078
3758 -6070
3784 -6051
3799 -6040
3818 -6026
3841 -6009
3868 -5989
3872 -5986
3897 -5967
3918 -5951
3935 -5938
3948 -5928
3970 -5911
3979 -5904
4002 -5886
4016 -5875
4035 -5860
4059 -5841
4064 -5837
4090 -5816
4111 -5799
4127 -5786
4154 -5764
4165 -5755
4193 -5732
4210 -5718
4233 -5699
4239 -5694
4264 -5673
4283 -5657
4296 -5646
4316 -5629
4343 -5606
4350 -5600
4372 -5581
4387 -5568
4410 -5548
4418 -5541
4443 -5519
4460 -5504
4486 -5481
4495 -5473
4523 -5448
4542 -5431
4552 -5422
4573 -5403
4584 -5393
4607 -5372
4619 -5361
4644 -5338
4657 -5326
4684 -5301
4698 -5288
4713 -5274
4729 -5259
4746 -5243
4764 -5226
4783 -5208
4803 -5189
4824 -5169
4846 -5148
4869 -5126
4893 -5103
4918 -5079
4944 -5054
4971 -5028
4999 -5001
5001 -4999
5028 -4971
5054 -4944
5079 -4918
5103 -4893
5126 -4869
5148 -4846
5169 -4824
5189 -4803
5208 -4783
5226 -4764
5243 -4746
5259 -4729
5274 -4713
5288 -4698
5301 -4684
5326 -4657
5338 -4644
5361 -4619
5372 -4607
5393 -4584
5403 -4573
5422 -4552
5431 -4542
5448 -4523
5473 -4495
5481 -4486
5504 -4460
5519 -4443
5541 -4418
5548 -4410
5568 -4387
5581 -4372
5600 -4350
5606 -4343
5629 -4316
5646 -4296
5657 -4283
5673 -4264
5694 -4239
5699 -4233
5718 -4210
5732 -4193
5755 -4165
5764 -4154
5786 -4127
5799 -4111
5816 -4090
5837 -4064
5841 -4059
5860 -4035
5875 -4016
5886 -4002
5904 -3979
5911 -3970
5928 -3948
5938 -3935
5951 -3918
5967 -3897
5986 -3872
5989 -3868
6009 -3841
6026 -3818
6040 -3799
6051 -3784
6070 -3758
6078 -3747
6091 -3729
6109 -3704
6114 -3697
6131 -3673
6143 -3656
6162 -3629
6169 -3619
6185 -3596
6194 -3583
6205 -3567
6218 -3548
6233 -3526
6250 -3501
6269 -3473
6271 -3470
6288 -3444
6303 -3421
6316 -3401
6327 -3384
6336 -3370
6352 -3345
6359 -3334
6371 -3315
6388 -3288
6393 -3280
6406 -3259
6414 -3246
6425 -3228
6439 -3205
6456 -3177
6459 -3172
6475 -3145
6488 -3123
6498 -3106
6505 -3094
6516 -3075
6531 -3049
6535 -3042
6548 -3019
6557 -3003
6571 -2978
6576 -2969
6587 -2949
6593 -2938
6606 -2914
6613 -2901
6628 -2873
6636 -2858
6645 -2841
6655 -2822
6666 -2801
6678 -2778
6691 -2753
6705 -2726
6720 -2697
6721 -2695
6735 -2666
6748 -2639
6760 -2614
6771 -2591
6781 -2570
6790 -2551
6798 -2534
6805 -2519
6818 -2491
6824 -2478
6835 -2454
6840 -2443
6849 -2423
6862 -2394
6866 -2385
6877 -2360
6884 -2344
6894 -2321
6897 -2314
6908 -2288
6916 -2269
6921 -2257
6933 -2228
6940 -2211
6949 -2189
6960 -2162
6962 -2157
6973 -2129
6982 -2106
6989 -2088
6994 -2075
7002 -2054
7013 -2025
7016 -2017
7026 -1990
7033 -1971
7037 -1960
7046 -1935
7051 -1921
7057 -1904
7064 -1884
7072 -1861
7081 -1835
7091 -1806
7092 -1803
7101 -1775
7109 -1750
7116 -1728
7122 -1709
7127 -1693
7136 -1664
7140 -1651
7147 -1628
7150 -1618
7158 -1591
7163 -1574
7170 -1550
7172 -1543
7179 -1518
7184 -1500
7192 -1471
7195 -1460
7202 -1434
7206 -1419
7211 -1400
7217 -1377
7224 -1350
7225 -1346
7232 -1317
7238 -1292
7243 -1271
7247 -1254
7250 -1241
7255 -1219
7257 -1210
7262 -1187
7265 -1173
7269 -1154
7274 -1130
7280 -1101
7281 -1096
7286 -1070
7290 -1049
7293 -1033
7298 -1006
7300 -995
7305 -967
7308 -950
7312 -927
7317 -898
7318 -892
7322 -867
7325 -848
7327 -835
7330 -815
7334 -788
7335 -781
7339 -752
7342 -730
7344 -715
7347 -692
7348 -684
7351 -659
7353 -642
7356 -616
7357 -607
7360 -579
7362 -560
7365 -531
7366 -521
7368 -500
7369 -489
7371 -466
7372 -454
7374 -429
7375 -416
7377 -389
7378 -375
7380 -346
7381 -331
7382 -315
7383 -298
7384 -280
7385 -261
7386 -241
7387 -220
7388 -198
7389 -175
7390 -151
7391 -126
7392 -100
7393 -73
7394 -45
7395 -16
7395 16
7394 45
7393 73
7392 100
7391 126
7390 151
7389 175
7388 198
7387 220
7386 241
7385 261
7384 280
7383 298
7382 315
7381 331
7380 346
7378 375
7377 389
7375 416
7374 429
7372 454
7371 466
7369 489
7368 500
7366 521
7365 531
7362 560
7360 579
7357 607
7356 616
7353 642
7351 659
7348 684
7347 692
7344 715
7342 730
7339 752
7335 781
7334 788
7330 815
7327 835
7325 848
7322 867
7318 892
7317 898
7312 927
7308 950
7305 967
7300 995
7298 1006
7293 1033
7290 1049
7286 1070
7281 1096
7280 1101
7274 1130
7269 1154
7265 1173
7262 1187
7257 1210
7255 1219
7250 1241
7247 1254
7243 1271
7238 1292
7232 1317
7225 1346
7224 1350
7217 1377
7211 1400
7206 1419
7202 1434
7195 1460
7192 1471
7184 1500
7179 1518
7172 1543
7170 1550
7163 1574
7158 1591
7150 1618
7147 1628
7140 1651
7136 1664
7127 1693
7122 1709
7116 1728
7109 1750
7101 1775
7092 1803
7091 1806
7081 1835
7072 1861
7064 1884
7057 1904
7051 1921
7046 1935
7037 1960
7033 1971
7026 1990
7016 2017
7013 2025
7002 2054
6994 2075
6989 2088
6982 2106
6973 2129
6962 2157
6960 2162
6949 2189
6940 2211
6933 2228
6921 2257
6916 2269
6908 2288
6897 2314
6894 2321
6884 2344
6877 2360
6866 2385
6862 2394
6849 2423
6840 2443
6835 2454
6824 2478
6818 2491
6805 2519
6798 2534
6790 2551
6781 2570
6771 2591
6760 2614
6748 2639
6735 2666
6721 2695
6720 2697
6705 2726
6691 2753
6678 2778
6666 2801
6655 2822
6645 2841
6636 2858
6628 2873
6613 2901
6606 2914
6593 2938
6587 2949
6576 2969
6571 2978
6557 3003
6548 3019
6535 3042
6531 3049
6516 3075
6505 3094
6498 3106
6488 3123
6475 3145
6459 3172
6456 3177
6439 3205
6425 3228
6414 3246
6406 3259
6393 3280
6388 3288
6371 3315
6359 3334
6352 3345
6336 3370
6327 3384
6316 3401
6303 3421
6288 3444
6271 3470
6269 3473
6250 3501
6233 3526
6218 3548
6205 3567
6194 3583
6185 3596
6169 3619
6162 3629
6143 3656
6131 3673
6114 3697
6109 3704
6091 3729
6078 3747
6070 3758
6051 3784
6040 3799
6026 3818
6009 3841
5989 3868
5986 3872
5967 3897
5951 3918
5938 3935
5928 3948
5911 3970
5904 3979
5886 4002
5875 4016
5860 4035
5841 4059
5837 4064
5816 4090
5799 4111
5786 4127
5764 4154
5755 4165
5732 4193
5718 4210
5699 4233
5694 4239
5673 4264
5657 4283
5646 4296
5629 4316
5606 4343
5600 4350
5581 4372
5568 4387
5548 4410
5541 4418
5519 4443
5504 4460
5481 4486
5473 4495
5448 4523
5431 4542
5422 4552
5403 4573
5393 4584
5372 4607
5361 4619
5338 4644
5326 4657
5301 4684
5288 4698
5274 4713
5259 4729
5243 4746
5226 4764
5208 4783
5189 4803
5169 4824
5148 4846
5126 4869
5103 4893
5079 4918
5054 4944
5028 4971
5001 4999
4999 5001
4971 5028
4944 5054
4918 5079
4893 5103
4869 5126
4846 5148
4824 5169
4803 5189
4783 5208
4764 5226
4746 5243
4729 5259
4713 5274
4698 5288
4684 5301
4657 5326
4644 5338
4619 5361
4607 5372
4584 5393
4573 5403
4552 5422
4542 5431
4523 5448
4495 5473
4486 5481
4460 5504
4443 5519
4418 5541
4410 5548
4387 5568
4372 5581
4350 5600
4343 5606
4316 5629
4296 5646
4283 5657
4264 5673
4239 5694
4233 5699
4210 5718
4193 5732
4165 5755
4154 5764
4127 5786
4111 5799
4090 5816
4064 5837
4059 5841
4035 5860
4016 5875
4002 5886
3979 5904
3970 5911
3948 5928
3935 5938
3918 5951
3897 5967
3872 5986
3868 5989
3841 6009
3818 6026
3799 6040
3784 6051
3758 6070
3747 6078
3729 6091
3704 6109
3697 6114
3673 6131
3656 6143
3629 6162
3619 6169
3596 6185
3583 6194
3567 6205
3548 6218
3526 6233
3501 6250
3473 6269
3470 6271
3444 6288
3421 6303
3401 6316
3384 6327
3370 6336
3345 6352
3334 6359
3315 6371
3288 6388
3280 6393
3259 6406
3246 6414
3228 6425
3205 6439
3177 6456
3172 6459
3145 6475
3123 6488
3106 6498
3094 6505
3075 6516
3049 6531
3042 6535
3019 6548
3003 6557
2978 6571
2969 6576
2949 6587
2938 6593
2914 6606
2901 6613
2873 6628
2858 6636
2841 6645
2822 6655
2801 6666
2778 6678
2753 6691
2726 6705
2697 6720
2695 6721
2666 6735
2639 6748
2614 6760
2591 6771
2570 6781
2551 6790
2534 6798
2519 6805
2491 6818
2478 6824
2454 6835
2443 6840
2423 6849
2394 6862
2385 6866
2360 6877
2344 6884
2321 6894
2314 6897
2288 6908
2269 6916
2257 6921
2228 6933
2211 6940
2189 6949
2162 6960
2157 6962
2129 6973
2106 6982
2088 6989
2075 6994
2054 7002
2025 7013
2017 7016
1990 7026
1971 7033
1960 7037
1935 7046
1921 7051
1904 7057
1884 7064
1861 7072
1835 7081
1806 7091
1803 7092
1775 7101
1750 7109
1728 7116
1709 7122
1693 7127
1664 7136
1651 7140
1628 7147
1618 7150
1591 7158
1574 7163
1550 7170
1543 7172
1518 7179
1500 7184
1471 7192
1460 7195
1434 7202
1419 7206
1400 7211
1377 7217
1350 7224
1346 7225
1317 7232
1292 7238
1271 7243
1254 7247
1241 7250
1219 7255
1210 7257
1187 7262
1173 7265
1154 7269
1130 7274
1101 7280
1096 7281
1070 7286
1049 7290
1033 7293
1006 7298
995 7300
967 7305
950 7308
927 7312
898 7317
892 7318
867 7322
848 7325
835 7327
815 7330
788 7334
781 7335
752 7339
730 7342
715 7344
692 7347
684 7348
659 7351
642 7353
616 7356
607 7357
579 7360
560 7362
531 7365
521 7366
500 7368
489 7369
466 7371
454 7372
429 7374
416 7375
389 7377
375 7378
346 7380
331 7381
315 7382
298 7383
280 7384
261 7385
241 7386
220 7387
198 7388
175 7389
151 7390
126 7391
100 7392
73 7393
45 7394
16 7395
-16 7395
-45 7394
-73 7393
-100 7392
-126 7391
-151 7390
-175 7389
-198 7388
-220 7387
-241 7386
-261 7385
-280 7384
-298 7383
-315 7382
-331 7381
-346 7380
-375 7378
-389 7377
-416 7375
-429 7374
-454 7372
-466 7371
-489 7369
-500 7368
-521 7366
-531 7365
-560 7362
-579 7360
-607 7357
-616 7356
-642 7353
-659 7351
-684 7348
-692 7347
-715 7344
-730 7342
-752 7339
-781 7335
-788 7334
-815 7330
-835 7327
-848 7325
-867 7322
-892 7318
-898 7317
-927 7312
-950 7308
-967 7305
-995 7300
-1006 7298
-1033 7293
-1049 7290
-1070 7286
-1096 7281
-1101 7280
-1130 7274
-1154 7269
-1173 7265
-1187 7262
-1210 7257
-1219 7255
-1241 7250
-1254 7247
-1271 7243
-1292 7238
-1317 7232
-1346 7225
-1350 7224
-1377 7217
-1400 7211
-1419 7206
-1434 7202
-1460 7195
-1471 7192
-1500 7184
-1518 7179
-1543 7172
-1550 7170
-1574 7163
-1591 7158
-1618 7150
-1628 7147
-1651 7140
-1664 7136
-1693 7127
-1709 7122
-1728 7116
-1750 7109
-1775 7101
-1803 7092
-1806 7091
-1835 7081
-1861 7072
-1884 7064
-1904 7057
-1921 7051
-1935 7046
-1960 7037
-1971 7033
-1990 7026
-2017 7016
-2025 7013
-2054 7002
-2075 6994
-2088 6989
-2106 6982
-2129 6973
-2157 6962
-2162 6960
-2189 6949
-2211 6940
-2228 6933
-2257 6921
-2269 6916
-2288 6908
-2314 6897
-2321 6894
-2344 6884
-2360 6877
-2385 6866
-2394 6862
-2423 6849
-2443 6840
-2454 6835
-2478 6824
-2491 6818
-2519 6805
-2534 6798
-2551 6790
-2570 6781
-2591 6771
-2614 6760
-2639 6748
-2666 6735
-2695 6721
-2697 6720
-2726 6705
-2753 6691
-2778 6678
-2801 6666
-2822 6655
-2841 6645
-2858 6636
-2873 6628
-2901 6613
-2914 6606
-2938 6593
-2949 6587
-2969 6576
-2978 6571
-3003 6557
-3019 6548
-3042 6535
-3049 6531
-3075 6516
-3094 6505
-3106 6498
-3123 6488
-3145 6475
-3172 6459
-3177 6456
-3205 6439
-3228 6425
-3246 6414
-3259 6406
-3280 6393
-3288 6388
-3315 6371
-3334 6359
-3345 6352
-3370 6336
-3384 6327
-3401 6316
-3421 6303
-3444 6288
-3470 6271
-3473 6269
-3501 6250
-3526 6233
-3548 6218
-3567 6205
-3583 6194
-3596 6185
-3619 6169
-3629 6162
-3656 6143
-3673 6131
-3697 6114
-3704 6109
-3729 6091
-3747 6078
-3758 6070
-3784 6051
-3799 6040
-3818 6026
-3841 6009
-3868 5989
-3872 5986
-3897 5967
-3918 5951
-3935 5938
-3948 5928
-3970 5911
-3979 5904
-4002 5886
-4016 5875
-4035 5860
-4059 5841
-4064 5837
-4090 5816
-4111 5799
-4127 5786
-4154 5764
-4165 5755
-4193 5732
-4210 5718
-4233 5699
-4239 5694
-4264 5673
-4283 5657
-4296 5646
-4316 5629
-4343 5606
-4350 5600
-4372 5581
-4387 5568
-4410 5548
-4418 5541
-4443 5519
-4460 5504
-4486 5481
-4495 5473
-4523 5448
-4542 5431
-4552 5422
-4573 5403
-4584 5393
-4607 5372
-4619 5361
-4644 5338
-4657 5326
-4684 5301
-4698 5288
-4713 5274
-4729 5259
-4746 5243
-4764 5226
-4783 5208
-4803 5189
-4824 5169
-4846 5148
-4869 5126
-4893 5103
-4918 5079
-4944 5054
-4971 5028
-4999 5001
-5001 4999
-5028 4971
-5054 4944
-5079 4918
-5103 4893
-5126 4869
-5148 4846
-5169 4824
-5189 4803
-5208 4783
-5226 4764
-5243 4746
-5259 4729
-5274 4713
-5288 4698
-5301 4684
-5326 4657
-5338 4644
-5361 4619
-5372 4607
-5393 4584
-5403 4573
-5422 4552
-5431 4542
-5448 4523
-5473 4495
-5481 4486
-5504 4460
-5519 4443
-5541 4418
-5548 4410
-5568 4387
-5581 4372
-5600 4350
-5606 4343
-5629 4316
-5646 4296
-5657 4283
-5673 4264
-5694 4239
-5699 4233
-5718 4210
-5732 4193
-5755 4165
-5764 4154
-5786 4127
-5799 4111
-5816 4090
-5837 4064
-5841 4059
-5860 4035
-5875 4016
-5886 4002
-5904 3979
-5911 3970
-5928 3948
-5938 3935
-5951 3918
-5967 3897
-5986 3872
-5989 3868
-6009 3841
-6026 3818
-6040 3799
-6051 3784
-6070 3758
-6078 3747
-6091 3729
-6109 3704
-6114 3697
-6131 3673
-6143 3656
-6162 3629
-6169 3619
-6185 3596
-6194 3583
-6205 3567
-6218 3548
-6233 3526
-6250 3501
-6269 3473
-6271 3470
-6288 3444
-6303 3421
-6316 3401
-6327 3384
-6336 3370
-6352 3345
-6359 3334
-6371 3315
-6388 3288
-6393 3280
-6406 3259
-6414 3246
-6425 3228
-6439 3205
-6456 3177
-6459 3172
-6475 3145
-6488 3123
-6498 3106
-6505 3094
-6516 3075
-6531 3049
-6535 3042
-6548 3019
-6557 3003
-6571 2978
-6576 2969
-6587 2949
-6593 2938
-6606 2914
-6613 2901
-6628 2873
-6636 2858
-6645 2841
-6655 2822
-6666 2801
-6678 2778
-6691 2753
-6705 2726
-6720 2697
-6721 2695
-6735 2666
-6748 2639
-6760 2614
-6771 2591
-6781 2570
-6790 2551
-6798 2534
-6805 2519
-6818 2491
-6824 2478
-6835 2454
-6840 2443
-6849 2423
-6862 2394
-6866 2385
-6877 2360
-6884 2344
-6894 2321
-6897 2314
-6908 2288
-6916 2269
-6921 2257
-6933 2228
-6940 2211
-6949 2189
-6960 2162
-6962 2157
-6973 2129
-6982 2106
-6989 2088
-6994 2075
-7002 2054
-7013 2025
-7016 2017
-7026 1990
-7033 1971
-7037 1960
-7046 1935
-7051 1921
-7057 1904
-7064 1884
-7072 1861
-7081 1835
-7091 1806
-7092 1803
-7101 1775
-7109 1750
-7116 1728
-7122 1709
-7127 1693
-7136 1664
-7140 1651
-7147 1628
-7150 1618
-7158 1591
-7163 1574
-7170 1550
-7172 1543
-7179 1518
-7184 1500
-7192 1471
-7195 1460
-7202 1434
-7206 1419
-7211 1400
-7217 1377
-7224 1350
-7225 1346
-7232 1317
-7238 1292
-7243 1271
-7247 1254
-7250 1241
-7255 1219
-7257 1210
-7262 1187
-7265 1173
-7269 1154
-7274 1130
-7280 1101
-7281 1096
-7286 1070
-7290 1049
-7293 1033
-7298 1006
-7300 995
-7305 967
-7308 950
-7312 927
-7317 898
-7318 892
-7322 867
-7325 848
-7327 835
-7330 815
-7334 788
-7335 781
-7339 752
-7342 730
-7344 715
-7347 692
-7348 684
-7351 659
-7353 642
-7356 616
-7357 607
-7360 579
-7362 560
-7365 531
-7366 521
-7368 500
-7369 489
-7371 466
-7372 454
-7374 429
-7375 416
-7377 389
-7378 375
-7380 346
-7381 331
-7382 315
-7383 298
-7384 280
-7385 261
-7386 241
-7387 220
-7388 198
-7389 175
-7390 151
-7391 126
-7392 100
-7393 73
-7394 45
-7395 16
-7395 -16
-7394 -45
-7393 -73
-7392 -100
-7391 -126
-7390 -151
-7389 -175
-7388 -198
-7387 -220
-7386 -241
-7385 -261
-7384 -280
-7383 -298
-7382 -315
-7381 -331
-7380 -346
-7378 -375
-7377 -389
-7375 -416
-7374 -429
-7372 -454
-7371 -466
-7369 -489
-7368 -500
-7366 -521
-7365 -531
-7362 -560
-7360 -579
-7357 -607
-7356 -616
-7353 -642
-7351 -659
-7348 -684
-7347 -692
-7344 -715
-7342 -730
-7339 -752
-7335 -781
-7334 -788
-7330 -815
-7327 -835
-7325 -848
-7322 -867
-7318 -892
-7317 -898
-7312 -927
-7308 -950
-7305 -967
-7300 -995
-7298 -1006
-7293 -1033
-7290 -1049
-7286 -1070
-7281 -1096
-7280 -1101
-7274 -1130
-7269 -1154
-7265 -1173
-7262 -1187
-7257 -1210
-7255 -1219
-7250 -1241
-7247 -1254
-7243 -1271
-7238 -1292
-7232 -1317
-7225 -1346
-7224 -1350
-7217 -1377
-7211 -1400
-7206 -1419
-7202 -1434
-7195 -1460
-7192 -1471
-7184 -1500
-7179 -1518
-7172 -1543
-7170 -1550
-7163 -1574
-7158 -1591
-7150 -1618
-7147 -1628
-7140 -1651
-7136 -1664
-7127 -1693
-7122 -1709
-7116 -1728
-7109 -1750
-7101 -1775
-7092 -1803
-7091 -1806
-7081 -1835
-7072 -1861
-7064 -1884
-7057 -1904
-7051 -1921
-7046 -1935
-7037 -1960
-7033 -1971
-7026 -1990
-7016 -2017
-7013 -2025
-7002 -2054
-6994 -2075
-6989 -2088
-6982 -2106
-6973 -2129
-6962 -2157
-6960 -2162
-6949 -2189
-6940 -2211
-6933 -2228
-6921 -2257
-6916 -2269
-6908 -2288
-6897 -2314
-6894 -2321
-6884 -2344
-6877 -2360
-6866 -2385
-6862 -2394
-6849 -2423
-6840 -2443
-6835 -2454
-6824 -2478
-6818 -2491
-6805 -2519
-6798 -2534
-6790 -2551
-6781 -2570
-6771 -2591
-6760 -2614
-6748 -2639
-6735 -2666
-6721 -2695
-6720 -2697
-6705 -2726
-6691 -2753
-6678 -2778
-6666 -2801
-6655 -2822
-6645 -2841
-6636 -2858
-6628 -2873
-6613 -2901
-6606 -2914
-6593 -2938
-6587 -2949
-6576 -2969
-6571 -2978
-6557 -3003
-6548 -3019
-6535 -3042
-6531 -3049
-6516 -3075
-6505 -3094
-6498 -3106
-6488 -3123
-6475 -3145
-6459 -3172
-6456 -3177
-6439 -3205
-6425 -3228
-6414 -3246
-6406 -3259
-6393 -3280
-6388 -3288
-6371 -3315
-6359 -3334
-6352 -3345
-6336 -3370
-6327 -3384
-6316 -3401
-6303 -3421
-6288 -3444
-6271 -3470
-6269 -3473
-6250 -3501
-6233 -3526
-6218 -3548
-6205 -3567
-6194 -3583
-6185 -3596
-6169 -3619
-6162 -3629
-6143 -3656
-6131 -3673
-6114 -3697
-6109 -3704
-6091 -3729
-6078 -3747
-6070 -3758
-6051 -3784
-6040 -3799
-6026 -3818
-6009 -3841
-5989 -3868
-5986 -3872
-5967 -3897
-5951 -3918
-5938 -3935
-5928 -3948
-5911 -3970
-5904 -3979
-5886 -4002
-5875 -4016
-5860 -4035
-5841 -4059
-5837 -4064
-5816 -4090
-5799 -4111
-5786 -4127
-5764 -4154
-5755 -4165
-5732 -4193
-5718 -4210
-5699 -4233
-5694 -4239
-5673 -4264
-5657 -4283
-5646 -4296
-5629 -4316
-5606 -4343
-5600 -4350
-5581 -4372
-5568 -4387
-5548 -4410
-5541 -4418
-5519 -4443
-5504 -4460
-5481 -4486
-5473 -4495
-5448 -4523
-5431 -4542
-5422 -4552
-5403 -4573
-5393 -4584
-5372 -4607
-5361 -4619
-5338 -4644
-5326 -4657
-5301 -4684
-5288 -4698
-5274 -4713
-5259 -4729
-5243 -4746
-5226 -4764
-5208 -4783
-5189 -4803
-5169 -4824
-5148 -4846
-5126 -4869
-5103 -4893
-5079 -4918
-5054 -4944
-5028 -4971
-5001 -4999
-4999 -5001
-4971 -5028
-4944 -5054
-4918 -5079
-4893 -5103
-4869 -5126
-4846 -5148
-4824 -5169
-4803 -5189
-4783 -5208
-4764 -5226
-4746 -5243
-4729 -5259
-4713 -5274
-4698 -5288
-4684 -5301
-4657 -5326
-4644 -5338
-4619 -5361
-4607 -5372
-4584 -5393
-4573 -5403
-4552 -5422
-4542 -5431
-4523 -5448
-4495 -5473
-4486 -5481
-4460 -5504
-4443 -5519
-4418 -5541
-4410 -5548
-4387 -5568
-4372 -5581
-4350 -5600
-4343 -5606
-4316 -5629
-4296 -5646
-4283 -5657
-4264 -5673
-4239 -5694
-4233 -5699
-4210 -5718
-4193 -5732
-4165 -5755
-4154 -5764
-4127 -5786
-4111 -5799
-4090 -5816
-4064 -5837
-4059 -5841
-4035 -5860
-4016 -5875
-4002 -5886
-3979 -5904
-3970 -5911
-3948 -5928
-3935 -5938
-3918 -5951
-3897 -5967
-3872 -5986
-3868 -5989
-3841 -6009
-3818 -6026
-3799 -6040
-3784 -6051
-3758 -6070
-3747 -6078
-3729 -6091
-3704 -6109
-3697 -6114
-3673 -6131
-3656 -6143
-3629 -6162
-3619 -6169
-3596 -6185
-3583 -6194
-3567 -6205
-3548 -6218
-3526 -6233
-3501 -6250
-3473 -6269
-3470 -6271
-3444 -6288
-3421 -6303
-3401 -6316
-3384 -6327
-3370 -6336
-3345 -6352
-3334 -6359
-3315 -6371
-3288 -6388
-3280 -6393
-3259 -6406
-3246 -6414
-3228 -6425
-3205 -6439
-3177 -6456
-3172 -6459
-3145 -6475
-3123 -6488
-3106 -6498
-3094 -6505
-3075 -6516
-3049 -6531
-3042 -6535
-3019 -6548
-3003 -6557
-2978 -6571
-2969 -6576
-2949 -6587
-2938 -6593
-2914 -6606
-2901 -6613
-2873 -6628
-2858 -6636
-2841 -6645
-2822 -6655
-2801 -6666
-2778 -6678
-2753 -6691
-2726 -6705
-2697 -6720
-2695 -6721
-2666 -6735
-2639 -6748
-2614 -6760
-2591 -6771
-2570 -6781
-2551 -6790
-2534 -6798
-2519 -6805
-2491 -6818
-2478 -6824
-2454 -6835
-2443 -6840
-2423 -6849
-2394 -6862
-2385 -6866
-2360 -6877
-2344 -6884
-2321 -6894
-2314 -6897
-2288 -6908
-2269 -6916
-2257 -6921
-2228 -6933
-2211 -6940
-2189 -6949
-2162 -6960
-2157 -6962
-2129 -6973
-2106 -6982
-2088 -6989
-2075 -6994
-2054 -7002
-2025 -7013
-2017 -7016
-1990 -7026
-1971 -7033
-1960 -7037
-1935 -7046
-1921 -7051
-1904 -7057
-1884 -7064
-1861 -7072
-1835 -7081
-1806 -7091
-1803 -7092
-1775 -7101
-1750 -7109
-1728 -7116
-1709 -7122
-1693 -7127
-1664 -7136
-1651 -7140
-1628 -7147
-1618 -7150
-1591 -7158
-1574 -7163
-1550 -7170
-1543 -7172
-1518 -7179
-1500 -7184
-1471 -7192
-1460 -7195
-1434 -7202
-1419 -7206
-1400 -7211
-1377 -7217
-1350 -7224
-1346 -7225
-1317 -7232
-1292 -7238
-1271 -7243
-1254 -7247
-1241 -7250
-1219 -7255
-1210 -7257
-1187 -7262
-1173 -7265
-1154 -7269
-1130 -7274
-1101 -7280
-1096 -7281
-1070 -7286
-1049 -7290
-1033 -7293
-1006 -7298
-995 -7300
-967 -7305
-950 -7308
-927 -7312
-898 -7317
-892 -7318
-867 -7322
-848 -7325
-835 -7327
-815 -7330
-788 -7334
-781 -7335
-752 -7339
-730 -7342
-715 -7344
-692 -7347
-684 -7348
-659 -7351
-642 -7353
-616 -7356
-607 -7357
-579 -7360
-560 -7362
-531 -7365
-521 -7366
-500 -7368
-489 -7369
-466 -7371
-454 -7372
-429 -7374
-416 -7375
-389 -7377
-375 -7378
-346 -7380
-331 -7381
-315 -7382
-298 -7383
-280 -7384
-261 -7385
-241 -7386
-220 -7387
-198 -7388
-175 -7389
-151 -7390
-126 -7391
-100 -7392
-73 -7393
-45 -7394
