2392
-70 -10000
70 -10000
338 -9983
369 -9981
384 -9980
413 -9978
427 -9977
454 -9975
467 -9974
492 -9972
504 -9971
527 -9969
538 -9968
570 -9965
591 -9963
622 -9960
632 -9959
661 -9956
680 -9954
708 -9951
717 -9950
743 -9947
760 -9945
785 -9942
793 -9941
824 -9937
847 -9934
862 -9932
884 -9929
913 -9925
920 -9924
947 -9920
967 -9917
980 -9915
1012 -9910
1031 -9907
1056 -9903
1087 -9898
1093 -9897
1122 -9892
1145 -9888
1162 -9885
1190 -9880
1201 -9878
1228 -9873
1244 -9870
1265 -9866
1291 -9861
1322 -9855
1327 -9854
1356 -9848
1380 -9843
1399 -9839
1413 -9836
1436 -9831
1468 -9824
1477 -9822
1508 -9815
1530 -9810
1543 -9807
1573 -9800
1590 -9796
1611 -9791
1636 -9785
1665 -9778
1669 -9777
1700 -9769
1727 -9762
1750 -9756
1769 -9751
1784 -9747
1810 -9740
1821 -9737
1850 -9729
1868 -9724
1893 -9717
1925 -9708
1932 -9706
1963 -9697
1987 -9690
2004 -9685
2031 -9677
2041 -9674
2064 -9667
2077 -9663
2106 -9654
2122 -9649
2141 -9643
2163 -9636
2188 -9628
2216 -9619
2247 -9609
2250 -9608
2282 -9597
2311 -9587
2337 -9578
2360 -9570
2380 -9563
2397 -9557
2428 -9546
2442 -9541
2467 -9532
2478 -9528
2508 -9517
2527 -9510
2554 -9500
2562 -9497
2591 -9486
2612 -9478
2625 -9473
2656 -9461
2674 -9454
2697 -9445
2725 -9434
2730 -9432
2762 -9419
2789 -9408
2811 -9399
2828 -9392
2857 -9380
2869 -9375
2900 -9362
2919 -9354
2945 -9343
2952 -9340
2982 -9327
3005 -9317
3021 -9310
3046 -9299
3055 -9295
3084 -9282
3104 -9273
3135 -9259
3146 -9254
3170 -9243
3183 -9237
3211 -9224
3226 -9217
3243 -9209
3262 -9200
3283 -9190
3306 -9179
3331 -9167
3358 -9154
3387 -9140
3418 -9125
3420 -9124
3451 -9108
3480 -9093
3507 -9079
3532 -9066
3555 -9054
3576 -9043
3595 -9033
3612 -9024
3627 -9016
3655 -9001
3668 -8994
3692 -8981
3703 -8975
3734 -8958
3754 -8947
3783 -8931
3792 -8926
3817 -8912
3833 -8903
3856 -8890
3886 -8873
3893 -8869
3919 -8854
3938 -8843
3969 -8825
3981 -8818
4010 -8801
4027 -8791
4049 -8778
4076 -8762
4081 -8759
4109 -8742
4132 -8728
4150 -8717
4181 -8698
4194 -8690
4215 -8677
4244 -8659
4252 -8654
4279 -8637
4298 -8625
4328 -8606
4339 -8599
4364 -8583
4378 -8574
4409 -8554
4426 -8543
4446 -8530
4469 -8515
4495 -8498
4524 -8479
4527 -8477
4558 -8456
4586 -8437
4611 -8420
4633 -8405
4652 -8392
4668 -8381
4697 -8361
4710 -8352
4733 -8336
4743 -8329
4770 -8310
4787 -8298
4811 -8281
4842 -8259
4849 -8254
4874 -8236
4892 -8223
4921 -8202
4932 -8194
4958 -8175
4973 -8164
4992 -8150
5015 -8133
5042 -8113
5073 -8090
5077 -8087
5106 -8065
5131 -8046
5152 -8030
5169 -8017
5199 -7994
5212 -7984
5234 -7967
5265 -7943
5274 -7936
5297 -7918
5311 -7907
5330 -7892
5354 -7873
5383 -7850
5388 -7846
5419 -7821
5445 -7800
5466 -7783
5482 -7770
5509 -7748
5520 -7739
5548 -7716
5565 -7702
5588 -7683
5617 -7659
5623 -7654
5654 -7628
5679 -7607
5698 -7591
5711 -7580
5731 -7563
5758 -7540
5765 -7534
5794 -7509
5816 -7490
5831 -7477
5854 -7457
5885 -7430
5893 -7423
5918 -7401
5935 -7386
5961 -7363
5970 -7355
5998 -7330
6017 -7313
6046 -7287
6056 -7278
6087 -7250
6108 -7231
6119 -7221
6142 -7200
6154 -7189
6179 -7166
6192 -7154
6219 -7129
6233 -7116
6262 -7089
6277 -7075
6308 -7046
6324 -7031
6341 -7015
6359 -6998
6378 -6980
6398 -6961
6419 -6941
6441 -6920
6464 -6898
6488 -6875
6513 -6851
6539 -6826
6566 -6800
6594 -6773
6623 -6745
6653 -6716
6684 -6686
6686 -6684
6716 -6653
6745 -6623
6773 -6594
6800 -6566
6826 -6539
6851 -6513
6875 -6488
6898 -6464
6920 -6441
6941 -6419
6961 -6398
6980 -6378
6998 -6359
7015 -6341
7031 -6324
7046 -6308
7075 -6277
7089 -6262
7116 -6233
7129 -6219
7154 -6192
7166 -6179
7189 -6154
7200 -6142
7221 -6119
7231 -6108
7250 -6087
7278 -6056
7287 -6046
7313 -6017
7330 -5998
7355 -5970
7363 -5961
7386 -5935
7401 -5918
7423 -5893
7430 -5885
7457 -5854
7477 -5831
7490 -5816
7509 -5794
7534 -5765
7540 -5758
7563 -5731
7580 -5711
7591 -5698
7607 -5679
7628 -5654
7654 -5623
7659 -5617
7683 -5588
7702 -5565
7716 -5548
7739 -5520
7748 -5509
7770 -5482
7783 -5466
7800 -5445
7821 -5419
7846 -5388
7850 -5383
7873 -5354
7892 -5330
7907 -5311
7918 -5297
7936 -5274
7943 -5265
7967 -5234
7984 -5212
7994 -5199
8017 -5169
8030 -5152
8046 -5131
8065 -5106
8087 -5077
8090 -5073
8113 -5042
8133 -5015
8150 -4992
8164 -4973
8175 -4958
8194 -4932
8202 -4921
8223 -4892
8236 -4874
8254 -4849
8259 -4842
8281 -4811
8298 -4787
8310 -4770
8329 -4743
8336 -4733
8352 -4710
8361 -4697
8381 -4668
8392 -4652
8405 -4633
8420 -4611
8437 -4586
8456 -4558
8477 -4527
8479 -4524
8498 -4495
8515 -4469
8530 -4446
8543 -4426
8554 -4409
8574 -4378
8583 -4364
8599 -4339
8606 -4328
8625 -4298
8637 -4279
8654 -4252
8659 -4244
8677 -4215
8690 -4194
8698 -4181
8717 -4150
8728 -4132
8742 -4109
8759 -4081
8762 -4076
8778 -4049
8791 -4027
8801 -4010
8818 -3981
8825 -3969
8843 -3938
8854 -3919
8869 -3893
8873 -3886
8890 -3856
8903 -3833
8912 -3817
8926 -3792
8931 -3783
8947 -3754
8958 -3734
8975 -3703
8981 -3692
8994 -3668
9001 -3655
9016 -3627
9024 -3612
9033 -3595
9043 -3576
9054 -3555
9066 -3532
9079 -3507
9093 -3480
9108 -3451
9124 -3420
9125 -3418
9140 -3387
9154 -3358
9167 -3331
9179 -3306
9190 -3283
9200 -3262
9209 -3243
9217 -3226
9224 -3211
9237 -3183
9243 -3170
9254 -3146
9259 -3135
9273 -3104
9282 -3084
9295 -3055
9299 -3046
9310 -3021
9317 -3005
9327 -2982
9340 -2952
9343 -2945
9354 -2919
9362 -2900
9375 -2869
9380 -2857
9392 -2828
9399 -2811
9408 -2789
9419 -2762
9432 -2730
9434 -2725
9445 -2697
9454 -2674
9461 -2656
9473 -2625
9478 -2612
9486 -2591
9497 -2562
9500 -2554
9510 -2527
9517 -2508
9528 -2478
9532 -2467
9541 -2442
9546 -2428
9557 -2397
9563 -2380
9570 -2360
9578 -2337
9587 -2311
9597 -2282
9608 -2250
9609 -2247
9619 -2216
9628 -2188
9636 -2163
9643 -2141
9649 -2122
9654 -2106
9663 -2077
9667 -2064
9674 -2041
9677 -2031
9685 -2004
9690 -1987
9697 -1963
9706 -1932
9708 -1925
9717 -1893
9724 -1868
9729 -1850
9737 -1821
9740 -1810
9747 -1784
9751 -1769
9756 -1750
9762 -1727
9769 -1700
9777 -1669
9778 -1665
9785 -1636
9791 -1611
9796 -1590
9800 -1573
9807 -1543
9810 -1530
9815 -1508
9822 -1477
9824 -1468
9831 -1436
9836 -1413
9839 -1399
9843 -1380
9848 -1356
9854 -1327
9855 -1322
9861 -1291
9866 -1265
9870 -1244
9873 -1228
9878 -1201
9880 -1190
9885 -1162
9888 -1145
9892 -1122
9897 -1093
9898 -1087
9903 -1056
9907 -1031
9910 -1012
9915 -980
9917 -967
9920 -947
9924 -920
9925 -913
9929 -884
9932 -862
9934 -847
9937 -824
9941 -793
9942 -785
9945 -760
9947 -743
9950 -717
9951 -708
9954 -680
9956 -661
9959 -632
9960 -622
9963 -591
9965 -570
9968 -538
9969 -527
9971 -504
9972 -492
9974 -467
9975 -454
9977 -427
9978 -413
9980 -384
9981 -369
9983 -338
10000 -70
10000 70
9983 338
9981 369
9980 384
9978 413
9977 427
9975 454
9974 467
9972 492
9971 504
9969 527
9968 538
9965 570
9963 591
9960 622
9959 632
9956 661
9954 680
9951 708
9950 717
9947 743
9945 760
9942 785
9941 793
9937 824
9934 847
9932 862
9929 884
9925 913
9924 920
9920 947
9917 967
9915 980
9910 1012
9907 1031
9903 1056
9898 1087
9897 1093
9892 1122
9888 1145
9885 1162
9880 1190
9878 1201
9873 1228
9870 1244
9866 1265
9861 1291
9855 1322
9854 1327
9848 1356
9843 1380
9839 1399
9836 1413
9831 1436
9824 1468
9822 1477
9815 1508
9810 1530
9807 1543
9800 1573
9796 1590
9791 1611
9785 1636
9778 1665
9777 1669
9769 1700
9762 1727
9756 1750
9751 1769
9747 1784
9740 1810
9737 1821
9729 1850
9724 1868
9717 1893
9708 1925
9706 1932
9697 1963
9690 1987
9685 2004
9677 2031
9674 2041
9667 2064
9663 2077
9654 2106
9649 2122
9643 2141
9636 2163
9628 2188
9619 2216
9609 2247
9608 2250
9597 2282
9587 2311
9578 2337
9570 2360
9563 2380
9557 2397
9546 2428
9541 2442
9532 2467
9528 2478
9517 2508
9510 2527
9500 2554
9497 2562
9486 2591
9478 2612
9473 2625
9461 2656
9454 2674
9445 2697
9434 2725
9432 2730
9419 2762
9408 2789
9399 2811
9392 2828
9380 2857
9375 2869
9362 2900
9354 2919
9343 2945
9340 2952
9327 2982
9317 3005
9310 3021
9299 3046
9295 3055
9282 3084
9273 3104
9259 3135
9254 3146
9243 3170
9237 3183
9224 3211
9217 3226
9209 3243
9200 3262
9190 3283
9179 3306
9167 3331
9154 3358
9140 3387
9125 3418
9124 3420
9108 3451
9093 3480
9079 3507
9066 3532
9054 3555
9043 3576
9033 3595
9024 3612
9016 3627
9001 3655
8994 3668
8981 3692
8975 3703
8958 3734
8947 3754
8931 3783
8926 3792
8912 3817
8903 3833
8890 3856
8873 3886
8869 3893
8854 3919
8843 3938
8825 3969
8818 3981
8801 4010
8791 4027
8778 4049
8762 4076
8759 4081
8742 4109
8728 4132
8717 4150
8698 4181
8690 4194
8677 4215
8659 4244
8654 4252
8637 4279
8625 4298
8606 4328
8599 4339
8583 4364
8574 4378
8554 4409
8543 4426
8530 4446
8515 4469
8498 4495
8479 4524
8477 4527
8456 4558
8437 4586
8420 4611
8405 4633
8392 4652
8381 4668
8361 4697
8352 4710
8336 4733
8329 4743
8310 4770
8298 4787
8281 4811
8259 4842
8254 4849
8236 4874
8223 4892
8202 4921
8194 4932
8175 4958
8164 4973
8150 4992
8133 5015
8113 5042
8090 5073
8087 5077
8065 5106
8046 5131
8030 5152
8017 5169
7994 5199
7984 5212
7967 5234
7943 5265
7936 5274
7918 5297
7907 5311
7892 5330
7873 5354
7850 5383
7846 5388
7821 5419
7800 5445
7783 5466
7770 5482
7748 5509
7739 5520
7716 5548
7702 5565
7683 5588
7659 5617
7654 5623
7628 5654
7607 5679
7591 5698
7580 5711
7563 5731
7540 5758
7534 5765
7509 5794
7490 5816
7477 5831
7457 5854
7430 5885
7423 5893
7401 5918
7386 5935
7363 5961
7355 5970
7330 5998
7313 6017
7287 6046
7278 6056
7250 6087
7231 6108
7221 6119
7200 6142
7189 6154
7166 6179
7154 6192
7129 6219
7116 6233
7089 6262
7075 6277
7046 6308
7031 6324
7015 6341
6998 6359
6980 6378
6961 6398
6941 6419
6920 6441
6898 6464
6875 6488
6851 6513
6826 6539
6800 6566
6773 6594
6745 6623
6716 6653
6686 6684
6684 6686
6653 6716
6623 6745
6594 6773
6566 6800
6539 6826
6513 6851
6488 6875
6464 6898
6441 6920
6419 6941
6398 6961
6378 6980
6359 6998
6341 7015
6324 7031
6308 7046
6277 7075
6262 7089
6233 7116
6219 7129
6192 7154
6179 7166
6154 7189
6142 7200
6119 7221
6108 7231
6087 7250
6056 7278
6046 7287
6017 7313
5998 7330
5970 7355
5961 7363
5935 7386
5918 7401
5893 7423
5885 7430
5854 7457
5831 7477
5816 7490
5794 7509
5765 7534
5758 7540
5731 7563
5711 7580
5698 7591
5679 7607
5654 7628
5623 7654
5617 7659
5588 7683
5565 7702
5548 7716
5520 7739
5509 7748
5482 7770
5466 7783
5445 7800
5419 7821
5388 7846
5383 7850
5354 7873
5330 7892
5311 7907
5297 7918
5274 7936
5265 7943
5234 7967
5212 7984
5199 7994
5169 8017
5152 8030
5131 8046
5106 8065
5077 8087
5073 8090
5042 8113
5015 8133
4992 8150
4973 8164
4958 8175
4932 8194
4921 8202
4892 8223
4874 8236
4849 8254
4842 8259
4811 8281
4787 8298
4770 8310
4743 8329
4733 8336
4710 8352
4697 8361
4668 8381
4652 8392
4633 8405
4611 8420
4586 8437
4558 8456
4527 8477
4524 8479
4495 8498
4469 8515
4446 8530
4426 8543
4409 8554
4378 8574
4364 8583
4339 8599
4328 8606
4298 8625
4279 8637
4252 8654
4244 8659
4215 8677
4194 8690
4181 8698
4150 8717
4132 8728
4109 8742
4081 8759
4076 8762
4049 8778
4027 8791
4010 8801
3981 8818
3969 8825
3938 8843
3919 8854
3893 8869
3886 8873
3856 8890
3833 8903
3817 8912
3792 8926
3783 8931
3754 8947
3734 8958
3703 8975
3692 8981
3668 8994
3655 9001
3627 9016
3612 9024
3595 9033
3576 9043
3555 9054
3532 9066
3507 9079
3480 9093
3451 9108
3420 9124
3418 9125
3387 9140
3358 9154
3331 9167
3306 9179
3283 9190
3262 9200
3243 9209
3226 9217
3211 9224
3183 9237
3170 9243
3146 9254
3135 9259
3104 9273
3084 9282
3055 9295
3046 9299
3021 9310
3005 9317
2982 9327
2952 9340
2945 9343
2919 9354
2900 9362
2869 9375
2857 9380
2828 9392
2811 9399
2789 9408
2762 9419
2730 9432
2725 9434
2697 9445
2674 9454
2656 9461
2625 9473
2612 9478
2591 9486
2562 9497
2554 9500
2527 9510
2508 9517
2478 9528
2467 9532
2442 9541
2428 9546
2397 9557
2380 9563
2360 9570
2337 9578
2311 9587
2282 9597
2250 9608
2247 9609
2216 9619
2188 9628
2163 9636
2141 9643
2122 9649
2106 9654
2077 9663
2064 9667
2041 9674
2031 9677
2004 9685
1987 9690
1963 9697
1932 9706
1925 9708
1893 9717
1868 9724
1850 9729
1821 9737
1810 9740
1784 9747
1769 9751
1750 9756
1727 9762
1700 9769
1669 9777
1665 9778
1636 9785
1611 9791
1590 9796
1573 9800
1543 9807
1530 9810
1508 9815
1477 9822
1468 9824
1436 9831
1413 9836
1399 9839
1380 9843
1356 9848
1327 9854
1322 9855
1291 9861
1265 9866
1244 9870
1228 9873
1201 9878
1190 9880
1162 9885
1145 9888
1122 9892
1093 9897
1087 9898
1056 9903
1031 9907
1012 9910
980 9915
967 9917
947 9920
920 9924
913 9925
884 9929
862 9932
847 9934
824 9937
793 9941
785 9942
760 9945
743 9947
717 9950
708 9951
680 9954
661 9956
632 9959
622 9960
591 9963
570 9965
538 9968
527 9969
504 9971
492 9972
467 9974
454 9975
427 9977
413 9978
384 9980
369 9981
338 9983
70 10000
-70 10000
-338 9983
-369 9981
-384 9980
-413 9978
-427 9977
-454 9975
-467 9974
-492 9972
-504 9971
-527 9969
-538 9968
-570 9965
-591 9963
-622 9960
-632 9959
-661 9956
-680 9954
-708 9951
-717 9950
-743 9947
-760 9945
-785 9942
-793 9941
-824 9937
-847 9934
-862 9932
-884 9929
-913 9925
-920 9924
-947 9920
-967 9917
-980 9915
-1012 9910
-1031 9907
-1056 9903
-1087 9898
-1093 9897
-1122 9892
-1145 9888
-1162 9885
-1190 9880
-1201 9878
-1228 9873
-1244 9870
-1265 9866
-1291 9861
-1322 9855
-1327 9854
-1356 9848
-1380 9843
-1399 9839
-1413 9836
-1436 9831
-1468 9824
-1477 9822
-1508 9815
-1530 9810
-1543 9807
-1573 9800
-1590 9796
-1611 9791
-1636 9785
-1665 9778
-1669 9777
-1700 9769
-1727 9762
-1750 9756
-1769 9751
-1784 9747
-1810 9740
-1821 9737
-1850 9729
-1868 9724
-1893 9717
-1925 9708
-1932 9706
-1963 9697
-1987 9690
-2004 9685
-2031 9677
-2041 9674
-2064 9667
-2077 9663
-2106 9654
-2122 9649
-2141 9643
-2163 9636
-2188 9628
-2216 9619
-2247 9609
-2250 9608
-2282 9597
-2311 9587
-2337 9578
-2360 9570
-2380 9563
-2397 9557
-2428 9546
-2442 9541
-2467 9532
-2478 9528
-2508 9517
-2527 9510
-2554 9500
-2562 9497
-2591 9486
-2612 9478
-2625 9473
-2656 9461
-2674 9454
-2697 9445
-2725 9434
-2730 9432
-2762 9419
-2789 9408
-2811 9399
-2828 9392
-2857 9380
-2869 9375
-2900 9362
-2919 9354
-2945 9343
-2952 9340
-2982 9327
-3005 9317
-3021 9310
-3046 9299
-3055 9295
-3084 9282
-3104 9273
-3135 9259
-3146 9254
-3170 9243
-3183 9237
-3211 9224
-3226 9217
-3243 9209
-3262 9200
-3283 9190
-3306 9179
-3331 9167
-3358 9154
-3387 9140
-3418 9125
-3420 9124
-3451 9108
-3480 9093
-3507 9079
-3532 9066
-3555 9054
-3576 9043
-3595 9033
-3612 9024
-3627 9016
-3655 9001
-3668 8994
-3692 8981
-3703 8975
-3734 8958
-3754 8947
-3783 8931
-3792 8926
-3817 8912
-3833 8903
-3856 8890
-3886 8873
-3893 8869
-3919 8854
-3938 8843
-3969 8825
-3981 8818
-4010 8801
-4027 8791
-4049 8778
-4076 8762
-4081 8759
-4109 8742
-4132 8728
-4150 8717
-4181 8698
-4194 8690
-4215 8677
-4244 8659
-4252 8654
-4279 8637
-4298 8625
-4328 8606
-4339 8599
-4364 8583
-4378 8574
-4409 8554
-4426 8543
-4446 8530
-4469 8515
-4495 8498
-4524 8479
-4527 8477
-4558 8456
-4586 8437
-4611 8420
-4633 8405
-4652 8392
-4668 8381
-4697 8361
-4710 8352
-4733 8336
-4743 8329
-4770 8310
-4787 8298
-4811 8281
-4842 8259
-4849 8254
-4874 8236
-4892 8223
-4921 8202
-4932 8194
-4958 8175
-4973 8164
-4992 8150
-5015 8133
-5042 8113
-5073 8090
-5077 8087
-5106 8065
-5131 8046
-5152 8030
-5169 8017
-5199 7994
-5212 7984
-5234 7967
-5265 7943
-5274 7936
-5297 7918
-5311 7907
-5330 7892
-5354 7873
-5383 7850
-5388 7846
-5419 7821
-5445 7800
-5466 7783
-5482 7770
-5509 7748
-5520 7739
-5548 7716
-5565 7702
-5588 7683
-5617 7659
-5623 7654
-5654 7628
-5679 7607
-5698 7591
-5711 7580
-5731 7563
-5758 7540
-5765 7534
-5794 7509
-5816 7490
-5831 7477
-5854 7457
-5885 7430
-5893 7423
-5918 7401
-5935 7386
-5961 7363
-5970 7355
-5998 7330
-6017 7313
-6046 7287
-6056 7278
-6087 7250
-6108 7231
-6119 7221
-6142 7200
-6154 7189
-6179 7166
-6192 7154
-6219 7129
-6233 7116
-6262 7089
-6277 7075
-6308 7046
-6324 7031
-6341 7015
-6359 6998
-6378 6980
-6398 6961
-6419 6941
-6441 6920
-6464 6898
-6488 6875
-6513 6851
-6539 6826
-6566 6800
-6594 6773
-6623 6745
-6653 6716
-6684 6686
-6686 6684
-6716 6653
-6745 6623
-6773 6594
-6800 6566
-6826 6539
-6851 6513
-6875 6488
-6898 6464
-6920 6441
-6941 6419
-6961 6398
-6980 6378
-6998 6359
-7015 6341
-7031 6324
-7046 6308
-7075 6277
-7089 6262
-7116 6233
-7129 6219
-7154 6192
-7166 6179
-7189 6154
-7200 6142
-7221 6119
-7231 6108
-7250 6087
-7278 6056
-7287 6046
-7313 6017
-7330 5998
-7355 5970
-7363 5961
-7386 5935
-7401 5918
-7423 5893
-7430 5885
-7457 5854
-7477 5831
-7490 5816
-7509 5794
-7534 5765
-7540 5758
-7563 5731
-7580 5711
-7591 5698
-7607 5679
-7628 5654
-7654 5623
-7659 5617
-7683 5588
-7702 5565
-7716 5548
-7739 5520
-7748 5509
-7770 5482
-7783 5466
-7800 5445
-7821 5419
-7846 5388
-7850 5383
-7873 5354
-7892 5330
-7907 5311
-7918 5297
-7936 5274
-7943 5265
-7967 5234
-7984 5212
-7994 5199
-8017 5169
-8030 5152
-8046 5131
-8065 5106
-8087 5077
-8090 5073
-8113 5042
-8133 5015
-8150 4992
-8164 4973
-8175 4958
-8194 4932
-8202 4921
-8223 4892
-8236 4874
-8254 4849
-8259 4842
-8281 4811
-8298 4787
-8310 4770
-8329 4743
-8336 4733
-8352 4710
-8361 4697
-8381 4668
-8392 4652
-8405 4633
-8420 4611
-8437 4586
-8456 4558
-8477 4527
-8479 4524
-8498 4495
-8515 4469
-8530 4446
-8543 4426
-8554 4409
-8574 4378
-8583 4364
-8599 4339
-8606 4328
-8625 4298
-8637 4279
-8654 4252
-8659 4244
-8677 4215
-8690 4194
-8698 4181
-8717 4150
-8728 4132
-8742 4109
-8759 4081
-8762 4076
-8778 4049
-8791 4027
-8801 4010
-8818 3981
-8825 3969
-8843 3938
-8854 3919
-8869 3893
-8873 3886
-8890 3856
-8903 3833
-8912 3817
-8926 3792
-8931 3783
-8947 3754
-8958 3734
-8975 3703
-8981 3692
-8994 3668
-9001 3655
-9016 3627
-9024 3612
-9033 3595
-9043 3576
-9054 3555
-9066 3532
-9079 3507
-9093 3480
-9108 3451
-9124 3420
-9125 3418
-9140 3387
-9154 3358
-9167 3331
-9179 3306
-9190 3283
-9200 3262
-9209 3243
-9217 3226
-9224 3211
-9237 3183
-9243 3170
-9254 3146
-9259 3135
-9273 3104
-9282 3084
-9295 3055
-9299 3046
-9310 3021
-9317 3005
-9327 2982
-9340 2952
-9343 2945
-9354 2919
-9362 2900
-9375 2869
-9380 2857
-9392 2828
-9399 2811
-9408 2789
-9419 2762
-9432 2730
-9434 2725
-9445 2697
-9454 2674
-9461 2656
-9473 2625
-9478 2612
-9486 2591
-9497 2562
-9500 2554
-9510 2527
-9517 2508
-9528 2478
-9532 2467
-9541 2442
-9546 2428
-9557 2397
-9563 2380
-9570 2360
-9578 2337
-9587 2311
-9597 2282
-9608 2250
-9609 2247
-9619 2216
-9628 2188
-9636 2163
-9643 2141
-9649 2122
-9654 2106
-9663 2077
-9667 2064
-9674 2041
-9677 2031
-9685 2004
-9690 1987
-9697 1963
-9706 1932
-9708 1925
-9717 1893
-9724 1868
-9729 1850
-9737 1821
-9740 1810
-9747 1784
-9751 1769
-9756 1750
-9762 1727
-9769 1700
-9777 1669
-9778 1665
-9785 1636
-9791 1611
-9796 1590
-9800 1573
-9807 1543
-9810 1530
-9815 1508
-9822 1477
-9824 1468
-9831 1436
-9836 1413
-9839 1399
-9843 1380
-9848 1356
-9854 1327
-9855 1322
-9861 1291
-9866 1265
-9870 1244
-9873 1228
-9878 1201
-9880 1190
-9885 1162
-9888 1145
-9892 1122
-9897 1093
-9898 1087
-9903 1056
-9907 1031
-9910 1012
-9915 980
-9917 967
-9920 947
-9924 920
-9925 913
-9929 884
-9932 862
-9934 847
-9937 824
-9941 793
-9942 785
-9945 760
-9947 743
-9950 717
-9951 708
-9954 680
-9956 661
-9959 632
-9960 622
-9963 591
-9965 570
-9968 538
-9969 527
-9971 504
-9972 492
-9974 467
-9975 454
-9977 427
-9978 413
-9980 384
-9981 369
-9983 338
-10000 70
-10000 -70
-9983 -338
-9981 -369
-9980 -384
-9978 -413
-9977 -427
-9975 -454
-9974 -467
-9972 -492
-9971 -504
-9969 -527
-9968 -538
-9965 -570
-9963 -591
-9960 -622
-9959 -632
-9956 -661
-9954 -680
-9951 -708
-9950 -717
-9947 -743
-9945 -760
-9942 -785
-9941 -793
-9937 -824
-9934 -847
-9932 -862
-9929 -884
-9925 -913
-9924 -920
-9920 -947
-9917 -967
-9915 -980
-9910 -1012
-9907 -1031
-9903 -1056
-9898 -1087
-9897 -1093
-9892 -1122
-9888 -1145
-9885 -1162
-9880 -1190
-9878 -1201
-9873 -1228
-9870 -1244
-9866 -1265
-9861 -1291
-9855 -1322
-9854 -1327
-9848 -1356
-9843 -1380
-9839 -1399
-9836 -1413
-9831 -1436
-9824 -1468
-9822 -1477
-9815 -1508
-9810 -1530
-9807 -1543
-9800 -1573
-9796 -1590
-9791 -1611
-9785 -1636
-9778 -1665
-9777 -1669
-9769 -1700
-9762 -1727
-9756 -1750
-9751 -1769
-9747 -1784
-9740 -1810
-9737 -1821
-9729 -1850
-9724 -1868
-9717 -1893
-9708 -1925
-9706 -1932
-9697 -1963
-9690 -1987
-9685 -2004
-9677 -2031
-9674 -2041
-9667 -2064
-9663 -2077
-9654 -2106
-9649 -2122
-9643 -2141
-9636 -2163
-9628 -2188
-9619 -2216
-9609 -2247
-9608 -2250
-9597 -2282
-9587 -2311
-9578 -2337
-9570 -2360
-9563 -2380
-9557 -2397
-9546 -2428
-9541 -2442
-9532 -2467
-9528 -2478
-9517 -2508
-9510 -2527
-9500 -2554
-9497 -2562
-9486 -2591
-9478 -2612
-9473 -2625
-9461 -2656
-9454 -2674
-9445 -2697
-9434 -2725
-9432 -2730
-9419 -2762
-9408 -2789
-9399 -2811
-9392 -2828
-9380 -2857
-9375 -2869
-9362 -2900
-9354 -2919
-9343 -2945
-9340 -2952
-9327 -2982
-9317 -3005
-9310 -3021
-9299 -3046
-9295 -3055
-9282 -3084
-9273 -3104
-9259 -3135
-9254 -3146
-9243 -3170
-9237 -3183
-9224 -3211
-9217 -3226
-9209 -3243
-9200 -3262
-9190 -3283
-9179 -3306
-9167 -3331
-9154 -3358
-9140 -3387
-9125 -3418
-9124 -3420
-9108 -3451
-9093 -3480
-9079 -3507
-9066 -3532
-9054 -3555
-9043 -3576
-9033 -3595
-9024 -3612
-9016 -3627
-9001 -3655
-8994 -3668
-8981 -3692
-8975 -3703
-8958 -3734
-8947 -3754
-8931 -3783
-8926 -3792
-8912 -3817
-8903 -3833
-8890 -3856
-8873 -3886
-8869 -3893
-8854 -3919
-8843 -3938
-8825 -3969
-8818 -3981
-8801 -4010
-8791 -4027
-8778 -4049
-8762 -4076
-8759 -4081
-8742 -4109
-8728 -4132
-8717 -4150
-8698 -4181
-8690 -4194
-8677 -4215
-8659 -4244
-8654 -4252
-8637 -4279
-8625 -4298
-8606 -4328
-8599 -4339
-8583 -4364
-8574 -4378
-8554 -4409
-8543 -4426
-8530 -4446
-8515 -4469
-8498 -4495
-8479 -4524
-8477 -4527
-8456 -4558
-8437 -4586
-8420 -4611
-8405 -4633
-8392 -4652
-8381 -4668
-8361 -4697
-8352 -4710
-8336 -4733
-8329 -4743
-8310 -4770
-8298 -4787
-8281 -4811
-8259 -4842
-8254 -4849
-8236 -4874
-8223 -4892
-8202 -4921
-8194 -4932
-8175 -4958
-8164 -4973
-8150 -4992
-8133 -5015
-8113 -5042
-8090 -5073
-8087 -5077
-8065 -5106
-8046 -5131
-8030 -5152
-8017 -5169
-7994 -5199
-7984 -5212
-7967 -5234
-7943 -5265
-7936 -5274
-7918 -5297
-7907 -5311
-7892 -5330
-7873 -5354
-7850 -5383
-7846 -5388
-7821 -5419
-7800 -5445
-7783 -5466
-7770 -5482
-7748 -5509
-7739 -5520
-7716 -5548
-7702 -5565
-7683 -5588
-7659 -5617
-7654 -5623
-7628 -5654
-7607 -5679
-7591 -5698
-7580 -5711
-7563 -5731
-7540 -5758
-7534 -5765
-7509 -5794
-7490 -5816
-7477 -5831
-7457 -5854
-7430 -5885
-7423 -5893
-7401 -5918
-7386 -5935
-7363 -5961
-7355 -5970
-7330 -5998
-7313 -6017
-7287 -6046
-7278 -6056
-7250 -6087
-7231 -6108
-7221 -6119
-7200 -6142
-7189 -6154
-7166 -6179
-7154 -6192
-7129 -6219
-7116 -6233
-7089 -6262
-7075 -6277
-7046 -6308
-7031 -6324
-7015 -6341
-6998 -6359
-6980 -6378
-6961 -6398
-6941 -6419
-6920 -6441
-6898 -6464
-6875 -6488
-6851 -6513
-6826 -6539
-6800 -6566
-6773 -6594
-6745 -6623
-6716 -6653
-6686 -6684
-6684 -6686
-6653 -6716
-6623 -6745
-6594 -6773
-6566 -6800
-6539 -6826
-6513 -6851
-6488 -6875
-6464 -6898
-6441 -6920
-6419 -6941
-6398 -6961
-6378 -6980
-6359 -6998
-6341 -7015
-6324 -7031
-6308 -7046
-6277 -7075
-6262 -7089
-6233 -7116
-6219 -7129
-6192 -7154
-6179 -7166
-6154 -7189
-6142 -7200
-6119 -7221
-6108 -7231
-6087 -7250
-6056 -7278
-6046 -7287
-6017 -7313
-5998 -7330
-5970 -7355
-5961 -7363
-5935 -7386
-5918 -7401
-5893 -7423
-5885 -7430
-5854 -7457
-5831 -7477
-5816 -7490
-5794 -7509
-5765 -7534
-5758 -7540
-5731 -7563
-5711 -7580
-5698 -7591
-5679 -7607
-5654 -7628
-5623 -7654
-5617 -7659
-5588 -7683
-5565 -7702
-5548 -7716
-5520 -7739
-5509 -7748
-5482 -7770
-5466 -7783
-5445 -7800
-5419 -7821
-5388 -7846
-5383 -7850
-5354 -7873
-5330 -7892
-5311 -7907
-5297 -7918
-5274 -7936
-5265 -7943
-5234 -7967
-5212 -7984
-5199 -7994
-5169 -8017
-5152 -8030
-5131 -8046
-5106 -8065
-5077 -8087
-5073 -8090
-5042 -8113
-5015 -8133
-4992 -8150
-4973 -8164
-4958 -8175
-4932 -8194
-4921 -8202
-4892 -8223
-4874 -8236
-4849 -8254
-4842 -8259
-4811 -8281
-4787 -8298
-4770 -8310
-4743 -8329
-4733 -8336
-4710 -8352
-4697 -8361
-4668 -8381
-4652 -8392
-4633 -8405
-4611 -8420
-4586 -8437
-4558 -8456
-4527 -8477
-4524 -8479
-4495 -8498
-4469 -8515
-4446 -8530
-4426 -8543
-4409 -8554
-4378 -8574
-4364 -8583
-4339 -8599
-4328 -8606
-4298 -8625
-4279 -8637
-4252 -8654
-4244 -8659
-4215 -8677
-4194 -8690
-4181 -8698
-4150 -8717
-4132 -8728
-4109 -8742
-4081 -8759
-4076 -8762
-4049 -8778
-4027 -8791
-4010 -8801
-3981 -8818
-3969 -8825
-3938 -8843
-3919 -8854
-3893 -8869
-3886 -8873
-3856 -8890
-3833 -8903
-3817 -8912
-3792 -8926
-3783 -8931
-3754 -8947
-3734 -8958
-3703 -8975
-3692 -8981
-3668 -8994
-3655 -9001
-3627 -9016
-3612 -9024
-3595 -9033
-3576 -9043
-3555 -9054
-3532 -9066
-3507 -9079
-3480 -9093
-3451 -9108
-3420 -9124
-3418 -9125
-3387 -9140
-3358 -9154
-3331 -9167
-3306 -9179
-3283 -9190
-3262 -9200
-3243 -9209
-3226 -9217
-3211 -9224
-3183 -9237
-3170 -9243
-3146 -9254
-3135 -9259
-3104 -9273
-3084 -9282
-3055 -9295
-3046 -9299
-3021 -9310
-3005 -9317
-2982 -9327
-2952 -9340
-2945 -9343
-2919 -9354
-2900 -9362
-2869 -9375
-2857 -9380
-2828 -9392
-2811 -9399
-2789 -9408
-2762 -9419
-2730 -9432
-2725 -9434
-2697 -9445
-2674 -9454
-2656 -9461
-2625 -9473
-2612 -9478
-2591 -9486
-2562 -9497
-2554 -9500
-2527 -9510
-2508 -9517
-2478 -9528
-2467 -9532
-2442 -9541
-2428 -9546
-2397 -9557
-2380 -9563
-2360 -9570
-2337 -9578
-2311 -9587
-2282 -9597
-2250 -9608
-2247 -9609
-2216 -9619
-2188 -9628
-2163 -9636
-2141 -9643
-2122 -9649
-2106 -9654
-2077 -9663
-2064 -9667
-2041 -9674
-2031 -9677
-2004 -9685
-1987 -9690
-1963 -9697
-1932 -9706
-1925 -9708
-1893 -9717
-1868 -9724
-1850 -9729
-1821 -9737
-1810 -9740
-1784 -9747
-1769 -9751
-1750 -9756
-1727 -9762
-1700 -9769
-1669 -9777
-1665 -9778
-1636 -9785
-1611 -9791
-1590 -9796
-1573 -9800
-1543 -9807
-1530 -9810
-1508 -9815
-1477 -9822
-1468 -9824
-1436 -9831
-1413 -9836
-1399 -9839
-1380 -9843
-1356 -9848
-1327 -9854
-1322 -9855
-1291 -9861
-1265 -9866
-1244 -9870
-1228 -9873
-1201 -9878
-1190 -9880
-1162 -9885
-1145 -9888
-1122 -9892
-1093 -9897
-1087 -9898
-1056 -9903
-1031 -9907
-1012 -9910
-980 -9915
-967 -9917
-947 -9920
-920 -9924
-913 -9925
-884 -9929
-862 -9932
-847 -9934
-824 -9937
-793 -9941
-785 -9942
-760 -9945
-743 -9947
-717 -9950
-708 -9951
-680 -9954
-661 -9956
-632 -9959
-622 -9960
-591 -9963
-570 -9965
-538 -9968
-527 -9969
-504 -9971
-492 -9972
-467 -9974
-454 -9975
-427 -9977
-413 -9978
-384 -9980
-369 -9981
-338 -9983
