371
-10000 -10000
-9989 -9999
-9981 -9998
-9974 -9997
-9968 -9996
-9964 -9995
-9953 -9992
-9946 -9990
-9936 -9987
-9933 -9986
-9922 -9982
-9914 -9979
-9909 -9977
-9902 -9974
-9891 -9968
-9886 -9965
-9878 -9960
-9867 -9953
-9864 -9951
-9857 -9946
-9853 -9943
-9844 -9936
-9838 -9931
-9831 -9925
-9823 -9918
-9814 -9910
-9804 -9901
-9803 -9900
-9792 -9888
-9782 -9877
-9773 -9867
-9765 -9858
-9758 -9850
-9753 -9844
-9744 -9833
-9723 -9807
-9705 -9782
-9700 -9775
-9693 -9765
-9684 -9752
-9673 -9736
-9671 -9733
-9660 -9716
-9651 -9702
-9644 -9691
-9636 -9678
-9626 -9661
-9619 -9649
-9608 -9630
-9604 -9623
-9595 -9607
-9590 -9598
-9556 -9535
-9516 -9450
-9509 -9435
-9503 -9422
-9492 -9398
-9487 -9387
-9483 -9378
-9472 -9353
-9465 -9337
-9455 -9314
-9447 -9295
-9442 -9283
-9433 -9261
-9422 -9234
-9420 -9229
-9411 -9206
-9404 -9188
-9396 -9167
-9389 -9148
-9385 -9137
-9376 -9112
-9365 -9081
-9357 -9058
-9348 -9032
-9338 -9003
-9331 -8981
-9325 -8962
-9314 -8927
-9309 -8911
-9305 -8898
-9298 -8875
-9288 -8842
-9285 -8832
-9274 -8795
-9266 -8768
-9259 -8744
-9248 -8706
-9243 -8688
-9235 -8659
-9224 -8619
-9217 -8593
-9206 -8552
-9202 -8537
-9193 -8503
-9188 -8484
-9177 -8442
-9171 -8419
-9164 -8392
-9156 -8361
-9147 -8326
-9136 -8283
-9135 -8279
-9125 -8238
-9114 -8192
-9099 -8129
-9089 -8086
-9086 -8073
-9075 -8025
-9067 -7990
-9058 -7950
-9047 -7901
-9036 -7851
-9027 -7810
-9020 -7778
-9012 -7741
-9005 -7708
-8994 -7656
-8990 -7637
-8985 -7613
-8979 -7584
-8971 -7545
-8962 -7501
-8961 -7496
-8952 -7450
-8945 -7414
-8939 -7383
-8930 -7336
-8920 -7283
-8917 -7267
-8906 -7208
-8898 -7165
-8893 -7138
-8884 -7089
-8873 -7029
-8862 -6968
-8853 -6918
-8848 -6890
-8840 -6845
-8829 -6783
-8819 -6726
-8812 -6686
-8801 -6623
-8797 -6600
-8792 -6571
-8786 -6536
-8777 -6483
-8767 -6424
-8756 -6359
-8745 -6292
-8735 -6231
-8726 -6176
-8719 -6133
-8713 -6096
-8708 -6065
-8699 -6009
-8688 -5940
-8681 -5896
-8671 -5833
-8668 -5814
-8657 -5744
-8655 -5731
-8646 -5672
-8643 -5652
-8633 -5585
-8626 -5538
-8622 -5511
-8617 -5477
-8611 -5436
-8604 -5388
-8594 -5319
-8593 -5312
-8582 -5234
-8572 -5163
-8563 -5099
-8556 -5049
-8545 -4970
-8540 -4934
-8531 -4869
-8527 -4840
-8516 -4760
-8509 -4709
-8506 -4687
-8498 -4628
-8491 -4576
-8480 -4494
-8469 -4411
-8462 -4358
-8459 -4335
-8449 -4258
-8444 -4219
-8438 -4172
-8431 -4117
-8423 -4054
-8414 -3983
-8404 -3904
-8393 -3817
-8392 -3809
-8384 -3744
-8375 -3670
-8365 -3587
-8362 -3562
-8354 -3495
-8349 -3453
-8342 -3394
-8340 -3377
-8335 -3334
-8332 -3308
-8322 -3221
-8315 -3160
-8310 -3116
-8302 -3045
-8293 -2965
-8292 -2956
-8282 -2865
-8273 -2783
-8265 -2710
-8258 -2646
-8252 -2591
-8245 -2526
-8242 -2498
-8237 -2451
-8235 -2432
-8226 -2346
-8221 -2298
-8213 -2221
-8206 -2153
-8201 -2104
-8195 -2045
-8187 -1966
-8178 -1877
-8168 -1778
-8167 -1768
-8158 -1677
-8150 -1596
-8143 -1525
-8137 -1464
-8133 -1423
-8126 -1351
-8123 -1320
-8115 -1237
-8110 -1185
-8094 -1018
-8070 -759
-8064 -694
-8063 -683
-8055 -594
-8050 -538
-8047 -504
-8039 -413
-8034 -356
-8032 -333
-8025 -252
-8018 -170
-8013 -111
-8007 -40
-8000 43
-7992 138
-7991 150
-7983 247
-7976 332
-7970 405
-7965 466
-7961 515
-7958 552
-7951 639
-7949 664
-7944 728
-7937 818
-7936 831
-7929 923
-7923 1002
-7918 1068
-7896 1359
-7866 1785
-7859 1885
-7854 1958
-7849 2032
-7843 2121
-7842 2136
-7839 2182
-7834 2259
-7829 2337
-7824 2416
-7823 2432
-7817 2529
-7812 2611
-7810 2644
-7805 2727
-7801 2794
-7796 2878
-7791 2964
-7788 3017
-7764 3443
-7737 3982
-7736 4002
-7734 4043
-7731 4105
-7727 4188
-7724 4255
-7701 4772
-7686 5166
-7683 5245
-7680 5325
-7679 5352
-7676 5434
-7673 5517
-7672 5545
-7669 5630
-7666 5718
-7664 5777
-7663 5807
-7660 5898
-7658 5959
-7657 5990
-7654 6084
-7651 6179
-7650 6211
-7647 6308
-7645 6373
-7642 6471
-7639 6571
-7637 6638
-7636 6672
-7634 6741
-7632 6812
-7630 6885
-7629 6922
-7627 6997
-7625 7076
-7624 7116
-7623 7157
-7621 7240
-7620 7282
-7618 7367
-7617 7410
-7616 7454
-7615 7499
-7613 7590
-7612 7636
-7610 7729
-7608 7826
-7607 7877
-7606 7929
-7605 7983
-7604 8041
-7603 8101
-7602 8162
-7601 8225
-7600 8290
-7599 8356
-7598 8425
-7597 8495
-7593 8783
-7587 9330
-7586 9422
-7585 9515
-7584 9609
-7583 9704
-7582 9800
-7581 9897
-7580 9995
-9638 9994
-9917 9986
-9979 9636
-9985 9506
-9993 8687
-9997 7349
-9999 6664
-10000 -5974
