424
3666 -9970
8088 -9970
8097 -9969
8105 -9968
8112 -9967
8118 -9966
8123 -9965
8132 -9963
8136 -9962
8143 -9960
8146 -9959
8151 -9957
8158 -9954
8167 -9950
8169 -9949
8178 -9944
8185 -9940
8188 -9938
8195 -9933
8199 -9930
8208 -9923
8214 -9918
8221 -9912
8229 -9905
8238 -9897
8239 -9896
8248 -9886
8256 -9877
8263 -9869
8269 -9862
8274 -9856
8283 -9845
8287 -9840
8294 -9831
8297 -9827
8305 -9816
8310 -9809
8317 -9799
8326 -9786
8328 -9783
8335 -9772
8340 -9764
8343 -9759
8350 -9747
8354 -9740
8363 -9724
8368 -9715
8374 -9704
8382 -9689
8391 -9672
8400 -9653
8408 -9636
8415 -9621
8420 -9610
8429 -9590
8433 -9581
8440 -9565
8443 -9558
8451 -9539
8458 -9522
8460 -9517
8469 -9494
8476 -9476
8484 -9455
8487 -9447
8494 -9428
8498 -9417
8503 -9403
8509 -9386
8516 -9366
8524 -9343
8533 -9317
8534 -9314
8543 -9286
8550 -9263
8553 -9253
8561 -9226
8566 -9209
8573 -9185
8582 -9154
8584 -9147
8593 -9115
8600 -9090
8605 -9072
8613 -9043
8616 -9032
8623 -9006
8627 -8991
8632 -8972
8638 -8949
8645 -8922
8653 -8891
8662 -8856
8663 -8852
8668 -8831
8672 -8814
8677 -8792
8684 -8761
8693 -8721
8702 -8680
8709 -8648
8714 -8625
8722 -8588
8726 -8569
8732 -8540
8739 -8506
8748 -8462
8749 -8457
8757 -8416
8763 -8385
8768 -8359
8772 -8338
8775 -8322
8780 -8295
8789 -8246
8791 -8235
8796 -8207
8804 -8162
8807 -8145
8814 -8105
8823 -8053
8828 -8024
8834 -7989
8841 -7948
8849 -7901
8858 -7848
8859 -7842
8868 -7787
8876 -7738
8881 -7707
8888 -7663
8891 -7644
8899 -7593
8904 -7561
8911 -7516
8920 -7458
8922 -7445
8931 -7386
8938 -7340
8943 -7307
8950 -7260
8954 -7233
8959 -7199
8967 -7144
8976 -7082
8977 -7075
8986 -7011
8993 -6961
8999 -6918
9004 -6882
9013 -6817
9020 -6766
9028 -6707
9035 -6655
9044 -6588
9046 -6573
9055 -6505
9060 -6467
9068 -6406
9071 -6383
9078 -6329
9087 -6259
9092 -6220
9099 -6165
9107 -6102
9116 -6031
9117 -6023
9124 -5966
9130 -5917
9135 -5876
9139 -5843
9146 -5785
9149 -5760
9157 -5693
9159 -5676
9166 -5616
9171 -5573
9179 -5504
9186 -5443
9190 -5408
9195 -5364
9201 -5311
9209 -5238
9216 -5174
9222 -5119
9227 -5073
9231 -5036
9238 -4971
9241 -4943
9249 -4868
9254 -4821
9261 -4755
9263 -4736
9270 -4669
9275 -4621
9279 -4582
9284 -4533
9291 -4464
9299 -4385
9307 -4304
9314 -4232
9317 -4201
9325 -4118
9327 -4097
9334 -4023
9342 -3938
9345 -3906
9352 -3831
9356 -3788
9364 -3701
9372 -3612
9379 -3534
9385 -3467
9389 -3422
9392 -3388
9400 -3297
9405 -3240
9407 -3217
9414 -3136
9419 -3078
9426 -2996
9430 -2949
9435 -2890
9441 -2819
9448 -2736
9455 -2651
9461 -2578
9465 -2529
9468 -2492
9476 -2393
9481 -2331
9488 -2244
9490 -2219
9497 -2131
9502 -2068
9509 -1979
9513 -1928
9518 -1864
9519 -1851
9526 -1759
9532 -1680
9536 -1627
9543 -1534
9546 -1494
9551 -1427
9558 -1333
9560 -1306
9567 -1211
9570 -1170
9577 -1074
9581 -1019
9587 -936
9594 -839
9595 -825
9601 -740
9606 -669
9610 -612
9617 -512
9620 -469
9625 -397
9627 -368
9630 -324
9635 -250
9641 -161
9642 -146
9648 -55
9653 21
9657 82
9660 128
9665 206
9668 253
9674 348
9680 445
9685 526
9689 591
9692 640
9697 722
9701 789
9706 873
9707 890
9712 976
9716 1045
9721 1132
9726 1220
9730 1291
9735 1380
9736 1398
9740 1471
9743 1526
9748 1618
9750 1655
9753 1711
9757 1786
9762 1880
9763 1899
9768 1995
9772 2072
9775 2130
9780 2227
9782 2266
9787 2364
9790 2423
9794 2502
9799 2601
9800 2621
9804 2702
9807 2763
9810 2825
9814 2908
9818 2993
9821 3057
9823 3100
9826 3165
9830 3252
9831 3274
9835 3363
9838 3430
9840 3475
9843 3543
9847 3634
9848 3657
9852 3750
9855 3820
9857 3867
9860 3938
9864 4033
9865 4057
9869 4154
9872 4227
9874 4276
9878 4375
9879 4400
9882 4477
9885 4556
9887 4609
9890 4689
9891 4716
9894 4798
9896 4853
9899 4936
9900 4964
9902 5021
9905 5107
9906 5136
9909 5224
9911 5283
9912 5313
9914 5374
9917 5466
9918 5497
9921 5591
9923 5654
9926 5749
9929 5847
9930 5880
9933 5980
9935 6047
9936 6081
9937 6116
9939 6187
9940 6223
9941 6260
9942 6298
9944 6377
9945 6417
9947 6498
9948 6539
9950 6622
9951 6664
9953 6749
9954 6792
9956 6879
9958 6968
9959 7014
9960 7061
9961 7109
9963 7208
9964 7258
9965 7311
9966 7365
9967 7421
9968 7479
9969 7538
9970 7599
9971 7661
9972 7724
9973 7788
9974 7854
9975 7921
9976 7990
9977 8060
9978 8132
9979 8205
9980 8279
9981 8354
9982 8430
9983 8507
9984 8585
9985 8664
9986 8744
9987 8825
9988 8907
9989 8990
9990 9075
9991 9161
9992 9248
9993 9337
9994 9428
9995 9520
9996 9613
9997 9708
9998 9804
9999 9901
10000 10000
-1715 10000
-9227 9993
-9855 9971
-9999 8899
-9999 3723
-9998 -4451
-9997 -9402
-9967 -9785
-9166 -9920
-8738 -9964
