960
-9984 -9869
-9924 -9868
-9866 -9867
-9810 -9866
-9755 -9865
-9701 -9864
-9648 -9863
-9596 -9862
-9546 -9861
-9497 -9860
-9449 -9859
-9402 -9858
-9356 -9857
-9311 -9856
-9267 -9855
-9224 -9854
-9182 -9853
-9141 -9852
-9101 -9851
-9062 -9850
-9025 -9849
-8989 -9848
-8954 -9847
-8921 -9846
-8889 -9845
-8858 -9844
-8828 -9843
-8799 -9842
-8742 -9840
-8714 -9839
-8659 -9837
-8632 -9836
-8579 -9834
-8553 -9833
-8502 -9831
-8477 -9830
-8428 -9828
-8381 -9826
-8358 -9825
-8336 -9824
-8315 -9823
-8274 -9821
-8254 -9820
-8195 -9817
-8156 -9815
-8098 -9812
-8079 -9811
-8023 -9808
-7968 -9805
-7950 -9804
-7897 -9801
-7862 -9799
-7810 -9796
-7793 -9795
-7743 -9792
-7710 -9790
-7661 -9787
-7645 -9786
-7614 -9784
-7568 -9781
-7553 -9780
-7509 -9777
-7466 -9774
-7409 -9770
-7395 -9769
-7340 -9765
-7300 -9762
-7247 -9758
-7196 -9754
-7158 -9751
-7133 -9749
-7096 -9746
-7047 -9742
-7035 -9741
-6988 -9737
-6953 -9734
-6896 -9729
-6862 -9726
-6817 -9722
-6761 -9717
-6750 -9716
-6696 -9711
-6653 -9707
-6621 -9704
-6568 -9699
-6547 -9697
-6495 -9692
-6464 -9689
-6423 -9685
-6372 -9680
-6362 -9679
-6313 -9674
-6274 -9670
-6245 -9667
-6226 -9665
-6179 -9660
-6151 -9657
-6114 -9653
-6068 -9648
-6013 -9642
-6004 -9641
-5960 -9636
-5934 -9633
-5891 -9628
-5849 -9623
-5824 -9620
-5791 -9616
-5750 -9611
-5701 -9605
-5693 -9604
-5638 -9597
-5591 -9591
-5537 -9584
-5514 -9581
-5476 -9576
-5423 -9569
-5371 -9562
-5334 -9557
-5312 -9554
-5261 -9547
-5232 -9543
-5189 -9537
-5139 -9530
-5091 -9523
-5050 -9517
-5023 -9513
-4976 -9506
-4956 -9503
-4903 -9495
-4857 -9488
-4812 -9481
-4761 -9473
-4742 -9470
-4698 -9463
-4673 -9459
-4642 -9454
-4605 -9448
-4562 -9441
-4513 -9433
-4507 -9432
-4454 -9423
-4407 -9415
-4366 -9408
-4331 -9402
-4302 -9397
-4250 -9388
-4210 -9381
-4193 -9378
-4148 -9370
-4120 -9365
-4081 -9358
-4031 -9349
-4020 -9347
-3971 -9338
-3933 -9331
-3890 -9323
-3874 -9320
-3837 -9313
-3816 -9309
-3769 -9300
-3743 -9295
-3707 -9288
-3702 -9287
-3653 -9277
-3609 -9268
-3570 -9260
-3536 -9253
-3512 -9248
-3493 -9244
-3460 -9237
-3446 -9234
-3409 -9226
-3386 -9221
-3354 -9214
-3313 -9205
-3263 -9194
-3254 -9192
-3205 -9181
-3165 -9172
-3143 -9167
-3095 -9156
-3082 -9153
-3039 -9143
-3009 -9136
-2962 -9125
-2945 -9121
-2907 -9112
-2886 -9107
-2840 -9096
-2815 -9090
-2786 -9083
-2749 -9074
-2704 -9063
-2655 -9051
-2651 -9050
-2604 -9038
-2561 -9027
-2522 -9017
-2487 -9008
-2460 -9001
-2437 -8995
-2395 -8984
-2376 -8979
-2327 -8966
-2301 -8959
-2264 -8949
-2216 -8936
-2176 -8925
-2147 -8917
-2100 -8904
-2082 -8899
-2039 -8887
-2014 -8880
-1982 -8871
-1943 -8860
-1898 -8847
-1860 -8836
-1829 -8827
-1788 -8815
-1771 -8810
-1734 -8799
-1687 -8785
-1677 -8782
-1634 -8769
-1601 -8759
-1578 -8752
-1542 -8741
-1500 -8728
-1471 -8719
-1426 -8705
-1410 -8700
-1375 -8689
-1356 -8683
-1315 -8670
-1293 -8663
-1246 -8648
-1218 -8639
-1184 -8628
-1144 -8615
-1101 -8601
-1055 -8586
-1052 -8585
-1008 -8570
-967 -8556
-929 -8543
-894 -8531
-862 -8520
-833 -8510
-807 -8501
-784 -8493
-764 -8486
-727 -8473
-710 -8467
-665 -8451
-651 -8446
-612 -8432
-587 -8423
-551 -8410
-540 -8406
-499 -8391
-469 -8380
-450 -8373
-415 -8360
-372 -8344
-364 -8341
-327 -8327
-298 -8316
-277 -8308
-264 -8303
-220 -8286
-189 -8274
-171 -8267
-130 -8251
-102 -8240
-69 -8227
-31 -8212
11 -8195
43 -8182
70 -8171
92 -8162
131 -8146
148 -8139
177 -8127
218 -8110
261 -8092
292 -8079
311 -8071
337 -8060
370 -8046
410 -8029
417 -8026
454 -8010
484 -7997
507 -7987
546 -7970
571 -7959
580 -7955
618 -7938
647 -7925
689 -7906
700 -7901
735 -7885
759 -7874
796 -7857
809 -7851
850 -7832
878 -7819
910 -7804
927 -7796
946 -7787
969 -7776
994 -7764
1025 -7749
1058 -7733
1093 -7716
1132 -7697
1173 -7677
1210 -7658
1245 -7640
1278 -7623
1309 -7607
1338 -7592
1363 -7579
1386 -7567
1407 -7556
1426 -7546
1462 -7527
1490 -7512
1503 -7505
1540 -7485
1575 -7466
1586 -7460
1606 -7449
1635 -7433
1673 -7412
1682 -7407
1716 -7388
1741 -7374
1757 -7365
1780 -7352
1810 -7335
1847 -7314
1854 -7310
1887 -7291
1913 -7276
1944 -7258
1973 -7241
1995 -7228
2022 -7212
2059 -7190
2064 -7187
2102 -7164
2135 -7144
2163 -7127
2186 -7113
2204 -7102
2235 -7083
2248 -7075
2282 -7054
2303 -7041
2332 -7023
2369 -7000
2377 -6995
2412 -6973
2431 -6961
2461 -6942
2472 -6935
2508 -6912
2533 -6896
2547 -6887
2578 -6867
2595 -6856
2632 -6832
2652 -6819
2678 -6802
2707 -6783
2739 -6762
2742 -6760
2773 -6739
2795 -6724
2814 -6711
2849 -6687
2865 -6676
2878 -6667
2914 -6642
2937 -6626
2970 -6603
2980 -6596
3007 -6577
3024 -6565
3055 -6543
3087 -6520
3112 -6502
3130 -6489
3159 -6468
3170 -6460
3196 -6441
3211 -6430
3245 -6405
3276 -6382
3311 -6356
3315 -6353
3348 -6328
3377 -6306
3402 -6287
3423 -6271
3440 -6258
3470 -6235
3483 -6225
3505 -6208
3536 -6184
3545 -6177
3577 -6152
3600 -6134
3614 -6123
3647 -6097
3666 -6082
3690 -6063
3719 -6040
3753 -6013
3758 -6009
3789 -5984
3815 -5963
3836 -5946
3863 -5924
3874 -5915
3897 -5896
3926 -5872
3932 -5867
3963 -5841
3995 -5814
4008 -5803
4041 -5775
4061 -5758
4088 -5735
4095 -5729
4124 -5704
4146 -5685
4169 -5665
4200 -5638
4208 -5631
4233 -5609
4259 -5586
4268 -5578
4296 -5553
4315 -5536
4344 -5510
4354 -5501
4375 -5482
4407 -5453
4430 -5432
4442 -5421
4467 -5398
4480 -5386
4507 -5361
4521 -5348
4550 -5321
4581 -5292
4597 -5277
4614 -5261
4634 -5242
4655 -5222
4677 -5201
4700 -5179
4724 -5156
4749 -5132
4775 -5107
4802 -5081
4830 -5054
4859 -5026
4889 -4997
4920 -4967
4921 -4966
4951 -4935
4980 -4905
5008 -4876
5035 -4848
5061 -4821
5086 -4795
5108 -4772
5128 -4751
5147 -4731
5165 -4712
5182 -4694
5198 -4677
5213 -4661
5242 -4630
5256 -4615
5283 -4586
5296 -4572
5321 -4545
5333 -4532
5356 -4507
5367 -4495
5388 -4472
5398 -4461
5427 -4429
5446 -4408
5474 -4377
5491 -4358
5516 -4330
5524 -4321
5547 -4295
5562 -4278
5584 -4253
5611 -4222
5631 -4199
5650 -4177
5675 -4148
5681 -4141
5704 -4114
5732 -4081
5743 -4068
5770 -4036
5786 -4017
5812 -3986
5836 -3957
5855 -3934
5869 -3917
5878 -3906
5900 -3879
5917 -3858
5938 -3832
5963 -3801
5967 -3796
5994 -3762
6017 -3733
6036 -3709
6051 -3690
6062 -3676
6080 -3653
6105 -3621
6112 -3612
6136 -3581
6153 -3559
6163 -3546
6186 -3516
6199 -3499
6215 -3478
6234 -3453
6256 -3424
6281 -3391
6284 -3387
6310 -3352
6330 -3325
6347 -3302
6361 -3283
6386 -3249
6397 -3234
6416 -3208
6424 -3197
6445 -3168
6458 -3150
6476 -3125
6499 -3093
6504 -3086
6526 -3055
6538 -3038
6557 -3011
6564 -3001
6587 -2968
6612 -2932
6621 -2919
6632 -2903
6656 -2868
6669 -2849
6686 -2824
6705 -2796
6726 -2765
6749 -2731
6751 -2728
6774 -2693
6795 -2661
6814 -2632
6831 -2606
6846 -2583
6859 -2563
6883 -2526
6903 -2495
6912 -2481
6928 -2456
6951 -2420
6958 -2409
6977 -2379
6989 -2360
7011 -2325
7016 -2317
7039 -2280
7057 -2251
7070 -2230
7091 -2196
7110 -2165
7121 -2147
7135 -2124
7152 -2096
7172 -2063
7175 -2058
7197 -2021
7216 -1989
7232 -1962
7242 -1945
7259 -1916
7266 -1904
7284 -1873
7295 -1854
7310 -1828
7329 -1795
7333 -1788
7354 -1751
7371 -1721
7384 -1698
7406 -1659
7415 -1643
7429 -1618
7448 -1584
7453 -1575
7474 -1537
7485 -1517
7502 -1486
7521 -1451
7534 -1427
7554 -1390
7569 -1362
7586 -1330
7595 -1313
7614 -1277
7624 -1258
7645 -1218
7656 -1197
7668 -1174
7681 -1149
7695 -1122
7710 -1093
7726 -1062
7743 -1029
7761 -994
7780 -957
7800 -918
7801 -916
7820 -877
7838 -840
7855 -805
7871 -772
7886 -741
7899 -714
7911 -689
7922 -666
7932 -645
7941 -626
7958 -590
7973 -558
7986 -530
8005 -489
8011 -476
8028 -439
8039 -415
8055 -380
8060 -369
8074 -338
8083 -318
8096 -289
8113 -251
8128 -217
8139 -192
8157 -151
8164 -135
8174 -112
8187 -82
8203 -45
8206 -38
8223 2
8237 35
8248 61
8256 80
8269 111
8274 123
8291 164
8303 193
8310 210
8326 249
8335 271
8346 298
8359 330
8376 372
8378 377
8395 420
8410 458
8423 491
8434 519
8443 542
8459 583
8466 601
8478 632
8495 676
8508 710
8516 731
8527 760
8541 797
8557 840
8570 875
8580 902
8587 921
8598 951
8613 992
8617 1003
8630 1039
8644 1078
8649 1092
8665 1137
8676 1168
8683 1188
8698 1231
8707 1257
8717 1286
8728 1318
8741 1356
8755 1397
8770 1441
8771 1444
8786 1490
8800 1533
8813 1573
8823 1604
8831 1629
8838 1651
8851 1692
8857 1711
8868 1746
8873 1762
8882 1791
8895 1833
8899 1846
8910 1882
8920 1915
8933 1958
8936 1968
8950 2015
8961 2052
8969 2079
8982 2123
8994 2164
9001 2188
9010 2219
9021 2257
9023 2264
9036 2310
9047 2349
9056 2381
9063 2406
9068 2424
9081 2471
9092 2511
9095 2522
9108 2570
9115 2596
9126 2637
9130 2652
9139 2686
9144 2705
9155 2747
9161 2770
9169 2801
9178 2836
9188 2875
9199 2918
9211 2965
9212 2969
9224 3018
9235 3063
9244 3100
9252 3133
9259 3162
9265 3187
9276 3233
9281 3254
9290 3292
9294 3309
9305 3356
9312 3386
9322 3429
9333 3477
9342 3517
9353 3566
9355 3575
9366 3625
9375 3666
9380 3689
9388 3726
9391 3740
9401 3787
9405 3806
9414 3849
9419 3873
9425 3902
9432 3936
9440 3975
9450 4024
9451 4029
9461 4080
9470 4126
9478 4167
9485 4203
9491 4234
9498 4271
9501 4287
9509 4330
9514 4357
9521 4395
9530 4444
9532 4455
9541 4505
9546 4533
9554 4578
9557 4595
9564 4635
9573 4687
9578 4716
9584 4751
9591 4792
9599 4839
9600 4845
9607 4888
9613 4925
9618 4956
9625 5000
9628 5019
9636 5070
9638 5083
9645 5129
9650 5162
9653 5182
9660 5229
9664 5256
9669 5290
9675 5331
9682 5379
9689 5429
9695 5472
9700 5508
9707 5559
9710 5581
9712 5596
9719 5649
9724 5687
9727 5710
9734 5764
9738 5795
9743 5834
9749 5881
9755 5930
9758 5955
9763 5997
9768 6040
9771 6066
9775 6101
9781 6154
9782 6163
9788 6218
9793 6264
9797 6301
9800 6329
9805 6376
9807 6395
9812 6443
9815 6472
9819 6511
9824 6560
9825 6570
9830 6621
9834 6662
9837 6693
9842 6745
9847 6798
9850 6830
9854 6873
9859 6927
9860 6938
9865 6994
9869 7039
9872 7073
9875 7108
9879 7155
9880 7167
9883 7204
9885 7229
9888 7267
9892 7318
9893 7331
9896 7371
9898 7398
9902 7453
9903 7467
9907 7524
9910 7567
9912 7596
9913 7611
9916 7657
9918 7688
9921 7735
9922 7751
9925 7800
9927 7833
9928 7850
9931 7902
9933 7937
9936 7990
9937 8008
9940 8063
9942 8100
9943 8119
9946 8177
9948 8216
9949 8236
9951 8277
9952 8298
9954 8341
9956 8386
9957 8409
9959 8456
9960 8480
9962 8529
9963 8554
9965 8605
9966 8631
9968 8684
9969 8711
9970 8739
9972 8796
9974 8855
9975 8885
9976 8916
9977 8948
9978 8981
9979 9016
9980 9052
9981 9089
9982 9127
9983 9166
9984 9206
9985 9247
9986 9289
9987 9332
9988 9377
9989 9423
9990 9470
9991 9518
9992 9567
9993 9617
9994 9668
9995 9720
9996 9773
9997 9827
9998 9883
9999 9941
10000 10000
-9826 9998
-9924 9743
-9988 8554
-9999 686
-9998 -6974
