1038
-9982 -9925
-9924 -9924
-9867 -9923
-9811 -9922
-9756 -9921
-9702 -9920
-9649 -9919
-9597 -9918
-9546 -9917
-9496 -9916
-9447 -9915
-9399 -9914
-9352 -9913
-9306 -9912
-9261 -9911
-9217 -9910
-9174 -9909
-9132 -9908
-9091 -9907
-9051 -9906
-9012 -9905
-8974 -9904
-8937 -9903
-8901 -9902
-8866 -9901
-8832 -9900
-8799 -9899
-8767 -9898
-8736 -9897
-8706 -9896
-8677 -9895
-8649 -9894
-8594 -9892
-8567 -9891
-8514 -9889
-8488 -9888
-8437 -9886
-8412 -9885
-8363 -9883
-8339 -9882
-8292 -9880
-8269 -9879
-8224 -9877
-8202 -9876
-8159 -9874
-8138 -9873
-8097 -9871
-8077 -9870
-8038 -9868
-8019 -9867
-7982 -9865
-7927 -9862
-7909 -9861
-7856 -9858
-7821 -9856
-7769 -9853
-7752 -9852
-7702 -9849
-7669 -9847
-7620 -9844
-7604 -9843
-7557 -9840
-7526 -9838
-7480 -9835
-7465 -9834
-7421 -9831
-7392 -9829
-7349 -9826
-7335 -9825
-7294 -9822
-7267 -9820
-7227 -9817
-7174 -9813
-7161 -9812
-7110 -9808
-7072 -9805
-7047 -9803
-7010 -9800
-6961 -9796
-6949 -9795
-6902 -9791
-6867 -9788
-6844 -9786
-6810 -9783
-6765 -9779
-6754 -9778
-6711 -9774
-6679 -9771
-6626 -9766
-6605 -9764
-6553 -9759
-6522 -9756
-6481 -9752
-6430 -9747
-6420 -9746
-6371 -9741
-6332 -9737
-6303 -9734
-6255 -9729
-6236 -9727
-6189 -9722
-6161 -9719
-6124 -9715
-6078 -9710
-6069 -9709
-6025 -9704
-5990 -9700
-5964 -9697
-5921 -9692
-5904 -9690
-5862 -9685
-5837 -9682
-5804 -9678
-5763 -9673
-5714 -9667
-5706 -9666
-5659 -9660
-5620 -9655
-5589 -9651
-5566 -9648
-5528 -9643
-5513 -9641
-5476 -9636
-5454 -9633
-5403 -9626
-5374 -9622
-5338 -9617
-5295 -9611
-5245 -9604
-5238 -9603
-5190 -9596
-5149 -9590
-5115 -9585
-5088 -9581
-5041 -9574
-5021 -9571
-4988 -9566
-4942 -9559
-4929 -9557
-4884 -9550
-4852 -9545
-4833 -9542
-4789 -9535
-4764 -9531
-4733 -9526
-4696 -9520
-4653 -9513
-4604 -9505
-4598 -9504
-4551 -9496
-4510 -9489
-4475 -9483
-4446 -9478
-4423 -9474
-4383 -9467
-4366 -9464
-4321 -9456
-4293 -9451
-4254 -9444
-4243 -9442
-4194 -9433
-4156 -9426
-4129 -9421
-4086 -9413
-4070 -9410
-4033 -9403
-4012 -9399
-3965 -9390
-3939 -9385
-3908 -9379
-3872 -9372
-3831 -9364
-3785 -9355
-3780 -9354
-3736 -9345
-3697 -9337
-3663 -9330
-3634 -9324
-3610 -9319
-3567 -9310
-3548 -9306
-3515 -9299
-3468 -9289
-3454 -9286
-3417 -9278
-3394 -9273
-3362 -9266
-3321 -9257
-3312 -9255
-3272 -9246
-3241 -9239
-3219 -9234
-3184 -9226
-3171 -9223
-3128 -9213
-3098 -9206
-3051 -9195
-3034 -9191
-2996 -9182
-2975 -9177
-2929 -9166
-2904 -9160
-2875 -9153
-2842 -9145
-2805 -9136
-2764 -9126
-2719 -9115
-2715 -9114
-2672 -9103
-2633 -9093
-2598 -9084
-2567 -9076
-2540 -9069
-2517 -9063
-2475 -9052
-2456 -9047
-2422 -9038
-2407 -9034
-2366 -9023
-2340 -9016
-2303 -9006
-2292 -9003
-2252 -8992
-2223 -8984
-2205 -8979
-2162 -8967
-2137 -8960
-2105 -8951
-2066 -8940
-2059 -8938
-2014 -8925
-1976 -8914
-1945 -8905
-1921 -8898
-1880 -8886
-1863 -8881
-1819 -8868
-1792 -8860
-1755 -8849
-1745 -8846
-1702 -8833
-1669 -8823
-1646 -8816
-1610 -8805
-1597 -8801
-1555 -8788
-1526 -8779
-1510 -8774
-1475 -8763
-1456 -8757
-1415 -8744
-1393 -8737
-1368 -8729
-1340 -8720
-1309 -8710
-1275 -8699
-1238 -8687
-1198 -8674
-1155 -8660
-1152 -8659
-1111 -8645
-1073 -8632
-1038 -8620
-1006 -8609
-977 -8599
-951 -8590
-928 -8582
-885 -8567
-865 -8560
-828 -8547
-811 -8541
-780 -8530
-766 -8525
-727 -8511
-702 -8502
-666 -8489
-655 -8485
-614 -8470
-584 -8459
-565 -8452
-538 -8442
-503 -8429
-495 -8426
-458 -8412
-429 -8401
-408 -8393
-374 -8380
-361 -8375
-330 -8363
-312 -8356
-271 -8340
-248 -8331
-220 -8320
-187 -8307
-149 -8292
-144 -8290
-107 -8275
-75 -8262
-48 -8251
-26 -8242
13 -8226
30 -8219
59 -8207
100 -8190
112 -8185
143 -8172
162 -8164
188 -8153
221 -8139
261 -8122
268 -8119
305 -8103
335 -8090
358 -8080
397 -8063
413 -8056
438 -8045
472 -8030
481 -8026
519 -8009
548 -7996
568 -7987
599 -7973
610 -7968
645 -7952
669 -7941
706 -7924
719 -7918
747 -7905
762 -7898
794 -7883
811 -7875
847 -7858
866 -7849
887 -7839
910 -7828
935 -7816
962 -7803
991 -7789
1022 -7774
1055 -7758
1090 -7741
1127 -7723
1166 -7704
1168 -7703
1205 -7684
1240 -7666
1273 -7649
1304 -7633
1333 -7618
1360 -7604
1385 -7591
1408 -7579
1429 -7568
1448 -7558
1484 -7539
1501 -7530
1533 -7513
1548 -7505
1576 -7490
1589 -7483
1626 -7463
1650 -7450
1685 -7431
1696 -7425
1727 -7408
1747 -7397
1776 -7381
1785 -7376
1819 -7357
1844 -7343
1860 -7334
1883 -7321
1913 -7304
1950 -7283
1957 -7279
1990 -7260
2016 -7245
2035 -7234
2066 -7216
2078 -7209
2107 -7192
2124 -7182
2146 -7169
2173 -7153
2205 -7134
2210 -7131
2243 -7111
2271 -7094
2294 -7080
2312 -7069
2343 -7050
2356 -7042
2390 -7021
2411 -7008
2440 -6990
2448 -6985
2483 -6963
2510 -6946
2529 -6934
2559 -6915
2570 -6908
2595 -6892
2609 -6883
2640 -6863
2657 -6852
2677 -6839
2700 -6824
2726 -6807
2755 -6788
2787 -6767
2822 -6744
2825 -6742
2859 -6719
2890 -6698
2918 -6679
2943 -6662
2965 -6647
2984 -6634
3000 -6623
3029 -6603
3042 -6594
3065 -6578
3098 -6555
3108 -6548
3135 -6529
3152 -6517
3176 -6500
3207 -6478
3214 -6473
3246 -6450
3271 -6432
3289 -6419
3318 -6398
3329 -6390
3355 -6371
3370 -6360
3389 -6346
3412 -6329
3439 -6309
3470 -6286
3474 -6283
3507 -6258
3536 -6236
3561 -6217
3582 -6201
3599 -6188
3629 -6165
3642 -6155
3664 -6138
3695 -6114
3704 -6107
3736 -6082
3759 -6064
3773 -6053
3792 -6038
3816 -6019
3845 -5996
3850 -5992
3881 -5967
3907 -5946
3928 -5929
3944 -5916
3971 -5894
3982 -5885
4010 -5862
4027 -5848
4050 -5829
4079 -5805
4085 -5800
4116 -5774
4141 -5753
4160 -5737
4173 -5726
4193 -5709
4220 -5686
4227 -5680
4256 -5655
4278 -5636
4293 -5623
4316 -5603
4347 -5576
4355 -5569
4380 -5547
4397 -5532
4423 -5509
4432 -5501
4460 -5476
4479 -5459
4508 -5433
4518 -5424
4539 -5405
4550 -5395
4573 -5374
4585 -5363
4610 -5340
4623 -5328
4650 -5303
4664 -5290
4693 -5263
4708 -5249
4724 -5234
4741 -5218
4759 -5201
4778 -5183
4798 -5164
4819 -5144
4841 -5123
4864 -5101
4888 -5078
4913 -5054
4939 -5029
4966 -5003
4994 -4976
5023 -4948
5024 -4947
5052 -4918
5079 -4890
5105 -4863
5130 -4837
5154 -4812
5177 -4788
5199 -4765
5220 -4743
5240 -4722
5259 -4702
5277 -4683
5294 -4665
5310 -4648
5325 -4632
5339 -4617
5366 -4588
5379 -4574
5404 -4547
5416 -4534
5439 -4509
5450 -4497
5471 -4474
5481 -4463
5500 -4442
5509 -4432
5535 -4403
5552 -4384
5577 -4356
5585 -4347
5608 -4321
5623 -4304
5645 -4279
5652 -4271
5679 -4240
5699 -4217
5712 -4202
5731 -4180
5756 -4151
5762 -4144
5785 -4117
5802 -4097
5813 -4084
5829 -4065
5850 -4040
5876 -4009
5881 -4003
5905 -3974
5924 -3951
5938 -3934
5961 -3906
5970 -3895
5992 -3868
6005 -3852
6022 -3831
6043 -3805
6068 -3774
6072 -3769
6095 -3740
6114 -3716
6129 -3697
6140 -3683
6158 -3660
6183 -3628
6190 -3619
6214 -3588
6231 -3566
6241 -3553
6264 -3523
6277 -3506
6293 -3485
6312 -3460
6334 -3431
6359 -3398
6362 -3394
6385 -3363
6405 -3336
6422 -3313
6436 -3294
6447 -3279
6466 -3253
6474 -3242
6495 -3213
6508 -3195
6526 -3170
6549 -3138
6554 -3131
6576 -3100
6593 -3076
6605 -3059
6624 -3032
6631 -3022
6654 -2989
6670 -2966
6679 -2953
6699 -2924
6710 -2908
6723 -2889
6738 -2867
6755 -2842
6774 -2814
6795 -2783
6818 -2749
6820 -2746
6843 -2711
6864 -2679
6883 -2650
6900 -2624
6915 -2601
6928 -2581
6939 -2564
6959 -2533
6968 -2519
6984 -2494
6991 -2483
7010 -2453
7022 -2434
7039 -2407
7061 -2372
7066 -2364
7084 -2335
7097 -2314
7118 -2280
7126 -2267
7145 -2236
7156 -2218
7170 -2195
7187 -2167
7207 -2134
7210 -2129
7229 -2097
7245 -2070
7258 -2048
7268 -2031
7285 -2002
7292 -1990
7310 -1959
7321 -1940
7336 -1914
7355 -1881
7359 -1874
7380 -1837
7397 -1807
7410 -1784
7419 -1768
7433 -1743
7452 -1709
7457 -1700
7473 -1671
7484 -1651
7501 -1620
7507 -1609
7526 -1574
7539 -1550
7559 -1513
7566 -1500
7581 -1472
7589 -1457
7606 -1425
7615 -1408
7634 -1372
7644 -1353
7655 -1332
7667 -1309
7680 -1284
7694 -1257
7709 -1228
7725 -1197
7742 -1164
7760 -1129
7779 -1092
7780 -1090
7799 -1051
7817 -1014
7834 -979
7850 -946
7865 -915
7879 -886
7892 -859
7904 -834
7915 -811
7925 -790
7934 -771
7951 -735
7959 -718
7974 -686
7981 -671
7994 -643
8000 -630
8017 -593
8028 -569
8044 -534
8049 -523
8063 -492
8072 -472
8085 -443
8102 -405
8106 -396
8121 -362
8132 -337
8139 -321
8156 -282
8166 -259
8179 -229
8195 -192
8198 -185
8215 -145
8229 -112
8240 -86
8248 -67
8261 -36
8266 -24
8283 17
8295 46
8302 63
8318 102
8327 124
8338 151
8351 183
8366 220
8368 225
8383 263
8396 296
8407 324
8416 347
8432 388
8439 406
8451 437
8456 450
8469 484
8477 505
8488 534
8502 571
8505 579
8518 614
8528 641
8535 660
8546 690
8561 731
8565 742
8578 778
8587 803
8601 842
8606 856
8617 887
8623 904
8636 941
8643 961
8658 1004
8666 1027
8675 1053
8685 1082
8696 1114
8708 1149
8721 1187
8735 1228
8736 1231
8750 1274
8763 1314
8775 1351
8786 1385
8796 1416
8805 1444
8813 1469
8820 1491
8833 1532
8839 1551
8850 1586
8855 1602
8864 1631
8877 1673
8881 1686
8892 1722
8899 1745
8909 1778
8922 1821
8925 1831
8936 1868
8944 1895
8957 1939
8962 1956
8974 1997
8981 2021
8990 2052
9001 2090
9014 2135
9016 2142
9027 2181
9036 2213
9043 2238
9055 2281
9060 2299
9068 2328
9079 2368
9082 2379
9092 2416
9099 2442
9110 2483
9114 2498
9123 2532
9128 2551
9139 2593
9145 2616
9152 2643
9160 2674
9169 2709
9179 2748
9190 2791
9191 2795
9202 2840
9212 2881
9221 2918
9229 2951
9236 2980
9242 3005
9253 3051
9258 3072
9267 3110
9271 3127
9282 3174
9289 3204
9299 3247
9302 3260
9310 3295
9315 3317
9322 3348
9331 3388
9333 3397
9342 3438
9349 3470
9354 3493
9362 3530
9365 3544
9375 3591
9382 3624
9386 3643
9395 3686
9400 3710
9406 3739
9413 3773
9421 3812
9430 3856
9431 3861
9440 3907
9448 3948
9455 3984
9461 4015
9466 4041
9475 4088
9479 4109
9486 4146
9489 4162
9497 4205
9502 4232
9509 4270
9518 4319
9520 4330
9527 4369
9532 4397
9540 4442
9543 4459
9550 4499
9554 4522
9559 4551
9565 4586
9572 4627
9580 4674
9581 4680
9589 4729
9596 4772
9602 4809
9607 4840
9611 4865
9618 4909
9621 4928
9626 4960
9633 5005
9635 5018
9642 5064
9647 5097
9650 5117
9657 5164
9661 5191
9666 5225
9672 5266
9679 5314
9680 5321
9687 5371
9693 5414
9698 5450
9702 5479
9709 5530
9712 5552
9717 5589
9719 5604
9724 5642
9727 5665
9731 5696
9736 5735
9742 5782
9743 5790
9749 5839
9754 5880
9758 5913
9761 5938
9766 5980
9768 5997
9773 6040
9776 6066
9780 6101
9785 6145
9786 6154
9791 6200
9795 6237
9798 6265
9803 6312
9805 6331
9810 6379
9813 6408
9817 6447
9822 6496
9823 6506
9828 6557
9832 6598
9835 6629
9840 6681
9842 6702
9847 6755
9850 6787
9854 6830
9855 6841
9859 6886
9862 6920
9864 6943
9867 6978
9871 7025
9872 7037
9876 7086
9879 7123
9881 7148
9884 7186
9888 7237
9889 7250
9893 7303
9896 7343
9898 7370
9901 7411
9902 7425
9905 7468
9907 7497
9910 7541
9911 7556
9914 7602
9916 7633
9919 7680
9920 7696
9923 7745
9925 7778
9928 7828
9929 7845
9932 7897
9934 7932
9937 7985
9938 8003
9941 8058
9943 8095
9944 8114
9946 8153
9947 8173
9949 8214
9950 8235
9952 8278
9953 8300
9955 8345
9956 8368
9958 8415
9959 8439
9961 8488
9962 8513
9964 8564
9965 8590
9967 8643
9968 8670
9970 8725
9971 8753
9972 8782
9973 8812
9974 8843
9975 8875
9976 8908
9977 8942
9978 8977
9979 9013
9980 9050
9981 9088
9982 9127
9983 9167
9984 9208
9985 9250
9986 9293
9987 9337
9988 9382
9989 9428
9990 9475
9991 9523
9992 9572
9993 9622
9994 9673
9995 9725
9996 9778
9997 9832
9998 9887
9999 9943
10000 10000
4845 10000
-2794 9999
-9371 9973
-9895 9935
-9959 9811
-9987 9227
-10000 -3108
-9999 -6682
-9989 -8948
