6077
9560
12770
2117
25325
11037
29293
26638
21243
28595
29668
22487
25941
23525
28823
19519
19321
17785
15298
14944
22190
14858
10161
24510
24176
22224
18360
10238
25112
9837
26415
22215
21707
27810
25161
22034
20767
20202
19913
16633
16261
27019
22809
16056
17622
27830
29881
29409
21413
20748
14806
20262
18239
18650
27054
25116
17478
17006
25084
22893
16731
15141
13710
16430
13708
12682
12109
26888
19654
20536
12097
11847
12566
10947
22868
19924
15638
10826
28633
10613
29986
29845
29405
29066
29880
27726
27541
24066
26477
29437
27943
25789
24755
24010
26186
23983
23621
23446
21474
27491
25672
26544
22745
21114
21731
26327
20882
24491
24653
20680
20688
24347
29866
29098
27880
27448
27171
26232
25960
22425
25653
21297
20671
20372
26825
26415
24680
20053
21084
26835
27201
28024
26464
23756
28021
23632
19389
19078
18882
18479
18230
18121
18100
17712
21768
17593
17531
24219
24146
22399
20039
20015
18733
18617
29078
29473
26138
18410
18272
17477
17447
17387
27359
25110
22903
17360
17237
25135
17205
17205
26896
17176
20730
23530
27881
17457
20151
29376
19171
17315
17143
28781
17041
26723
27295
26095
24330
16821
23362
16743
29327
20780
16721
27189
21637
19703
29080
24820
24262
26588
23475
19298
16520
16401
16250
28051
26381
25504
22933
22684
22271
20530
21889
27232
22553
24418
25943
22012
21695
19918
21225
16992
16086
16023
15680
15632
26842
29738
25616
22619
17890
24419
22550
18942
20515
17808
17645
16166
27900
15463
28314
15460
15455
15439
15416
27940
27952
22927
20826
19316
18947
16359
22585
26874
15360
25802
18749
15333
28939
26817
25412
25377
24656
24604
24138
23350
21930
29614
21124
23997
22125
19627
25974
23460
19994
18584
18220
18026
26649
28693
25908
18945
16989
19790
23276
26176
23051
20445
22658
19535
18951
22940
25472
23615
23165
29954
29596
26659
23126
22127
21058
20985
20383
26989
20199
20050
22864
21638
19983
19580
19505
19344
17921
20925
27807
25655
20676
17842
25727
17588
26488
25679
24675
25851
20227
