6077
9560
12770
2117
25325
11037
29293
26638
21243
28595
29668
22487
25941
23525
28823
19519
19321
17785
15298
14944
22190
14858
10161
24510
24176
22224
18360
10238
25112
9837
26415
22215
21707
27810
25161
22034
20767
20202
19913
16633
16261
27019
22809
16056
17622
27830
29881
29409
21413
20748
14806
20262
18239
18650
27054
25116
17478
17006
25084
22893
16731
15141
13710
16430
13708
12682
12109
26888
19654
20536
12097
11847
12566
10947
22868
19924
15638
10826
28633
10613
29986
29845
29405
29066
29880
27726
27541
24066
26477
29437
27943
25789
24755
24010
26186
23983
23621
23446
21474
27491
25672
26544
22745
21114
21731
26327
20882
24491
24653
20680
20688
24347
29866
29098
27880
27448
27171
26232
25960
22425
25653
21297
20671
20372
26825
26415
24680
20053
21084
26835
27201
28024
26464
23756
28021
23632
19389
19078
18882
18479
18230
18121
18100
17712
21768
17593
17531
24219
24146
22399
20039
20015
18733
18617
29078
29473
26138
18410
18272
17477
17447
17387
27359
25110
22903
17360
17237
25135
17205
17205
26896
17176
20730
23530
27881
17457
20151
29376
19171
17315
17143
28781
17041
26723
27295
26095
24330
16821
23362
16743
29327
20780
16721
27189
21637
19703
29080
24820
24262
26588
23475
19298
16520
16401
16250
28051
26381
25504
22933
22684
22271
20530
21889
27232
22553
24418
25943
22012
21695
19918
21225
16992
16086
16023
15680
15632
26842
29738
25616
22619
17890
24419
22550
18942
20515
17808
17645
16166
27900
15463
28314
15460
15455
15439
15416
27940
27952
22927
20826
19316
18947
16359
22585
26874
15360
25802
18749
15333
28939
26817
25412
25377
24656
24604
24138
23350
21930
29614
21124
23997
22125
19627
25974
23460
19994
18584
18220
18026
26649
28693
25908
18945
16989
19790
23276
26176
23051
20445
22658
19535
18951
22940
25472
23615
23165
29954
29596
26659
23126
22127
21058
20985
20383
26989
20199
20050
22864
21638
19983
19580
19505
19344
17921
20925
27807
25655
20676
17842
25727
17588
26488
25679
24675
25851
20227
25571
19686
18036
24983
24575
17322
23224
20665
20335
27304
25779
22512
20263
18807
18658
18585
20632
28448
26106
22657
17000
16748
16244
16207
15999
15740
15524
15438
15381
28867
27639
25096
20621
15344
29108
29028
29832
28805
24408
25723
25600
24287
24139
22790
22313
24203
29557
18392
29286
27641
23259
26234
23981
26826
26808
23878
26685
26441
25277
23514
23049
20944
20533
20118
27496
24492
22531
20091
25430
18610
18345
18122
23436
21938
20965
17702
22107
17442
17434
17209
17137
27684
17117
26289
25888
19113
28848
24564
18109
26423
26045
24107
23876
29285
27653
22164
22843
22307
21935
21561
21150
20620
20389
20248
29811
29008
27998
22739
21494
18935
18073
26764
24090
21419
17031
27550
26649
22968
27525
22717
22004
21929
17767
16989
19637
16791
16624
25469
28408
20255
16477
16476
16434
29431
24561
24359
16350
16243
26498
23613
28507
26378
24118
22579
27585
21397
21015
29617
27212
29272
24752
24276
24014
18530
23021
22525
19006
28742
29937
24931
22181
21022
19973
19601
18389
20378
18243
29726
24041
18967
27290
27014
25379
25299
23064
21496
19151
19054
23824
19171
29704
18063
18047
17955
17545
16746
16225
16184
22475
19210
28568
16179
27864
16162
16134
16114
16040
21213
15945
29405
17725
21845
17426
29889
25064
16457
15672
20370
19381
20634
18797
25780
29748
23573
22805
21010
28139
27087
22244
25490
19439
27387
19512
28867
24055
23479
23050
27884
20435
25045
20407
21518
29747
28713
24254
23057
22003
20182
19738
26281
21924
23066
21610
19384
26494
25891
18091
18089
21543
26523
25250
19637
19396
28596
18868
18509
17926
17464
29499
24621
29101
29903
28952
26956
25105
23096
26947
22982
22714
22576
29651
27210
25631
24826
22598
25767
21462
21054
21024
20818
22270
22346
28223
27339
21888
20485
28039
20087
29346
29699
29186
26759
24986
25310
21733
21196
25328
18638
18595
28291
27692
24472
21369
18588
18535
20829
18419
18120
17717
17504
23627
28124
17418
24601
27086
28692
25369
22025
28403
26903
21963
24042
20455
25628
23940
24379
23554
25586
27493
22595
27099
28929
24892
24851
23598
23208
24185
21855
21737
21713
20135
28360
26206
19958
20968
29343
24140
20519
28841
28614
27636
22043
21951
21893
20364
19813
19736
28394
22562
25257
22140
25157
24298
21191
26417
21093
23007
22812
24557
22307
29711
29586
26681
24210
27733
27267
21385
21382
23585
29953
21285
21013
20664
20629
20259
19780
19942
19725
19716
29142
24454
19704
19648
19576
18901
18847
25560
28031
18598
18356
22964
18319
29684
18306
28433
18303
18250
29529
24180
23897
19347
18189
29613
18817
17791
17718
29198
29050
27727
27484
24585
21207
20883
19319
20133
28243
28461
26555
18914
26098
18630
18060
17673
17660
20979
17544
29081
25557
28362
23121
22782
17540
18959
17531
17518
22679
20172
21603
29404
28034
19142
28080
25998
18009
28844
28666
28200
27533
26814
25798
22445
28605
21245
17689
17488
27689
26745
26028
24583
24329
20940
18476
17484
17318
27440
17290
25572
18275
29552
28031
24763
24461
22799
19658
26133
23202
18759
18109
17591
17581
17685
24503
25873
24925
22839
22286
21724
24943
21523
28140
24423
19986
18397
18360
29644
17243
18506
27549
17627
17224
17186
17180
17091
17035
16958
24054
18102
17158
16934
29399
25455
28036
20769
22543
23602
20995
28554
23191
20600
21320
19758
29058
19155
19008
18363
23785
17737
21530
18112
17107
29608
26510
25875
25458
27524
25872
24244
23634
22730
22718
29330
22273
20865
25457
24547
20515
20091
19779
17719
17638
17137
16930
21707
16879
16859
16724
16712
25875
16807
16688
16675
16661
16609
29924
26936
25449
22200
18938
16604
16494
16481
16473
25826
25009
28438
24683
22786
22748
22540
29140
28891
27840
27746
26544
25121
22391
29292
26064
21023
24239
21155
21076
21008
19115
19376
29078
27171
27410
20852
19007
29598
18830
18519
20663
17213
16447
28899
25942
29327
28471
29261
28230
27921
25834
25547
24916
24743
24104
23505
23504
22703
28307
22349
24047
20834
19382
19380
19059
19053
20601
18621
28385
20353
17456
25974
20352
17178
17170
26312
17123
17016
29469
25528
18837
23720
26685
22485
23321
19994
16486
16415
16381
16320
16303
16291
16275
16241
22204
19536
25399
16184
20848
17351
26817
16158
26927
22934
21029
18839
21282
17867
26966
25701
19266
19035
19336
17626
17180
16145
28793
29269
23230
20719
17067
20857
25651
17708
24830
25051
24182
22777
22691
21346
28512
25345
29753
27714
24723
23439
22909
25352
20726
18991
17276
27119
22034
22677
29446
28946
28215
19653
25855
24725
23685
21811
21355
18661
18102
17866
16900
16840
21768
22992
21606
22373
28048
19871
19512
29043
28864
29309
28525
25106
24380
22677
22998
18694
18443
17280
16806
16591
16522
29914
28862
25861
24076
22597
16771
16190
16156
16071
16071
26512
23124
23073
21878
20846
29965
21117
29252
25470
28948
25338
22756
23447
21641
20976
21690
20696
26491
23049
18967
18808
28137
29680
27471
28299
26194
26022
21415
20809
18764
17867
17759
17570
17084
23105
27920
28197
21757
29658
23250
21330
24286
23164
17070
16992
23950
23274
28378
23081
21839
24553
21424
21075
19267
16912
16899
22677
24509
28420
25718
22321
25825
22055
20644
16517
16488
16394
16057
16021
16009
22367
20132
15998
15998
15947
15924
15860
15848
26765
15836
15822
25405
25007
23645
26800
26129
24039
20466
29793
28357
17273
16720
28949
16050
28892
27712
26336
25589
19696
23661
18868
18764
17641
17416
27420
27383
25688
22930
22114
21585
26624
26003
20009
17590
28616
27502
17336
17216
15808
28186
26701
20300
28378
25002
22248
21464
19121
18424
26010
24865
24628
27961
20434
18831
25020
26852
24780
20359
22302
29387
22052
20679
19738
28513
18920
25122
18230
28939
28101
27131
26479
25708
23991
20185
19246
19044
25294
28209
27260
25499
23415
23063
25411
22211
29813
20366
29045
28363
27430
27359
21660
29748
27362
24026
25902
21290
29850
28573
26484
26476
25792
28458
23738
22918
25859
22736
23776
21033
21603
21122
20982
20887
24847
20775
23589
20136
20047
29931
29223
27448
29174
23831
20034
28439
23176
19360
28715
28023
23003
22456
21082
19127
26879
25337
25218
18922
18680
28817
18611
29406
26150
22743
20212
19969
19720
23339
18551
18488
25537
22628
27383
25904
23406
22530
20860
29435
29326
29063
23315
20869
20837
20581
24173
20199
20126
20092
25131
23227
20009
18404
18323
20517
18298
18297
26872
26754
23568
25040
17969
17461
17456
17339
22421
17212
17163
22148
20059
22247
19617
17117
17054
27387
28680
25438
24147
23671
25715
22636
17336
17051
19405
29793
17035
27161
28082
19752
21349
26813
25691
16998
29365
20446
28541
29052
26084
22923
21953
16887
16742
16515
24006
16436
17752
16387
16095
26738
24126
29345
28269
23064
18305
26178
18708
19967
16043
22650
16765
15937
15893
15835
21699
15804
27987
26485
22596
27243
22559
29111
22338
21717
21095
29616
20927
27854
19690
19618
27124
18930
18721
18427
17988
17892
17511
25535
23198
21398
21243
17510
19944
16915
28996
27991
16900
16824
23254
23218
16918
21337
16395
16011
15848
15793
18351
29484
29680
24105
28649
17471
16238
20471
15790
17905
15768
15722
15707
15692
15676
27031
15662
21817
15709
15661
27344
17837
25070
28780
15638
15591
22755
28794
26660
23682
23264
22607
19174
22978
28893
27126
29519
26332
24279
26063
23497
29450
23361
23294
23189
22968
29856
27212
22934
22852
29939
22664
22491
22411
21823
23004
29121
27278
25794
21714
21456
22979
21838
29560
23738
21199
27506
21905
21023
20001
25010
19697
19403
19296
19229
27867
18872
18818
26322
23612
18344
27548
20681
18806
17888
28413
21760
18208
20978
28450
25269
23555
26371
22598
21389
18602
17715
17958
29562
25168
24712
22547
20771
17753
21000
17687
17490
20197
29423
17622
29302
25215
17452
21810
17287
17036
16938
29829
26364
26059
25827
24547
17360
16766
16634
16524
19535
16360
16297
17434
28206
16285
16279
16167
16079
28841
22382
26736
15834
15765
15567
29338
15564
25392
18961
25381
28100
21691
26865
20827
20191
20068
18920
26893
16179
24255
20933
20358
16630
29963
25619
24907
27906
24759
23545
23335
28473
23258
20284
22437
23457
22324
19349
27171
26885
26349
25835
23264
21095
24736
25792
20953
19205
19162
28736
20377
19016
18957
29626
24967
23322
18395
18184
23551
27677
23868
22384
18700
18176
17799
17253
21669
28530
26897
17240
22915
18069
