7662
6413
7326
6387
6033
4457
3055
2509
2023
1355
2365
8574
1339
354
7816
8213
7731
7403
7037
9925
8255
4961
9976
3691
7050
5081
6841
8662
4759
4364
4250
4182
9222
2869
1971
4128
9905
3403
1417
910
8091
9849
8511
8121
7319
2894
2429
4230
3043
2920
9447
8639
8624
3773
8463
3310
6255
5113
4176
2858
7264
7300
3771
1955
1448
8872
2173
7406
1728
1641
1627
9984
9538
8236
4986
2448
1013
2476
9592
9401
4118
3729
7239
9645
5263
1549
5072
8158
8904
8509
9271
7722
7713
6292
2383
6692
5076
4931
4134
5392
2927
2508
1791
1503
5452
1979
1473
5311
1368
9861
9899
8055
8161
8471
7225
5685
5536
4782
8885
1011
791
520
8663
407
140
3016
7139
6223
8710
1187
38
8310
6864
4647
7833
6224
3849
152
9090
7810
5042
5543
3780
2327
8319
6152
8729
5233
7960
7050
3680
2724
7552
6947
8370
5105
4806
4744
1202
8399
3458
2535
5820
3939
6887
6197
3116
3442
2240
9167
2194
7431
4478
9860
2998
1342
3358
3302
9354
9041
7366
1076
3608
9585
7933
3369
839
256
6841
8350
6546
4527
4207
9454
9227
9090
7872
7286
8499
6821
7993
9247
8006
9963
8813
8109
7523
7776
7301
9824
7126
8708
9766
7916
7116
7113
6702
6597
6871
6112
5713
5685
5876
7040
5564
5306
5276
5030
4881
4672
4592
9363
7860
5288
4504
7326
5808
7000
6684
9113
8810
6280
6264
5893
5525
5307
7103
5637
5136
4544
4120
9933
5313
4106
3984
3973
8607
4617
6195
7132
3691
3689
3624
3872
8170
3596
8143
6808
7049
8572
8420
8822
9908
7975
6809
6384
6021
5059
4892
4704
8641
6136
4632
4526
4089
8876
9038
3972
3853
3517
9946
3298
3230
6777
3131
3062
6945
9800
2662
2358
4002
9392
6181
2348
7824
4123
3312
2327
2241
2229
9734
8373
2151
7007
2135
5179
4320
3426
3083
5338
8018
7135
4965
4707
7242
3681
8168
9709
3308
2797
8855
2105
2053
1990
1885
1879
1762
1754
1741
1651
1640
1631
1620
5936
5140
3981
5617
3325
1593
1418
1379
9637
8397
1156
9988
9969
8371
8345
4301
8804
5564
2397
8295
2205
2000
2714
5919
1084
1041
9606
1026
3602
5888
7231
5493
6000
4024
1024
6592
1016
9479
8241
2731
2685
995
822
6386
9671
9165
8361
7993
6098
5987
8455
5880
5614
4875
4850
3333
3086
1893
1863
1151
8965
8195
6766
1755
1024
765
728
605
2313
586
9224
4260
7253
5108
4678
4379
4312
565
6291
5849
9980
4363
3968
6738
2381
1764
5074
6342
5975
6482
4281
9694
5029
3886
6938
5743
4894
4528
8041
3185
9440
8542
7748
7550
9054
8648
6139
5222
3722
3514
4962
2850
2574
7942
2473
2415
1994
6163
1634
1535
1383
9305
5103
4135
1628
1268
4541
4014
5170
1189
9862
8028
7658
8861
7864
6416
6149
6131
6064
5420
2387
1234
7645
1184
1393
1126
3195
944
927
901
8636
4595
778
757
1875
8969
9306
8853
8749
7765
6704
6606
6597
8901
6322
7800
6204
7294
6012
5484
5142
4584
3919
3845
3437
7562
7076
9137
7583
3779
2889
2838
2832
2746
6649
6169
5230
3494
9621
3358
2476
9708
4448
2301
2299
1946
1795
8866
9430
9478
8650
6228
5810
5156
4807
3570
2839
2558
2042
6169
2717
2082
620
9166
2475
598
559
544
1144
5817
5227
4833
3944
1032
543
538
535
503
9034
4662
501
468
438
7261
4424
417
9587
414
378
4631
6333
1278
5951
5605
7236
5182
981
7147
9911
8885
8314
7641
4922
4913
9049
9793
9101
4068
3122
8854
4700
7847
4581
9977
5001
3828
9137
7411
5175
2766
1757
4404
1249
2387
957
924
9470
782
9738
9549
9040
8183
8980
6479
5918
3766
3115
3050
891
7656
6962
4737
1763
845
616
7987
576
7498
2813
414
369
9780
7744
362
7331
4875
3992
9007
4128
2017
1490
356
350
5366
7511
324
320
2584
832
307
302
300
5783
1439
6670
6398
3608
9717
9304
6495
4578
4201
3096
9234
9864
8799
8144
6270
9344
5197
8180
7011
4766
9729
3560
2572
2376
8007
9104
7903
5455
4741
7032
3568
9129
3368
2163
9552
9838
9266
6218
4900
3736
3189
9811
8465
5306
6503
2081
2070
1677
773
631
7254
530
470
310
3699
6706
9122
7019
5544
285
268
5573
4237
4087
6633
5205
2681
1194
3570
1129
802
5725
2431
1752
3526
1426
9223
5690
5467
7286
9926
9637
2269
1524
260
255
246
7714
6934
244
8116
5640
2931
8508
7471
7392
7271
5396
4179
4013
5678
4022
3338
8836
4814
4037
3021
5377
8673
7609
7291
5499
5060
7621
2963
1289
6649
5239
8963
7318
4340
1557
1253
1609
7671
9262
9562
8232
5601
8559
5651
2884
2878
2514
1079
1047
975
2650
895
8190
9480
8824
8511
7285
5928
9487
8249
5286
4661
5772
4525
4240
8242
8010
6587
8596
6522
8863
6346
5338
5144
4906
4694
4616
4053
3898
3738
3630
3458
7364
5488
5215
3273
2453
2411
8431
2241
8925
9481
8368
7125
5392
7347
5326
1757
1374
1189
1180
945
837
8541
5165
740
7067
6812
669
549
432
7578
9758
9663
9782
9543
8546
5901
5613
367
237
220
219
214
213
8805
6487
6514
3679
1367
198
9804
3294
189
186
183
174
154
142
9234
6724
9013
8091
6664
6224
5554
3498
4010
2144
3999
1051
3795
9192
8012
6733
6597
123
9574
8403
5710
5015
4305
4295
6283
3503
2733
1830
103
9121
8039
8692
8242
7534
5754
5352
4525
3137
4489
9677
6681
3945
2128
1814
8971
1160
932
7235
1813
8664
4079
1548
1845
8642
8500
8155
7273
7057
5729
4668
9280
9266
8243
7137
4761
2655
2264
3355
8024
6978
4207
4177
3496
3248
3354
7783
3585
3243
2969
2280
2128
2087
9856
5197
4617
4314
3113
1803
1719
9142
1507
1211
1179
1172
897
3803
3302
556
9174
8884
7349
5967
1889
690
671
9359
4051
9268
5215
5176
6693
5087
6337
3945
9963
4630
4289
6909
3392
2864
7464
2037
1891
1851
1803
6226
1471
903
5216
530
4964
3157
7749
1686
9221
5995
4249
4228
5395
3569
5420
4623
3531
9536
6824
6592
3658
2353
5382
3364
1258
9824
4529
9905
9994
4066
2827
9591
1775
3570
8262
7971
6471
4861
3141
2750
1959
6604
5654
4984
751
8820
8646
7754
8656
8349
8187
6848
3159
8560
850
573
416
6456
366
340
258
5754
6608
6039
5391
3228
2676
4917
1291
7163
6172
3827
9538
6210
788
242
89
4852
2701
9814
9875
9313
6796
5463
2828
427
65
63
3178
9544
7698
7499
6193
2232
43
6795
9421
7837
5053
3545
2045
7144
367
9927
9384
8304
4883
3600
9620
8695
6200
5491
7744
9939
8753
6335
4193
9939
8074
5182
5159
4314
3402
3251
4991
8966
8949
6901
8947
7719
8612
7517
7638
6336
5772
5531
5435
9032
6345
9586
6267
4913
4751
4488
3679
9942
9929
9819
9757
7018
3662
3348
8866
8974
9949
9222
7864
6734
6457
6135
8021
6131
4944
4281
3729
9950
7493
4489
5629
4243
3519
3136
3015
2880
9384
9098
9895
8713
7909
8388
7103
7275
6508
5937
4528
3215
2875
2770
4879
5353
4586
3654
3173
2680
2679
2613
5296
2607
2524
5654
2856
9672
8144
7440
6105
4951
4802
9970
7184
6945
4751
9637
8559
6443
5527
5046
8817
4921
4932
4895
4235
3818
9808
7227
7661
7528
4870
3746
8291
6041
5300
3701
3063
9834
7340
5551
2919
2752
6481
2510
2360
2200
6628
3508
2512
9301
7501
5921
8223
5159
4852
2157
2142
2034
7493
2005
1883
9189
5962
2968
1790
7081
8679
7455
5101
4502
4215
3978
3694
3318
5395
2364
2003
2774
6927
6577
3689
7224
5164
2000
1791
2099
2518
6937
1701
7202
2640
4810
5383
1825
9683
8797
4604
2560
9659
6277
1629
2920
3139
9378
8543
8597
8002
7046
8825
8732
3884
3033
1674
7462
9612
9489
8411
7144
6761
9363
8538
9972
3778
9723
9116
7859
7376
6883
6185
7504
6437
7500
7336
7412
5599
5481
8269
5359
5359
7043
8886
6584
5211
4254
4223
4146
6374
4048
3825
7761
3816
3686
3622
9377
3552
3521
3177
3090
9968
8590
8427
7260
5397
5042
3452
2477
4053
2432
6702
6128
4239
2429
5576
4791
3869
2661
5200
2671
7829
3621
2358
2226
9391
2221
2150
2146
6108
6294
5720
5667
4012
8398
6127
2141
2823
2441
5279
4636
4129
1951
1898
9897
1853
1794
1654
8477
8001
7815
5455
7740
4100
8754
3604
2725
2009
7906
1591
7007
3339
6825
6605
9363
6844
8790
2149
8323
6848
1873
1793
1541
1531
8767
9500
2901
9191
6842
4948
4941
7487
7425
2471
5429
4519
9417
6355
9301
5271
8816
5249
4861
4807
3698
3582
3385
6440
4774
3368
2150
8167
4224
3218
2459
8860
6705
6188
5237
7615
4926
6601
4525
4530
4501
6983
5418
3990
3737
2803
1960
9400
6234
5971
8970
8966
8327
5124
3629
1538
9077
5964
6105
4740
2198
9753
9020
8875
7692
9424
7199
5626
5108
4936
4839
4616
4446
8004
9464
7418
4038
8921
3956
3695
6219
4859
4852
3577
3512
3478
2720
1843
5321
5885
4558
8285
7265
2994
7758
9261
1572
1530
1484
1479
8461
5010
9610
6272
2667
5503
4156
1465
1418
1398
1397
1382
1331
9831
9188
8861
2772
5508
5059
1298
1290
1243
1232
1750
2169
8936
8408
6010
5269
4654
4002
3151
2307
1401
1169
6469
1139
1129
9711
1092
2486
9593
9009
9818
5800
4108
3204
1798
1059
6321
1023
3596
1005
1000
999
976
9271
8590
9697
7607
8308
9936
6265
5781
8270
6889
5575
5286
4983
7980
4130
3693
6510
2440
9616
8287
6114
5790
5351
5355
7843
7239
8101
9578
8792
7530
6093
5773
5378
5183
4852
4683
7357
4345
3851
3833
3668
3435
6564
5661
6846
5523
9379
7547
6266
4282
3980
3629
4374
3191
2483
2330
1831
1738
1600
6556
8556
9490
7077
6522
9627
9443
9562
7767
9826
6067
5867
8616
5618
9782
5524
7487
6639
5132
5117
4095
3570
7291
6665
7388
2913
2624
8424
9143
7839
7697
6794
5709
2859
9134
9278
8738
8441
2606
2587
2283
7794
6837
8078
7690
9544
6335
8591
9185
7615
6288
4681
4430
5472
8376
4375
3748
8298
3762
3435
3411
9623
6091
3374
3227
5305
2684
9870
7300
3559
2564
2210
4211
3981
1873
1852
7766
8534
3746
1827
9657
6851
4542
3549
1588
9800
8695
8152
7007
6861
8800
4917
4605
4260
4603
9651
3719
2106
9673
9635
6263
3763
2272
7636
7617
7254
7910
7099
6934
6737
6297
6262
7281
6077
5425
5301
4932
4072
3973
3812
7036
6399
5982
8738
5476
4980
3855
3151
6480
9021
8954
8268
8187
3291
2549
2397
1941
1819
1612
1530
7251
1514
1507
8112
1491
7238
9821
5425
8688
4160
2196
1418
1412
1410
1358
8108
6612
1330
1314
1307
9108
1171
1164
1152
8582
9438
8180
8035
7237
7140
6116
6027
4075
5216
3378
2837
2739
1137
3941
8479
8467
8900
6264
5222
3642
9832
9142
7622
6081
5912
9673
8395
5640
3673
4843
3334
3288
2923
9460
6287
8152
3286
2819
2691
6210
3817
3686
2483
4660
6183
8823
9493
9637
8222
7888
6844
5487
8761
5884
3904
9146
3417
7776
7691
6357
4942
4442
2435
2246
2007
1858
1796
9279
7202
7835
7172
5102
3461
8122
3125
9984
8195
4985
2988
9265
2525
1476
1378
1239
9559
3002
2405
1085
9737
8039
6113
3659
8471
2612
1603
1336
2166
1083
1027
1016
3380
966
6729
5311
3213
1494
7304
9441
6647
5758
5031
7328
9162
6645
7579
5300
2443
9827
9793
9975
4212
3610
2167
2127
2119
1771
1419
2576
3780
939
927
1039
7218
914
7823
4190
7439
9511
1744
4317
909
909
888
885
875
864
5900
864
859
7294
8761
8466
8344
7182
6874
6513
9950
9383
8666
5896
5884
5382
4438
6973
3829
3543
3397
2674
2545
7283
6373
8932
2083
5770
2001
1726
9075
8833
7963
7149
2940
2173
8702
6669
3061
2591
1854
1701
1632
3671
8520
5445
1275
1207
903
835
831
6318
823
4144
817
842
802
789
785
774
4901
774
765
755
5723
5219
3085
750
749
702
1904
1415
5834
2012
7733
6247
691
687
6869
9954
1948
9187
8656
8932
8452
7549
4268
3754
3533
3010
6985
6322
3986
9329
3174
2895
2345
9892
9793
9413
7970
2971
7939
2537
8771
9723
7460
9696
6418
4618
2346
2009
7912
7604
6275
6237
5082
6357
5816
3976
3728
7520
5288
3697
8861
6922
6912
2138
3993
9809
1717
1692
1427
950
941
871
8568
5516
7237
9181
3809
3581
3176
1459
8317
837
8253
9656
8576
9453
7721
6824
8797
7639
8814
6785
6524
5314
4702
4458
3545
3258
3174
7889
2822
2507
1884
1269
1813
738
9789
8116
6442
8372
4141
3451
725
3674
686
5966
1325
3172
676
675
673
7022
672
9503
8846
8638
3842
6869
9191
9323
4578
3767
5426
2784
4506
6025
5257
3403
6971
2581
687
9975
665
658
651
647
2145
644
8442
8492
4185
6046
8922
8006
6486
6245
9565
6114
9155
5941
9461
8284
5707
5545
8277
6966
5080
5249
4776
4026
3842
3731
7447
5219
3213
2375
9806
1845
4787
2718
1504
1216
1040
643
640
9937
629
7580
6754
9983
5322
1018
619
5096
595
582
563
7730
6829
561
8215
618
546
9828
3486
6744
8192
3805
530
6396
7856
518
6689
1330
5841
516
6350
5965
3969
7174
3780
9041
8329
6886
8356
8228
6586
9982
3263
3263
7344
6563
5608
4677
3046
2900
5232
3510
2725
2370
1951
5495
7192
4778
1676
9300
1205
1053
2244
553
509
497
472
465
4396
2981
452
447
7344
435
423
2639
540
414
8316
397
392
370
352
352
333
328
327
300
9642
5362
296
5395
294
6537
287
9742
5923
9928
2835
286
285
5147
1573
7559
272
272
264
1594
8262
2535
5750
2701
1489
7811
5370
8325
1160
6002
3783
263
6257
8858
7245
3483
1294
258
9936
1342
8057
3912
4349
2956
1490
1396
246
2972
9389
2724
234
233
1434
228
224
213
204
1246
2479
1107
9655
9106
8771
8149
7175
6766
6696
8073
8909
6768
9418
6475
4484
4456
3716
3589
3171
3023
8240
1914
1727
4472
8753
2140
9643
1202
7900
8609
7797
7158
8500
7754
7147
4997
4437
1151
1078
4863
4575
1069
1290
822
3467
698
7693
6193
5351
8501
9428
6892
5076
4742
6839
6207
4992
3806
3675
3161
3149
3486
9331
8866
8750
8452
7304
6748
7922
6418
9884
4954
4200
8941
9036
8829
9058
8726
7096
6886
8190
8169
7905
7801
6690
7756
6597
7019
6523
6377
5448
4749
8376
4688
4602
8656
8583
4536
4219
8197
5788
3878
3855
8523
7940
3565
3495
3329
9748
8579
8484
7186
2945
8995
6678
2877
2857
8687
8067
9404
6339
4561
2847
3864
2770
5890
4553
4206
2761
3464
2618
7163
8347
9484
9309
8058
8176
9814
9588
9540
9772
9200
8685
9055
7601
6625
6125
8736
9534
6818
6766
5938
5854
5068
4906
7897
4275
4104
4001
3952
3771
3704
6534
3856
4179
3622
3596
3472
3322
3801
3292
5759
3057
5243
8626
7916
5000
4663
8005
6393
8506
6050
7224
8393
6751
5985
6086
3498
3262
2968
3202
2638
2613
6936
2430
9379
6880
4895
8386
8066
7683
4461
3472
3173
3121
2385
2364
5587
4342
6049
2300
2299
2229
2210
9038
3761
2184
1909
1763
1518
1517
1429
1373
1327
9358
8198
2305
2102
1263
9538
9270
7499
7238
5853
5893
8059
5415
5380
5143
4153
4003
4914
6887
4303
3985
3901
3636
5785
2929
2924
9798
4205
7471
8762
7429
6353
4507
5971
5581
2583
2384
4878
2874
2594
7550
6125
6217
3523
8505
4883
8555
5947
9716
4042
2723
9711
5956
5076
3144
6415
5386
8652
2201
2127
4286
8251
5342
8102
8373
5991
5568
4661
4132
3339
3305
7621
6326
2414
2080
2074
6126
3173
7494
4891
7274
5941
5422
9606
9848
5349
4016
6798
2072
1884
1878
9387
8804
7535
7085
9558
4690
2456
9588
7000
5393
3626
3184
2910
2193
6796
3144
2040
1766
1663
2911
1454
1374
1313
7455
6395
5486
3342
1633
2816
5296
2361
1393
3790
1253
3100
6470
7916
6442
5496
2452
2158
1229
6057
3517
5369
2698
8645
7913
1747
9864
9978
2902
7127
6527
6297
2860
2754
1445
7395
1224
1309
9063
6246
1178
1174
8371
7154
1170
1165
2933
1121
5268
9555
9297
9323
9144
8366
7835
6534
6213
8294
5925
9602
5919
8809
8217
7533
6530
7315
5060
4881
4314
3797
3540
3230
2814
2656
2456
5419
2139
8397
4525
5299
2411
4798
7038
4078
3423
2457
2007
1825
4447
1797
1313
6795
1285
1111
992
6076
965
7385
3726
2573
1572
2332
951
926
901
3177
9529
6151
8412
7582
6083
5606
4988
9412
7102
6780
5410
4549
9683
9839
8862
6889
4340
4208
4053
3770
3136
3135
4735
4555
9529
2625
2435
2365
9003
1402
8464
5322
6291
8226
6474
8788
7865
4847
6622
2657
4862
7553
2592
2085
4881
2728
1947
9948
7043
5942
1902
1773
1143
1075
4090
907
884
2943
4694
9833
9037
7605
9477
4832
7416
4646
807
4907
800
8875
800
782
5973
4599
747
4295
2362
1644
743
733
714
694
668
668
2797
4587
3094
867
653
5074
651
7916
7107
7630
3583
3508
3337
2675
9375
8801
7218
7060
3751
2446
5034
4928
9293
9603
7766
3850
3500
2877
1966
1069
654
634
620
3808
3119
7277
2493
592
4374
3437
592
585
573
1887
6314
6272
560
7235
6997
6725
6236
9297
9174
8466
7837
6475
9905
3850
573
3594
541
525
513
9762
2055
934
7970
8394
9968
9257
8416
5711
7787
6352
6163
8288
5732
5366
5279
4148
8172
6290
5391
4085
8233
3846
6890
6248
6601
3611
3481
2791
2246
1987
1785
1232
9878
6344
7643
7085
4113
5570
2905
5580
2443
1907
8760
8355
7394
5014
1487
955
7297
9684
8802
8979
6996
6687
8607
5793
9767
9310
8298
5573
6783
5387
5101
7049
9873
9870
6234
6072
5039
4762
4294
6872
7741
7511
8391
4130
4013
3899
8697
8204
8136
9334
7909
9274
7183
6060
5379
6737
5070
3623
3620
3518
4307
3503
2833
2826
2712
9813
9339
8926
6401
6018
2598
2545
2500
9278
5909
4077
2479
2322
2189
2114
2083
5381
2817
2938
1634
1618
1527
1475
7707
5092
7843
7380
4659
7665
4580
4409
3565
2973
1438
9047
1283
7834
1255
2770
1057
4879
3702
9789
6598
2544
4920
983
934
894
891
882
828
2242
769
760
727
675
621
4144
7450
6727
2347
6825
1839
6225
588
6184
6188
3192
1244
4127
4330
3423
1048
559
1315
529
491
490
8670
467
459
9875
9782
8818
8216
7981
4177
6762
6406
7418
4129
4039
2970
8924
2698
6653
1729
458
432
9068
6932
5144
3480
1789
2438
7352
4394
1321
416
392
381
369
360
357
7352
2349
354
343
313
7915
300
288
278
7664
270
255
254
9410
2750
9904
9899
3592
2909
5588
4172
3473
2851
2786
7221
5714
2733
4990
2961
3839
8334
2459
8389
9838
9624
5414
2409
2090
4244
1823
4112
8798
1730
1665
8925
5067
1507
4429
4880
9297
9124
8383
7562
4218
7139
5994
3253
2087
1978
9414
1698
4123
1325
9857
6630
5705
3367
3132
2165
4655
2121
1191
1123
741
9307
7783
8435
5945
1281
505
366
8734
8495
317
213
3218
7635
2838
8838
7673
4442
299
213
213
3156
1271
206
199
5499
3969
3134
3261
1555
8415
7486
4367
4335
3741
3457
7564
6479
4968
4588
4196
2329
2169
6711
4493
2912
6998
2166
6362
3781
2135
2066
6444
4678
5564
1887
2935
1311
1199
1075
913
3543
3001
6258
1540
895
877
6664
3619
9381
7535
3669
7617
6469
3155
3061
2973
2827
2671
9778
8183
8177
7940
9752
7894
7123
6155
5737
4654
4230
7474
3906
3895
3685
9738
9817
7954
7726
3172
2733
7942
2653
2619
2429
2371
8862
6868
7674
8185
7765
6925
6823
6629
7302
5881
5839
4861
3956
3093
2707
9165
8647
8539
7081
5753
4316
2512
2058
9858
3394
1958
2525
1598
1556
1550
9903
8195
9094
7975
7440
6669
9932
6524
9606
9836
5765
7076
9646
7676
4535
4474
4447
3878
3978
3812
5915
9774
3550
4257
7547
6049
5883
5483
6407
9071
8983
8084
7589
3891
6357
8758
6295
9055
5138
3500
3492
3240
9178
6149
3147
3111
3002
2588
2564
2423
9146
4460
3790
1895
7724
7314
6163
7940
9666
6263
8115
5334
5290
4837
8047
7531
8988
8667
8499
6546
6443
5332
4899
4847
3700
3229
3086
2818
5580
4413
2266
6424
3438
2196
1868
1862
1497
9183
7795
7427
8624
6533
4552
1819
5710
1436
1361
1354
1327
8590
6690
3297
5611
4363
5753
5575
4259
6194
5754
4102
2333
8888
9869
8834
5134
1313
1306
5958
5367
6612
6434
5199
8441
4384
3253
2930
7821
7530
9393
6029
5668
2219
2118
1282
9164
6469
4911
4141
2494
8644
8516
8444
6743
1536
1230
8603
6181
1145
9625
9593
8475
7111
5925
5376
3471
2678
4687
2238
1730
1058
3881
3778
8864
6509
2908
5554
3897
3828
3013
7149
6976
2598
5908
1837
1035
998
959
934
8157
2276
9050
932
820
8987
9826
5343
3210
2086
783
777
4606
3746
3624
3702
3414
8304
4971
5124
4152
662
599
557
535
7851
5259
5100
532
482
4986
9476
585
457
1497
2001
3973
6190
4626
451
446
416
6798
2202
3016
9512
2420
8576
6680
9411
5707
9042
8422
8106
7202
6686
6353
6085
4872
7205
6198
7481
5433
9852
7794
6304
8632
4751
4746
4626
5192
4425
4267
8755
4171
7403
3987
3717
3264
3163
2539
5057
3058
2275
2268
9723
2756
4698
1944
1890
1820
1806
1794
2488
7545
1670
1580
3611
1440
1409
6108
2279
1374
1260
2309
965
889
793
785
596
564
396
371
323
294
8293
6275
3220
254
8813
5661
8967
8474
5238
5128
4384
3969
3572
3293
2532
8550
6673
9792
4663
2007
1387
3636
247
7340
8147
5329
9533
8573
6710
5057
237
7307
4242
214
199
195
703
191
190
7461
179
3448
9685
6753
7912
4437
9209
3425
9370
9732
8432
3644
1595
359
244
6410
7301
4801
2014
3535
174
2572
168
4663
8859
7489
5826
4636
8302
4239
9958
8270
5791
9645
8863
7814
6776
9272
8977
8069
6817
6703
9452
6818
6324
6248
5363
8067
7502
4898
5738
4692
3887
8066
7599
9949
9935
9898
9127
7078
5839
5629
7975
4242
3376
9188
8523
7550
3364
3293
3215
4296
2963
7703
4078
9136
8605
4610
5181
2757
3013
4705
2723
2718
3465
9074
8908
2670
2318
6233
4575
2155
1863
1860
5901
1765
9832
4292
1712
8998
7456
1669
1627
1558
4560
8937
4306
9113
3951
3066
2398
1275
9556
9446
9156
7178
7016
7958
4463
4209
3079
1196
1174
1967
5046
7923
1118
6127
1111
5433
9052
9003
4302
2736
860
845
771
5937
8456
6424
7929
2030
9219
8028
1726
6791
1408
3629
2944
4054
3498
760
517
3142
9542
9535
9231
9189
6548
9186
6383
6141
4511
4011
2892
1738
1564
9628
7028
4207
4063
3467
2303
1921
7848
6210
5786
9851
9211
8520
5397
5947
3092
2762
1892
6076
1090
504
7159
738
486
477
6493
477
463
8627
380
9146
7702
6033
5339
9709
3612
7367
5994
2379
1821
1588
375
371
4193
2062
8954
8855
8631
5976
5460
5024
3702
1535
284
8879
7919
3516
283
9599
201
7330
4026
9436
2225
847
9978
3348
194
8532
4644
8548
5654
5095
4016
182
8221
153
8441
7889
5263
5697
502
146
7800
3548
138
136
134
1772
132
131
126
7909
1741
8903
7992
8279
5413
8271
9544
5176
9162
6558
9914
6659
6306
5328
9311
8387
7549
4770
3482
3263
8538
7260
5956
3228
5759
3069
3050
2879
2266
8356
5525
7254
9486
1520
1311
1297
1282
1148
850
599
585
6880
1359
5426
122
7834
5748
2012
9723
5041
5577
7852
1403
1267
1183
5998
1128
819
119
9783
9574
6050
1474
1183
115
109
8279
1502
5314
103
101
100
100
98
8528
6547
7395
6485
5342
9134
7879
4098
3977
9373
3736
2473
1834
3484
1413
963
9792
9538
96
96
83
9915
6648
5002
3608
2498
82
82
9332
80
77
8448
9332
8303
7883
5784
5740
5396
9385
9639
6177
5062
4839
4634
8787
4358
4033
3804
8539
2904
1090
1247
5449
4104
3888
9849
9634
7819
4753
2856
1065
4527
9806
5073
2340
7861
9271
8541
6188
8288
5162
2340
9866
8212
4834
4257
7287
2032
3202
1397
948
6117
3838
1124
694
9635
9026
679
503
7039
483
799
6979
1699
406
9985
70
65
6312
9945
9748
9241
8448
8117
9622
9585
9541
6775
6622
6391
6357
5986
5600
9278
8112
5550
5345
8049
5303
6192
5203
4905
4808
4702
4079
4023
4283
3785
6483
4922
4081
3628
7452
6355
3533
6791
3517
3171
2908
4421
3565
2756
2748
2647
2517
5319
3372
2878
9217
2963
2475
8102
9827
9555
8215
9242
8691
6772
6323
5661
4853
3558
9937
8830
4840
9320
7643
8439
6808
6672
6499
4969
3422
3872
8048
8252
3359
2466
2315
2169
9956
7464
9216
2099
2071
7835
6888
2644
4633
2061
7328
8254
3849
1946
1610
9380
6089
5258
3584
3313
2666
9065
7429
6961
9739
4431
4841
2235
2197
2181
1581
1551
8539
5219
6923
7323
6395
8136
7083
6381
9092
9382
6968
6061
5900
5845
4378
3719
2751
1692
1645
1530
3913
8222
6045
6694
6042
7555
8291
7826
5571
9775
5380
4741
5436
3749
9937
3641
3351
2977
2752
2227
2192
7875
4425
1514
8984
1432
4698
1359
1237
1226
5273
3859
1158
1134
997
8573
3334
981
918
837
738
4842
722
9936
8335
1849
706
686
581
546
7534
6885
4277
6870
3367
3406
2320
1383
8851
3709
7666
3019
6227
1264
9717
6097
6798
6205
4199
2428
9694
7054
6841
5875
9638
9533
6436
5070
3624
9705
2146
1680
9886
9531
7313
6415
6170
6136
2967
931
5273
5837
6879
6096
798
4379
3730
3466
541
7162
9007
7868
6894
9928
9804
8478
7126
6842
5855
5441
5419
5336
4914
4568
2746
7073
7199
9762
2928
2101
1999
1218
1009
879
839
615
506
484
987
5876
5429
4695
8927
8825
9102
7897
7785
7337
6441
2569
6587
1470
477
7268
5493
456
2181
6614
6431
6021
5889
3801
7953
6486
5320
7548
4266
4130
9449
8752
5179
3605
9595
3331
2116
1927
6739
3414
8921
1477
1179
5684
4880
3476
5087
9167
6104
4727
5750
5672
4876
4617
1280
3633
1170
413
8020
6701
405
403
3686
346
1119
256
8982
6973
5903
8588
7098
9203
8642
6272
5773
9539
7141
9728
8330
5695
9471
5563
5207
6892
5252
9384
4477
4470
9927
8087
7498
5793
5510
5428
4980
3854
9028
3725
3434
3019
2959
8946
5734
9506
7109
5153
2530
2229
4680
1955
1848
1447
1080
893
833
8750
579
577
5740
364
251
228
5254
1067
171
148
135
98
65
6050
6011
6562
2462
5266
9977
8223
9768
9935
8462
8458
7000
6616
6096
5642
5541
5221
4638
9212
3842
3819
3231
2309
1987
4984
3865
1680
5798
4789
9517
3715
2106
9134
8848
9599
8029
8047
7999
4828
6933
4316
3792
3629
9504
9023
7921
5870
3351
3082
2992
2238
1699
3541
1666
1561
7738
1400
1189
7949
7806
6473
6913
5427
4595
9288
1008
7586
6015
8927
7465
6794
5351
4910
2147
7659
7361
9827
5204
4259
3349
4574
8268
7707
6702
7131
6567
5908
5652
5588
8214
5298
5157
4015
7349
3575
3506
3132
5208
4571
5168
3382
9953
4663
2856
2414
3593
8078
6660
2370
2325
6155
2162
9802
2003
9996
9921
9685
8594
8144
8015
7631
8111
7326
6656
7644
6484
6482
5785
5575
5054
4364
3625
8326
6055
3293
2765
5323
2405
3430
2359
8107
2949
2922
2049
1978
1958
1829
3881
2782
2525
2055
1788
4741
3036
7126
5263
8012
1578
3493
3415
6114
5402
1557
1472
1373
1363
1298
6861
7820
1270
9035
5256
1937
8286
1795
8168
1257
9755
9508
6986
5957
5580
5216
7295
3860
3606
1981
1804
9397
9710
8552
8015
6193
5290
3165
1566
1318
1231
1199
7500
3603
1172
1149
1116
2057
1021
946
8416
2760
1954
1220
9894
2248
6671
4646
2927
887
846
831
974
775
4153
9275
9032
8166
4250
3301
7134
2635
8039
2289
2030
5769
5502
1386
5780
4946
7170
811
775
733
1943
7628
5959
4905
9531
5182
4291
4124
3182
2820
1950
1300
8904
8304
9387
9348
7510
6431
5128
3816
4493
3397
4093
9832
9978
6047
3344
1995
1667
6023
5108
8738
8476
8344
4015
3922
4356
5855
9427
7355
8297
6668
6586
6402
6360
5437
4733
3766
3658
7887
6614
5640
7124
6440
4571
4235
4621
4142
4114
9137
3511
7112
3029
5690
4527
4235
3025
2953
2935
2899
2751
2522
2485
1939
1795
1728
1716
1685
6278
7123
6007
1956
1499
9736
1277
1227
3517
5516
1941
1531
1142
5815
4009
3482
3218
4382
1124
943
892
877
7116
9921
7601
6522
6434
6356
8884
7565
7518
6302
5352
4924
7196
5208
9913
5203
4886
9647
8185
8124
4802
8137
4773
7159
7460
6970
7551
8705
6512
4475
4060
3956
3897
3744
3903
3563
7968
5520
3307
5366
3079
3010
7005
6196
2865
2583
2564
2528
2309
2147
6649
5314
3205
2066
1690
1603
844
817
807
4269
723
710
670
627
623
622
6761
8725
3842
5967
6101
2072
9281
579
575
5970
7810
1611
6643
3012
9678
6297
4924
3786
777
604
554
6378
536
8071
3944
536
511
507
498
452
9283
6153
8725
6020
5038
3859
