9952
8161
9213
9770
9069
8818
7963
6980
1642
2691
1302
5815
6824
5693
5675
3517
2989
9627
9276
4280
9953
3696
3145
7857
8492
4960
2843
2783
2412
3626
8817
8325
6177
7711
5462
4823
3865
2137
1913
701
7098
9241
8406
7216
6430
3897
9882
7027
6512
6605
2997
2231
7341
6144
2286
1096
9897
7138
9762
6815
6805
7537
6640
8522
6319
5842
9908
8566
7866
7368
6478
6465
6427
5753
5392
5353
7626
5054
4348
4160
5285
4322
9885
9995
9106
6330
4042
9492
8444
6745
4694
4590
4475
4314
3925
3895
3696
3592
7301
5650
4462
3395
6157
3350
3610
3158
3438
2951
8778
8760
5972
3383
2834
2719
2607
2581
2475
2370
2288
1989
5722
1762
1618
1582
1321
7424
6578
7281
7597
7907
6263
5583
9932
9830
6568
5425
4768
4418
4133
3899
3470
3335
5000
3179
3177
8362
8007
6859
9585
6849
5139
4775
4317
5717
4948
4158
2552
2354
9764
6136
5076
2041
1483
6855
8925
8111
8470
4825
4084
7179
4029
8521
1433
8778
1361
4419
9004
7935
4315
9373
8916
7313
9727
7408
7252
6255
4697
4648
2683
8137
7845
6674
5579
5152
9194
9726
3742
3499
3444
3171
7417
8118
5420
1736
6794
2838
1336
1260
1715
6163
8654
8322
8281
8089
8538
7739
6940
6418
6347
5888
5540
9634
6852
5193
9424
3446
1470
1244
8552
7969
7440
9891
6145
4300
3488
3252
3135
4733
4568
7501
5818
5437
4502
7239
2430
7194
6213
3641
3345
5163
4398
2491
2248
2376
8350
5585
9913
7312
5760
7974
8161
9333
2968
2486
2471
2245
2203
2017
1957
1951
1789
6749
1440
1391
1311
1173
1031
9001
983
1218
8376
7927
2311
945
9970
914
903
892
883
861
830
4057
8801
749
720
717
6226
637
607
5347
9552
8405
6645
3274
1467
5856
9410
2446
4146
864
765
5714
3445
1572
9997
7052
4637
1552
3566
596
536
3344
764
523
379
361
341
1178
6036
309
9468
9318
5054
4505
3703
7811
3627
8302
5962
664
568
5112
5570
284
7546
7177
275
263
4697
7083
241
2305
504
2229
4613
9831
5268
7836
7401
3929
1885
4438
1091
656
238
8246
7633
8645
198
176
130
125
289
408
4162
3189
3499
9461
9239
8489
7494
7114
5499
4553
3889
4015
6073
7301
4210
2469
9145
3667
3612
7801
4829
2236
2184
5457
2110
2094
2011
1916
1681
8536
7246
8350
2324
1553
3458
1873
5993
1364
2488
7069
1303
7813
3306
6576
1144
932
897
2190
878
8981
6277
914
2095
4052
815
9833
5551
4659
732
673
3524
6832
5277
8552
4714
9219
4612
3469
9532
3285
3182
1744
4219
1689
1493
1327
1101
409
249
120
6724
4765
97
29
1153
8850
3116
686
5432
4155
7102
6732
7273
5543
5491
8748
6928
6420
3890
2625
5304
2519
2917
2147
1863
9620
1424
6871
8303
1494
1215
3068
1203
994
963
8969
7250
1905
443
2870
421
42
5612
267
9534
9207
9070
8736
6340
5714
9868
9105
7187
6873
6645
5238
5137
4968
4237
4010
3011
9708
9034
7630
5289
8953
4856
9805
6420
7249
5558
9511
4846
4301
4174
4033
9573
5199
3980
9606
3554
6942
3469
2609
9069
9234
2539
7173
9543
9826
9384
9182
8156
7873
7840
6708
5164
9462
9127
8759
9300
5737
5157
5712
4586
4373
4332
8375
8602
8334
9699
7711
7653
7574
5906
5381
4527
4508
4367
4637
4158
4789
5474
4049
7068
3869
9438
7583
6991
8932
8421
9248
8303
9370
6494
6292
7144
7437
6416
5900
5463
9614
9271
5229
5025
7000
4962
4614
5554
4497
4481
4444
4434
4424
7286
8940
8167
6360
9977
9195
5831
5204
8885
4463
4608
5065
4376
4124
9615
4055
4008
3833
3686
3352
3320
3295
5107
3292
4342
8260
6008
6566
7284
6473
5949
9021
8343
5584
4749
5246
9249
6533
6262
5344
4852
9347
4893
4659
3274
8358
7781
9497
9807
9832
8307
7441
6838
9828
6396
5503
4672
6881
7161
4576
4458
4430
8113
9902
8193
7368
8994
5606
4920
4588
4325
3961
4935
9024
3910
3860
3226
8488
9025
7361
9868
7315
7088
6882
6825
6085
4548
6639
6664
5037
9693
5880
4023
3922
3761
9650
5468
3166
3135
2877
5403
2788
2763
8347
2740
2703
8981
2731
2702
8627
5508
2614
2470
7101
2451
9609
8127
9162
7315
6475
5998
5204
9650
6947
5117
4182
3829
6717
3444
3337
3280
3025
3339
3170
2342
5216
2336
2311
9935
3254
2644
9869
8507
8128
7364
5174
3885
2335
2197
2173
2156
2108
2072
3344
2020
6288
1976
1971
1961
8016
7339
2922
2812
1920
9818
8417
1894
5603
1817
1810
1797
1785
1769
9991
9838
5375
3610
9896
6423
4646
3582
8666
9292
7898
6496
3316
7061
8909
7598
5863
5427
4958
3958
8794
8048
9509
3864
9767
9640
8859
8661
8293
7578
5673
5266
6312
5565
5262
5095
8127
7716
4564
3965
3281
3113
7884
2828
2896
2606
2207
1760
1716
7126
7364
6709
5657
5080
4517
4417
4105
3008
2929
9036
3622
3096
1895
8905
1867
1703
1697
1688
1622
2258
8236
7763
6543
6014
8123
4191
3837
3739
3653
3543
5052
4249
8226
7607
7174
3180
2844
4683
2790
2752
7732
2733
2529
1957
5172
9750
7001
6744
1619
8364
1613
9635
1579
1545
1528
6113
5862
6764
9971
7950
6660
6039
5779
9234
4551
4255
3599
3553
2712
8071
7468
7174
7042
9790
9297
5123
2703
2513
2325
1854
1510
1489
6057
4532
7832
4910
2156
5901
9885
9315
8122
8268
7715
6658
5333
8617
8480
4471
6574
4028
3990
3505
8351
5453
4762
3152
9290
2988
4620
9337
7731
2864
2737
2680
2672
2484
7872
2612
2172
2128
2037
1461
9396
9124
1448
9551
3204
1422
1416
7273
6943
5097
4832
4441
6357
5230
3663
1368
1339
1307
9548
9011
8994
3678
2925
9557
4705
1297
1523
1281
1280
1261
1229
1182
9039
1157
7468
8377
6939
2796
8708
5143
2688
2542
1102
9025
7979
6999
6567
5997
8487
8151
5886
5670
3522
3343
9108
7459
5115
8868
5382
5215
3268
3195
3059
4420
8978
6490
9475
9006
7137
6040
5857
5608
5150
3873
6415
5108
3584
3075
2934
6012
2796
2699
4132
5211
5484
5034
2573
9858
6825
5175
8073
1385
9996
9253
6350
4639
9179
4104
1178
1088
1072
8465
1065
1064
1057
4247
1001
997
984
960
7064
2179
902
883
9379
7607
5105
3354
4822
7429
4624
8885
7981
7415
5900
852
6744
947
1325
852
3526
834
826
6437
799
788
761
745
7948
8380
6783
5841
5032
9776
4466
743
5639
738
6752
9887
8134
2653
2545
738
2253
9149
6742
4010
3692
8266
7873
4247
3924
2933
2893
2835
1483
1019
2685
953
896
736
5865
7781
7297
6522
4805
9352
4287
3835
2214
5190
2020
1701
9802
9451
9839
8436
6262
5559
5258
3303
2204
8778
8092
6796
5963
2186
1758
1541
9585
6590
6113
4690
4350
1464
1297
9653
5806
8677
1034
6089
4291
5308
8727
5244
8863
4203
2292
1249
781
731
7923
720
703
4116
678
656
9198
9177
8065
9191
9700
7207
6260
6170
8697
7959
8100
6875
8100
6599
6078
5921
7570
5965
4181
9185
8047
5443
4141
3741
3508
7046
2916
2439
1835
1367
9359
3487
1025
986
8493
779
6039
3991
646
7270
598
2530
7982
5590
1765
1720
9304
593
8130
581
537
535
7135
1452
527
8541
2972
934
520
6296
9214
7869
4842
510
506
9351
7155
3754
9032
2482
2137
7594
828
6625
7241
478
459
8667
456
2603
450
443
5910
3090
3402
2504
3690
426
422
3976
420
370
6559
5333
368
8078
1367
8420
6222
6604
6932
4212
2464
5254
8795
6068
9022
4365
1728
1637
354
354
350
5133
3012
2252
348
8727
9891
4577
2012
1619
1409
7947
4629
3002
1729
1146
9592
9900
9453
8380
8913
7880
9408
8616
7789
7236
6942
918
3223
9004
6773
2111
905
5413
4275
861
725
2778
673
631
5347
376
339
332
3927
3500
5610
4266
9461
4032
3412
1636
5727
5356
5166
8138
3914
3682
5009
3466
8231
822
447
7971
7827
4192
1845
348
8874
325
311
308
8597
7837
2768
5239
626
7893
298
298
294
257
239
273
2359
235
5046
3021
232
227
222
217
7638
3642
7627
6196
207
193
6309
5020
2286
8090
8046
9849
6135
9113
5870
2131
4418
2842
1390
169
164
9761
153
149
8302
7585
3901
2684
8434
7981
1829
1364
142
137
2426
7022
8159
5616
5571
8874
8288
6086
4968
4871
4532
6124
2786
124
124
7546
6251
3401
6847
9306
5913
4626
6608
6967
2357
2004
9830
1388
8687
7755
7275
7091
9177
7250
7220
5725
5076
6340
3492
5743
2897
1640
7825
7920
7298
7245
6863
5522
5061
5023
5469
1590
1564
5268
1849
7965
1258
1599
1111
8740
7935
3545
4072
2728
7310
6308
5712
4480
2385
7001
5244
969
911
7724
639
6817
1981
1206
9406
7699
8024
7760
5482
7904
5060
9926
6596
5016
4538
6032
6917
9580
3609
7562
2753
1525
940
7954
9635
8285
6944
6583
9173
6001
9059
9568
7126
6366
6583
6338
5497
5148
4662
4409
3817
8573
6205
4895
2482
9302
6406
6190
7693
2482
2393
1962
9643
7443
7287
6515
6044
9122
7459
5821
5710
5186
9195
3215
2401
1654
3993
3513
9241
9224
8808
1651
1270
1173
5277
4223
5010
1633
1098
4445
1764
1165
1124
1062
954
905
839
6267
1793
797
766
6740
6934
5559
6984
5849
5897
5629
5119
5625
3250
2415
6865
5975
9392
2550
8393
1816
9977
7062
1762
1250
1216
698
564
429
408
9437
7629
1344
5627
481
8476
9251
8453
6242
5707
2031
5755
5075
2360
357
4929
8624
8562
8441
7582
7690
7252
8557
7203
6900
8123
6785
6325
9918
5581
9718
8337
8032
5535
8889
5280
5277
5058
4261
8874
4255
7065
9318
6521
6001
4205
3961
3405
9632
3140
4344
2914
2911
7229
3061
5670
2756
4896
2492
1807
1715
1492
1434
6581
7962
4651
9615
3876
941
346
256
5920
1678
184
5867
184
3556
84
80
5254
4937
3950
1659
7811
6011
5310
7081
6866
5454
4980
7343
6863
6312
4215
4026
9601
3830
2145
9037
7162
5064
2051
1962
7140
1861
7393
1811
1794
9806
9026
9961
9787
7798
7831
3105
6735
9285
5285
6351
5654
5569
4789
7825
4730
3773
3200
3141
2978
2726
9920
9543
9218
9087
7913
7474
7630
9167
8238
6836
6557
6349
5495
9328
4553
4317
4272
5938
1948
8777
8273
4349
1764
8298
9750
9893
9497
8369
7499
7298
9706
6228
5697
5488
5285
3479
4155
3357
2802
2369
8613
3976
9210
1779
1554
1382
7404
8775
8705
6849
2513
1723
8800
8868
8312
9744
9271
7643
6866
6470
9527
5395
7332
5206
7657
4355
9975
4495
3074
2987
2334
2010
1866
1156
9501
6824
2957
1137
6184
4554
9795
8569
3333
3085
7301
8165
7804
4665
7541
9217
7965
6612
6630
5077
9975
7600
1264
1087
1058
2834
9446
9413
4961
4716
4665
3696
1289
951
934
932
908
823
821
819
7798
3604
782
3105
1566
1147
719
7302
4072
3962
2832
4914
704
5608
3526
4874
2177
682
3945
8694
7907
7878
6871
5989
3486
6723
6025
7199
3098
4256
7435
2950
8073
674
638
8186
4088
3538
8716
2198
631
623
589
8737
7156
9731
4881
9670
4677
4607
3710
2752
3036
2633
6800
8544
2888
2473
1901
4751
1660
1305
903
528
499
494
469
468
2368
5500
9416
8573
8059
6991
3843
820
460
5717
4575
4223
2653
1298
1062
449
3150
445
435
425
414
414
7810
7940
8535
7425
5753
3824
3098
1312
514
509
352
330
8398
7495
5786
5709
9946
8337
7285
6637
6273
7475
6101
5794
5540
5513
5112
4919
4083
2719
8156
7228
5116
4440
2374
2313
1948
1853
6095
4045
7536
1817
8850
1139
1097
302
586
267
6520
5651
5541
5357
4693
2334
262
238
210
2124
180
9942
7348
5811
3850
3100
9562
9189
7665
9500
7010
9865
2889
2421
8473
9247
8207
7396
7263
5265
1174
8157
8327
6913
2836
8566
817
574
4268
573
159
153
107
94
9533
8387
8471
8125
7112
8827
7467
7004
6837
8013
5601
6765
5593
5115
4963
7072
4738
5869
4693
4488
4295
4046
8405
8489
7613
7284
5793
5041
5028
4665
3636
3201
2643
7783
2483
2293
2244
2184
8637
1516
6568
1436
5042
8850
8772
9887
8037
7080
6810
8136
6987
5399
6970
8187
6270
5270
3798
3649
3778
3683
3340
9010
9345
8049
3125
7946
7599
7505
8483
7132
6363
3385
2679
2262
1999
1676
5013
4635
5234
4387
3987
8822
6650
3773
3661
6627
5722
3033
2653
2535
2057
1640
1412
1243
6503
4450
4392
1086
3662
1077
890
798
757
725
5324
3896
700
699
495
9886
4951
444
3058
9694
1644
94
92
80
64
9343
2973
61
3650
1342
4151
595
5015
8189
3855
2847
61
59
54
4285
9080
1515
46
45
8623
6530
5870
4697
3156
4178
2725
1267
45
6437
3896
2431
27
7849
6705
6362
2957
2221
1893
1719
8157
8722
8649
6794
5526
5458
4459
7408
3802
7943
8629
6243
7753
5764
4814
4093
4009
3554
6100
4781
3213
3162
2203
8422
3259
2227
9743
9043
6638
6258
5655
2104
1031
5998
4078
5393
661
4924
9931
8857
2042
661
577
9890
5092
4995
6272
4862
9046
4281
2762
480
1065
8606
4866
604
360
50
18
17
12
10
2634
6
7839
8570
7813
6697
9351
5493
5736
965
415
7204
3086
5544
4082
1998
275
7372
4853
7038
6170
2533
1600
8541
9249
7996
6200
6989
4181
3230
5116
3658
7840
3534
8266
7578
6656
4320
4239
4148
2057
4942
7663
5277
2046
1798
305
5450
1487
977
8704
44
2894
2825
4351
4269
8805
4667
4306
9425
7939
8820
4125
3415
4614
2146
1818
5674
1353
9857
9728
8905
8762
7552
5604
2366
8177
5196
4765
2321
9873
9591
8660
4172
5002
4170
3850
9936
9528
3567
2859
5069
5593
8849
8565
8976
8449
7456
7114
6681
6806
6054
6822
5682
5593
5241
9364
9869
8154
4268
9059
3611
9567
4492
3562
3153
2974
2465
2448
6111
5289
6836
2523
2441
2176
2108
8648
1972
1858
1848
1785
1771
1490
1472
7377
5296
5014
2468
1614
1398
1569
1341
9614
8330
1209
8127
9550
8854
9673
8744
7123
6352
5516
5178
4230
3313
9891
7791
8342
8121
7062
6478
5384
5253
5131
8989
5001
4648
8440
7921
9095
4583
8885
8033
5273
9335
4383
7359
3362
3174
3118
3099
7631
6406
5128
8740
6443
8471
8248
9296
8211
7120
6636
5546
5546
4998
4336
8190
3926
3918
3272
9600
7224
6048
8720
6416
5808
6117
5229
5031
6694
4105
4483
3526
3067
3006
2978
7064
2901
2644
5711
2582
2266
9949
8872
8702
4897
1749
1684
8921
8567
8049
6282
6281
5804
5149
2358
2337
5337
2389
1772
8730
8020
4102
8650
2502
1819
6369
3691
1805
7143
1743
1633
9933
6927
4420
9870
7930
7708
6831
6553
6039
6547
5491
5165
3501
7814
2469
1422
9654
6064
1408
9445
8931
7539
9136
7195
8780
5455
2639
2344
2733
5812
4564
1370
8803
7940
7168
6503
9086
8171
5284
1247
9401
9086
8317
7047
7758
4238
1223
1195
6903
6554
7703
6873
6393
5923
8592
5898
7806
4007
8485
5898
4128
3059
3048
4822
3212
3006
2904
8652
8070
2840
2587
7386
9587
7771
8946
5887
4741
4619
3717
4976
4992
3452
7171
3376
2090
2038
9754
8719
8466
6338
5860
7091
5347
9591
7600
6924
5077
7122
6174
5351
6144
4617
3765
3186
2937
6478
2861
7569
2830
2814
2715
2665
9173
6313
5859
4824
7095
3374
2625
4257
2409
2334
6183
5729
8084
9773
2181
2150
6999
5709
8187
1995
4564
1990
1926
1288
6119
4032
1279
6982
6298
6272
1878
1267
5607
6513
4665
8798
5219
2294
1438
1221
6604
4631
2986
6279
9293
6691
4406
4186
3548
1199
1171
5916
7742
6326
4390
8825
9363
4277
4165
3365
5140
2489
9375
7426
6148
9496
7845
7465
8893
9348
7326
6932
6383
7606
5292
4502
2050
1966
1382
4826
3853
1124
8999
5088
3533
1099
1047
1042
6124
9482
4771
3730
2985
1678
9872
7986
7486
1013
1004
5729
4074
4791
8804
3083
7507
7903
8213
6040
5626
5574
5442
4589
4427
3816
3601
8031
7967
6890
9173
8818
6589
5600
5003
4746
8859
3886
3503
3330
2751
2649
3310
2114
5632
2102
2082
1990
1852
1500
1373
7238
1345
1335
5851
6708
5807
8423
5661
9262
5513
5091
3482
9290
8782
3025
3001
3366
2374
2047
1840
9281
6471
4583
7293
1973
1827
8696
4159
3935
1595
1529
1429
1411
3096
1858
1315
9460
7948
1225
1152
999
1619
984
967
895
893
876
854
854
9115
8575
8537
7393
6297
9962
6259
5308
6753
2888
3109
9931
6319
1744
1644
7294
6639
6358
4924
3941
2875
1663
1270
842
3941
835
9574
5917
6174
6411
4432
6178
5375
8953
7653
4682
4353
4048
3968
7558
3502
6976
5864
5059
4231
5362
3027
9881
7051
4718
2533
2472
5193
3814
2245
1772
7685
9725
6466
2497
1445
1426
1314
1240
1213
6611
7719
8936
8770
4461
821
808
802
7618
3227
7384
4470
6331
4974
7575
9830
6582
6451
6303
9535
8521
7102
5776
9413
7643
6817
6709
4897
4860
4298
9332
8968
7255
3860
3782
3134
7367
9619
6813
6753
5052
4086
6795
2875
1289
4448
801
5522
8464
6165
5142
4839
4468
8962
5731
9421
7007
5296
2725
1905
1164
2079
1413
1053
866
795
2936
2879
768
5183
5142
3702
1199
4287
9573
3520
2164
809
715
3746
9373
3593
1116
4407
821
692
677
7567
5365
8007
2394
636
633
628
4436
610
9475
4858
4871
7692
7801
2738
6656
5432
2117
605
3391
593
579
3786
3300
7501
6302
2068
576
563
3994
9373
7626
5717
5054
4414
3029
1922
1241
8112
7940
7739
3658
9619
9938
4992
5294
7664
4967
3840
3227
1088
555
495
492
463
443
9126
7604
5814
435
421
8638
8259
4634
1486
7661
6963
7908
2441
1921
7442
6439
6321
3372
8389
1301
7555
3635
6225
7095
8559
469
9494
485
4168
8142
8000
444
394
3797
392
382
376
369
6387
346
342
336
3230
321
314
311
310
3934
3430
3072
2468
378
301
279
266
252
8832
6114
9716
7811
6575
2383
242
3013
5189
220
2522
220
219
211
187
186
167
7703
8248
6565
1495
9476
161
5898
8246
160
159
159
8474
8646
156
5990
5601
7222
3549
2264
148
7718
145
130
125
9664
8310
8238
4713
7136
9850
9359
7172
8658
7202
6453
6151
5396
5330
8063
5310
5261
4177
9881
4054
4019
8593
7135
9588
5853
4747
3763
7096
7088
5244
3436
3407
9995
3113
3071
3051
2747
2691
8410
8599
5032
5932
7528
6072
2578
5150
2555
2526
9475
2147
1910
1886
3107
1377
9182
1207
2667
1176
1166
608
6427
7490
8306
8483
9649
6441
6029
5960
9918
4993
5389
4010
3665
7780
4215
9061
7633
3107
2763
9817
9393
9242
4492
8939
8117
5915
2456
7109
2091
9761
8402
6719
4598
1883
9524
8110
6084
4883
2061
1411
1391
993
9682
8820
7215
5287
8689
7839
7796
7777
6976
5894
5069
5021
6865
9505
7318
7221
4545
3557
3551
3151
7958
7084
6720
9937
4119
3086
2877
6788
3334
3113
2640
5520
3666
9333
9460
5692
5965
5574
4087
2897
2531
2490
2463
8485
2215
1488
1372
6048
3769
1368
1186
4797
3747
7718
6056
5023
1071
864
833
581
9634
6504
7459
5282
8371
8709
7589
5131
7335
6569
9710
9868
5859
5130
9997
7184
6293
9895
6242
4155
6379
6381
8789
6325
3400
9723
3301
3290
8548
2806
7689
2358
3006
2149
2020
1807
1317
1262
8808
570
8059
2735
8207
6755
3692
2859
7902
6960
3486
2218
548
8279
6098
5314
6585
6061
5996
5545
5156
7513
4487
1286
502
6376
5166
308
189
9525
9428
8572
6904
7161
6722
8875
6380
6738
5596
5067
3799
7203
5978
5697
8259
7534
5018
3795
6767
7347
4063
3299
6745
5005
3231
3217
9166
2980
7330
7324
6681
7367
5311
3684
2874
5941
4732
6894
4035
6798
2730
2523
4272
8790
4333
1811
1707
1576
3720
8763
8323
8065
7975
7416
8433
7836
6722
8486
5726
4938
4850
6291
4846
8121
4690
3927
9404
5300
9224
9183
8354
9712
7570
5736
9095
8824
8536
4743
9498
9219
9133
7593
4674
4644
7344
6211
5321
8661
9319
4917
4177
9715
5205
8025
7216
6824
4174
4136
5017
8229
3864
3780
7211
5887
3747
9712
8175
3560
3277
3231
6259
6113
3160
4069
4076
3912
9790
7410
3035
5564
4856
9489
6622
4936
8859
8181
7934
9496
7918
7026
4775
8957
8265
4727
4247
4817
3546
3419
3083
2985
2836
2823
9511
2805
9571
8110
7994
7403
7038
7779
6790
8005
6766
3723
2776
2609
4938
4501
2540
2388
6325
8970
9409
4117
3617
7434
2339
2206
2164
9931
8631
7711
7568
5174
4683
2768
7206
9720
5644
8671
5336
2708
8696
6564
8003
4405
2074
2063
9067
6633
5441
4133
3343
1983
6713
8451
6314
9375
9229
9206
7318
6389
6113
3330
9310
7457
3184
3055
2774
2367
5110
4909
2285
2107
9269
8228
1967
1939
1936
9456
3494
1924
1892
8947
5901
1888
1825
9917
7105
8818
9288
5730
5674
7177
8201
4666
2713
8367
7349
5643
5567
7232
2461
2170
6558
5883
1713
1685
1623
7296
8770
8519
6961
9953
5752
6046
5669
8520
9058
5157
3206
3186
2958
2994
2856
3711
1846
5119
4328
9149
4763
1615
1594
1582
9429
8046
9517
6970
5500
5147
4678
8934
7043
7025
4886
4246
3921
2940
2373
2282
7129
9916
6745
4803
8144
3292
2306
1777
1567
1563
1548
1534
1503
1493
1489
5417
5488
3689
1466
7285
5695
4445
1461
1416
1404
1371
5714
1720
7896
1323
1317
7745
1292
1276
3435
1241
1226
1171
1124
1091
1056
1022
9720
6099
9437
8294
9300
7040
5967
5836
4660
4356
9182
7002
5346
3765
2842
2831
6180
4714
8599
5332
4515
4202
9627
8647
5763
8295
6377
4014
8890
7433
9182
6798
5842
5432
5398
6394
5994
4842
9966
9782
8934
6628
6673
8669
7914
6123
7953
4621
4612
9085
9603
9444
9214
8600
8490
8382
7395
5858
4813
4705
4228
3884
6493
5036
4096
3586
7570
5190
4272
5083
9049
5700
7739
4618
6501
6340
3194
4190
3173
6251
3167
3162
3149
3013
8500
7820
6907
6304
4184
3575
8943
3475
2997
2719
2572
2563
2276
9076
4195
8954
7021
8506
7856
6331
9292
5166
5102
9507
4197
2657
2645
2597
9029
8565
7742
7325
5797
8315
5862
4960
5323
9628
7393
6089
4938
7145
6662
6374
6254
4720
4327
4299
9056
3804
3045
2864
8216
2581
2527
2405
4702
2382
2195
2118
2048
2917
6092
1964
9593
8506
1803
1791
1697
1445
8985
3771
3015
5346
7150
9507
8106
7614
6835
5899
5451
5391
4475
7904
9059
8837
8784
9169
8119
6286
7496
4318
9110
3962
2706
7986
5800
5110
4325
8017
7908
7873
4210
3276
9619
9344
9288
7882
5698
5996
6144
5075
3963
3526
8942
3484
3208
3016
2790
2682
8392
6203
5206
8042
7013
6270
3751
3086
2857
5951
4548
9572
4471
3690
2584
6993
7009
6859
3715
8094
6653
5457
3663
3306
2548
3502
2751
2529
9790
9303
8037
6650
4669
3475
2997
5124
4954
2954
6060
8456
6594
4407
2401
8040
7211
4926
8648
4708
2315
2268
7885
4604
5990
9660
8269
8048
7115
5730
4273
3759
2919
2613
5948
2222
9983
2004
1897
9872
1643
1632
8676
9087
7242
6151
5551
3439
8584
6025
5783
9197
8974
2860
7066
4071
8944
6900
5528
3898
4800
3552
2855
7484
4454
8525
2163
1867
1585
1434
6443
1425
7062
1350
1300
1289
1284
4249
1144
5916
2869
1139
1073
9288
1042
1039
4826
7622
6841
4643
1039
2424
1025
1020
3212
8228
3868
2305
9096
8950
7979
7962
7877
8170
6831
6537
6367
6328
6049
5815
5647
9721
3586
6893
3574
3342
2786
9783
8744
8242
8641
5623
5178
8103
4912
4800
8319
5318
9718
9847
8830
5534
4987
4162
8684
2676
2184
2054
2322
1922
1675
1568
6798
4670
9605
8815
7488
5178
1263
4294
5464
1185
1105
4610
7195
1019
1018
1017
1008
1004
5800
1001
8467
6411
4831
4103
9794
3746
7269
7748
9746
996
992
7050
9581
9227
6639
5740
1823
958
928
949
911
7091
1397
907
905
8233
5116
4592
7165
902
9552
9584
9300
8610
1519
6128
869
854
2733
849
9480
6646
5635
845
833
828
1894
823
817
9772
6398
6365
9684
7399
6455
4684
3976
5550
3791
2461
2354
5225
3447
2145
4616
2109
2090
1827
9783
2608
8159
7532
8419
9781
9946
7840
7776
6974
6817
6789
6718
6433
6028
6014
5975
5918
5322
5257
6354
5056
4599
9853
4492
3146
2716
6628
2072
1495
8473
4997
6042
1473
1158
7874
952
909
816
3168
8907
7212
5972
3827
3191
3579
2750
8237
7458
7565
6101
5015
9092
7787
5970
9615
4594
7689
5634
2914
2709
2212
1304
801
1362
792
9725
790
9825
7893
5267
789
781
749
7849
716
705
4567
5683
700
5307
652
646
639
5249
635
633
8817
625
9653
6812
579
8264
3392
4449
3203
2472
570
559
539
537
534
9225
5435
532
6388
1565
525
8265
8248
8656
7308
5721
5004
4233
2412
2688
8073
7282
6046
4045
2230
521
491
475
470
9887
7037
5757
4246
5531
3417
1542
419
5212
417
2344
9884
7753
4130
8395
6220
2701
2057
384
377
4189
826
368
359
6134
4486
1939
346
345
9839
8311
8199
7406
6504
8528
8126
9339
5338
8944
5095
5393
4828
4582
3581
3372
2949
2527
9040
7775
4675
2152
2652
6814
5235
3690
2517
2067
9438
5684
1754
6986
8836
6446
5831
5670
9764
7735
5875
8307
4486
3978
2236
1481
1344
3435
1290
889
849
7346
509
328
5325
327
322
318
8440
4402
2781
1854
310
5430
298
8045
8728
6691
1726
6651
5845
9262
9302
8888
8357
6455
6009
5421
4825
6904
4359
8527
5021
8824
4026
7190
7069
4685
9483
4569
3647
3450
9876
5018
4954
2187
1819
1347
8399
3084
1254
1106
8237
6576
6574
9202
4372
1865
1543
4022
9372
8396
5948
995
3684
661
3441
781
2121
657
8466
4098
2478
514
4150
2580
503
5244
9285
5074
4642
9965
8669
9474
9809
9782
9393
9512
7024
6812
5941
5661
6111
5123
5049
9296
9103
8696
4925
4822
4657
3776
3403
9809
8292
8177
5642
4521
9446
2371
1335
2561
1328
1124
976
587
9253
1974
9960
1654
574
286
272
1974
264
7674
8261
9371
6103
9052
7405
3699
2937
4486
2302
1703
262
259
246
5847
239
1078
467
233
225
9085
220
220
212
9734
6193
5481
207
168
162
159
6727
8678
157
157
142
141
135
134
1004
9831
5798
5494
132
116
108
107
106
103
101
7030
8513
6703
6433
8420
8611
7291
6291
7647
4975
4107
6044
4028
3799
2880
2861
6856
2756
6285
9153
6282
9619
8794
6214
9409
5780
4814
9868
5373
8802
6678
9976
4066
3553
2614
6993
9858
5273
7149
5116
2490
4545
4934
4591
4353
4323
4268
3085
2324
7532
6903
5306
3055
7426
8369
7870
6743
7370
6203
6153
8817
8238
8711
5840
9196
7983
6715
6322
6008
5140
5761
8271
9750
9492
8733
6433
6000
4808
8928
4768
4566
4272
4176
7795
4583
4061
6637
4544
3882
3558
3212
3175
3121
6797
6376
7722
7072
8684
6812
5688
5248
7026
5028
4525
4493
4426
3321
2826
9701
2345
3903
2238
7842
6835
2463
3473
6662
7685
8774
9029
5759
5540
6496
5424
4877
9728
6139
9251
7256
7559
9185
6030
9899
8601
8321
6685
5944
5633
5841
5208
5091
4333
9699
4251
7346
6317
3779
5976
3289
3138
2982
3441
5533
2837
6169
2738
8206
2640
3515
8687
5828
4464
4099
8971
8409
6229
3639
6173
2222
8705
6620
6283
6080
3271
3247
7190
3823
9726
8328
6380
6268
2198
2149
8277
7838
5597
4557
7358
5027
3027
2076
2032
2003
1895
5406
9857
6002
9849
6927
6740
1732
8923
7475
6981
5694
1679
8952
7358
5936
5553
1667
1667
1636
1626
7485
8495
8884
5957
8610
5280
4899
1878
1620
9670
7875
4818
3170
8328
9282
6701
4759
3685
8426
4876
4834
7841
6503
5826
7708
5972
3421
3127
2454
9332
2310
1807
1702
1664
4932
2484
7260
3651
2621
1562
6464
8895
8143
6367
5234
9967
4840
1558
4188
8416
4026
3392
2855
8978
9215
7203
5297
5025
5634
9312
4641
7663
8865
8743
7654
7573
5544
5958
5293
5021
4282
7237
4397
3955
4527
5023
7414
5480
9753
9060
2828
2690
2649
2600
2474
4128
2432
6958
5793
6419
8498
6935
8709
7580
8091
6252
9458
7612
5082
3600
2339
2066
2049
1876
8753
6027
4203
1866
1759
8646
8256
3987
1678
1612
5086
2888
1597
1420
8905
8581
9255
8737
7306
5937
5841
5459
5370
9939
9769
9285
8398
5256
8597
5861
4588
4540
2895
2548
5989
5366
1854
5269
1410
1382
1363
4957
7367
7097
7073
8868
6283
9101
7380
5243
5178
8899
7520
7057
8370
6920
5673
4606
4432
4148
5995
4039
3824
3667
8845
9671
8436
7075
5216
3494
2218
2084
2030
1986
1810
1729
1576
1571
1352
9471
5005
3599
6296
1900
9495
5683
8504
6068
4907
4103
3133
8372
3435
9069
3091
2927
8063
9322
9837
9108
8177
8060
7678
6063
7753
5722
5136
6146
5104
4190
7732
9288
3928
9345
3173
7213
8530
4827
9496
