49986
49957
49941
49931
49916
49900
49899
49881
49845
49841
49841
49841
49834
49827
49826
49808
49804
49782
49769
49768
49764
49748
49743
49741
49733
49729
49727
49717
49698
49695
49693
49690
49682
49673
49662
49644
49629
49623
49603
49574
49573
49567
49565
49541
49540
49533
49524
49499
49498
49485
49481
49464
49457
49447
49438
49435
49428
49420
49420
49411
49404
49368
49358
49333
49312
49309
49301
49297
49293
49285
49283
49260
49250
49247
49227
49226
49209
49203
49199
49179
49169
49167
49166
49152
49148
49132
49132
49101
49090
49024
49010
48997
48980
48979
48974
48946
48932
48931
48917
48914
48900
48895
48887
48873
48868
48866
48861
48859
48856
48852
48850
48850
48834
48815
48800
48798
48798
48791
48779
48761
48759
48750
48740
48734
48733
48725
48724
48713
48711
48691
48684
48679
48672
48661
48654
48636
48622
48601
48582
48573
48571
48571
48570
48566
48553
48547
48540
48520
48518
48510
48510
48476
48475
48465
48439
48430
48424
48403
48398
48385
48382
48370
48363
48355
48355
48348
48335
48323
48321
48318
48305
48305
48300
48290
48272
48224
48221
48205
48203
48195
48192
48192
48187
48184
48180
48166
48164
48163
48131
48123
48117
48095
48090
48078
48077
48075
48075
48070
48057
48050
48034
48016
48014
47998
47993
47984
47962
47959
47953
47943
47933
47926
47912
47886
47867
47836
47835
47830
47813
47808
47801
47800
47800
47799
47777
47776
47771
47754
47751
47733
47731
47727
47727
47726
47724
47718
47714
47703
47686
47680
47666
47663
47660
47653
47614
47597
47594
47592
47583
47572
47565
47556
47554
47517
47508
47495
47489
47488
47457
47449
47448
47447
47434
47420
47414
47399
47374
47361
47357
47333
47326
47323
47310
47308
47303
47300
47288
47280
47275
47259
47254
47252
47248
47233
47230
47203
47196
47195
47191
47158
47156
47084
47079
47071
47036
47022
47001
46990
46977
46974
46973
46971
46967
46917
46905
46893
46888
46886
46877
46873
46859
46854
46841
46824
46810
46807
46804
46793
46770
46761
46761
46755
46754
46746
46742
46733
46726
46725
46711
46695
46685
46670
46663
46657
46643
46634
46626
46620
46615
46604
46582
46573
46568
46554
46545
46540
46531
46530
46512
46510
46510
46509
46508
46489
46483
46477
46475
46470
46450
46440
46435
46434
46422
46420
46418
46417
46415
46406
46405
46405
46401
46397
46392
46367
46364
46360
46360
46345
46337
46306
46290
46275
46266
46250
46246
46245
46212
46178
46178
46162
46156
46152
46142
46141
46116
46116
46096
46088
46086
46083
46073
46051
46041
46039
46038
46032
46030
46017
46010
46009
45998
45969
45969
45959
45956
45954
45950
45926
45901
45873
45872
45868
45862
45838
45837
45830
45812
45787
45776
45755
45753
45744
45736
45736
45731
45730
45724
45710
45700
45690
45690
45676
45642
45616
45601
45598
45590
45585
45575
45571
45567
45562
45552
45549
45540
45539
45533
45531
45522
45508
45479
45470
45445
45445
45437
45428
45406
45384
45369
45367
45362
45348
45335
45319
45287
45283
45271
45260
45249
45235
45234
45229
45214
45208
45181
45176
45158
45131
45122
45120
45111
45105
45101
45090
45086
45080
45076
45059
45021
45017
45009
44984
44963
44947
44943
44935
44910
44908
44904
44889
44887
44869
44861
44851
44839
44830
44815
44812
44805
44801
44795
44791
44783
44782
44781
44770
44749
44746
44744
44736
44731
44724
44710
44706
44703
44702
44653
44641
44605
44595
44584
44580
44572
44562
44558
44557
44548
44540
44527
44518
44514
44512
44489
44475
44460
44460
44442
44430
44420
44420
44410
44410
44406
44393
44379
44373
44368
44356
44342
44335
44331
44309
44295
44263
44255
44241
44240
44233
44214
44211
44206
44201
44196
44186
44183
44179
44171
44169
44149
44116
44115
44090
44083
44079
44058
44058
44056
44055
44043
44035
44029
43998
43980
43961
43946
43945
43943
43937
43926
43925
43923
43915
43898
43892
43881
43862
43858
43829
43820
43819
43791
43788
43783
43774
43770
43755
43753
43753
43741
43685
43679
43643
43639
43631
43629
43625
43624
43604
43597
43591
43576
43570
43564
43550
43541
43536
43530
43529
43529
43516
43513
43482
43476
43474
43451
43449
43449
43438
43436
43422
43413
43407
43387
43370
43365
43362
43350
43347
43312
43299
43295
43286
43284
43273
43247
43216
43209
43208
43202
43200
43198
43191
43186
43182
43176
43166
43153
43142
43137
43135
43115
43086
43080
43079
43079
43079
43077
43065
43055
43048
43046
43042
43042
43032
43002
42974
42959
42935
42885
42875
42865
42862
42857
42850
42845
42812
42803
42803
42798
42792
42780
42751
42740
42724
42717
42711
42703
42701
42696
42688
42670
42656
42655
42648
42637
42634
42624
42621
42614
42609
42608
42584
42562
42558
42555
42553
42552
42545
42509
42500
42495
42471
42459
42457
42445
42444
42438
42430
42429
42425
42418
42418
42417
42408
42386
42361
42355
42354
42344
42324
42309
42308
42292
42283
42278
42275
42265
42264
42261
42233
42232
42218
42216
42213
42213
42213
42200
42193
42169
42154
42104
42091
42088
42087
42077
42073
42071
42064
42056
42047
42034
42025
42011
42009
41993
41966
41966
41944
41911
41907
41905
41900
41893
41891
41882
41871
41871
41842
41837
41828
41823
41819
41811
41799
41798
41798
41792
41774
41772
41765
41756
41743
41730
41721
41717
41715
41708
41706
41705
41697
41693
41683
41673
41671
41666
41662
41652
41651
41646
41632
41630
41618
41614
41608
41604
41599
41595
41594
41584
41574
41573
41563
41559
41557
41553
41540
41539
41537
41535
41523
41523
41504
41492
41489
41488
41470
41464
41452
41441
41427
41424
41421
41372
41359
41358
41342
41322
41305
41304
41278
41228
41226
41209
41180
41178
41141
41140
41129
41124
41122
41118
41115
41106
41100
41088
41087
41086
41078
41062
41052
41051
41046
41030
41029
41026
41013
40987
40983
40958
40925
40904
40893
40879
40858
40834
40826
40816
40810
40809
40808
40804
40792
40783
40777
40746
40730
40699
40690
40676
40655
40651
40632
40631
40631
40631
40620
40613
40609
40603
40595
40585
40579
40572
40567
40563
40545
40539
40537
40523
40510
40505
40500
40499
40494
40492
40483
40481
40449
40443
40437
40435
40432
40429
40424
40423
40421
40419
40419
40412
40386
40377
40366
40360
40349
40335
40326
40317
40291
40289
40288
40287
40285
40284
40273
40273
40228
40217
40214
40212
40208
40202
40196
40193
40182
40182
40163
40137
40120
40117
40090
40081
40079
40072
40060
40040
40040
40038
40038
40030
40028
40018
39993
39967
39963
39958
39952
39940
39935
39931
39918
39901
39898
39895
39892
39891
39886
39885
39883
39883
39879
39857
39853
39838
39836
39833
39822
39801
39801
39797
39747
39741
39733
39732
39731
39727
39715
39697
39697
39689
39688
39676
39668
39667
39662
39649
39649
39647
39629
39620
39618
39616
39611
39603
39588
39573
39569
39561
39556
39537
39523
39514
39503
39494
39493
39484
39472
39471
39456
39446
39436
39429
39420
39415
39408
39402
39387
39385
39381
39368
39368
39356
39349
39346
39331
39311
39300
39296
39288
39286
39281
39270
39263
39260
39257
39247
39207
39195
39192
39191
39186
39184
39178
39170
39167
39147
39133
39129
39129
39107
39103
39103
39098
39092
39088
39073
39057
39046
39034
39021
39016
39006
39002
38982
38977
38962
38957
38954
38952
38920
38902
38897
38888
38877
38874
38869
38867
38861
38854
38853
38842
38818
38814
38803
38797
38782
38775
38765
38753
38746
38744
38725
38692
38686
38684
38676
38666
38653
38652
38640
38638
38609
38609
38608
38608
38607
38604
38598
38588
38567
38562
38561
38552
38550
38550
38542
38540
38535
38527
38513
38509
38500
38479
38477
38463
38459
38453
38446
38436
38420
38395
38393
38393
38387
38387
38382
38363
38357
38351
38339
38324
38313
38311
38310
38305
38297
38282
38272
38242
38233
38210
38189
38172
38151
38148
38146
38123
38100
38096
38087
38085
38067
38065
38048
38043
38039
38035
38027
38022
38000
37993
37988
37980
37961
37961
37957
37921
37884
37884
37881
37875
37870
37860
37852
37839
37832
37821
37819
37813
37804
37794
37787
37785
37766
37733
37724
37721
37716
37715
37707
37701
37674
37672
37658
37643
37642
37629
37628
37627
37624
37622
37589
37577
37572
37563
37552
37545
37527
37518
37517
37505
37493
37476
37476
37459
37454
37448
37425
37423
37381
37371
37364
37350
37339
37327
37326
37316
37306
37306
37295
37289
37288
37268
37248
37239
37235
37232
37230
37224
37223
37211
37186
37184
37181
37173
37172
37167
37155
37146
37146
37131
37124
37104
37099
37096
37095
37093
37085
37073
37068
37023
36975
36946
36935
36917
36915
36905
36879
36866
36857
36850
36847
36842
36830
36817
36815
36804
36791
36779
36756
36748
36727
36726
36724
36713
36711
36691
36631
36615
36599
36568
36527
36465
36452
36450
36450
36439
36411
36402
36390
36386
36329
36322
36311
36303
36302
36292
36285
36278
36262
36259
36258
36252
36229
36216
36196
36154
36147
36128
36127
36085
36074
36072
36059
36059
36049
36040
36029
36023
36019
35996
35990
35990
35989
35986
35983
35977
35973
35968
35960
35956
35954
35954
35953
35951
35946
35940
35934
35932
35920
35915
35914
35910
35908
35899
35889
35871
35869
35868
35863
35859
35855
35845
35840
35838
35822
35805
35802
35793
35780
35779
35754
35729
35726
35710
35685
35684
35672
35672
35656
35645
35607
35589
35587
35578
35572
35567
35559
35554
35538
35533
35527
35495
35492
35490
35482
35475
35454
35444
35436
35427
35407
35396
35396
35388
35388
35374
35369
35365
35357
35354
35290
35282
35280
35224
35213
35212
35204
35204
35203
35191
35185
35148
35147
35143
35134
35134
35130
35127
35120
35114
35110
35103
35100
35100
35094
35091
35056
35022
35011
35010
35007
35006
35001
35000
34992
34983
34955
34943
34941
34918
34917
34900
34880
34879
34864
34860
34844
34810
34805
34804
34795
34793
34787
34785
34777
34755
34729
34729
34721
34721
34720
34684
34681
34681
34674
34669
34666
34650
34647
34645
34640
34597
34590
34582
34582
34553
34550
34544
34516
34500
34484
34481
34461
34452
34426
34414
34395
34394
34388
34342
34324
34320
34315
34305
34302
34300
34278
34278
34265
34264
34259
34258
34224
34216
34212
34204
34191
34190
34186
34161
34157
34156
34155
34150
34118
34108
34105
34097
34088
34064
34051
34039
34028
34001
34000
34000
33991
33990
33961
33947
33943
33940
33918
33913
33912
33911
33906
33883
33868
33840
33817
33795
33782
33768
33745
33739
33727
33718
33717
33714
33707
33688
33683
33679
33669
33663
33644
33603
33577
33562
33554
33554
33541
33539
33538
33520
33520
33511
33504
33489
33482
33473
33465
33463
33452
33449
33404
33401
33391
33387
33351
33350
33340
33338
33333
33329
33304
33267
33262
33251
33215
33208
33201
33199
33178
33172
33168
33166
33159
33147
33141
33117
33113
33103
33101
33089
33065
33057
33051
33028
33020
33015
33014
33012
33000
32999
32995
32991
32980
32976
32967
32964
32950
32949
32945
32924
32921
32917
32917
32909
32906
32905
32902
32900
32896
32895
32878
32850
32834
32830
32814
32793
32791
32785
32768
32721
32712
32709
32695
32693
32684
32677
32656
32628
32603
32574
32573
32564
32556
32537
32521
32513
32513
32460
32460
32446
32430
32403
32401
32397
32384
32362
32355
32281
32278
32271
32255
32254
32246
32232
32211
32191
32181
32173
32172
32169
32166
32145
32138
32137
32135
32118
32109
32109
32072
32059
32055
32048
32046
32020
32012
32008
32006
32001
31993
31960
31953
31947
31937
31934
31930
31928
31925
31925
31920
31899
31895
31889
31887
31871
31862
31855
31847
31839
31833
31818
31794
31793
31787
31747
31731
31724
31723
31717
31710
31706
31699
31694
31689
31684
31678
31673
31669
31653
31650
31647
31638
31633
31632
31631
31630
31615
31613
31611
31610
31601
31558
31554
31519
31517
31486
31465
31443
31428
31419
31392
31391
31388
31318
31297
31289
31286
31285
31284
31268
31259
31258
31254
31252
31241
31229
31203
31194
31177
31164
31135
31131
31121
31104
31091
31077
31060
31045
31041
31038
31010
31008
31005
31004
30988
30969
30961
30959
30958
30957
30911
30906
30899
30872
30857
30846
30840
30834
30830
30829
30807
30804
30793
30787
30776
30773
30755
30748
30742
30741
30740
30736
30732
30708
30697
30696
30695
30692
30679
30654
30651
30635
30593
30588
30578
30567
30563
30523
30518
30514
30512
30507
30482
30473
30467
30464
30459
30447
30437
30433
30431
30430
30427
30421
30420
30408
30400
30394
30368
30355
30347
30346
30345
30332
30319
30316
30307
30303
30287
30285
30279
30276
30259
30253
30250
30247
30245
30219
30218
30211
30203
30200
30178
30156
30156
30141
30126
30121
30118
30116
30110
30108
30061
30032
30021
30006
29970
29961
29958
29945
29934
29929
29920
29919
29913
29908
29908
29899
29881
29876
29867
29851
29846
29846
29828
29828
29818
29811
29793
29789
29786
29767
29754
29737
29734
29730
29728
29727
29711
29698
29680
29679
29673
29619
29618
29615
29602
29597
29594
29587
29584
29579
29565
29549
29547
29537
29532
29518
29511
29499
29483
29478
29469
29466
29460
29449
29449
29448
29448
29442
29439
29436
29436
29422
29419
29418
29416
29400
29395
29379
29364
29341
29339
29338
29332
29322
29293
29293
29277
29273
29273
29261
29258
29246
29179
29177
29154
29152
29151
29141
29136
29135
29134
29130
29096
29079
29054
29045
29031
29012
29001
28997
28994
28976
28961
28947
28938
28931
28927
28916
28910
28908
28908
28896
28879
28879
28867
28867
28865
28856
28853
28851
28851
28841
28826
28805
28791
28786
28783
28778
28769
28762
28736
28717
28715
28715
28706
28701
28693
28693
28692
28688
28674
28661
28649
28634
28587
28580
28573
28566
28566
28565
28563
28560
28557
28545
28543
28537
28536
28521
28502
28491
28484
28470
28458
28448
28438
28418
28415
28411
28403
28396
28389
28382
28375
28372
28371
28351
28348
28344
28314
28313
28310
28309
28307
28303
28294
28290
28284
28280
28271
28238
28231
28228
28224
28212
28208
28207
28202
28201
28196
28194
28182
28179
28148
28142
28137
28132
28122
28116
28110
28090
28076
28067
28057
28041
28021
28012
28012
28010
27979
27972
27964
27952
27952
27931
27931
27930
27927
27909
27901
27893
27891
27891
27853
27834
27831
27826
27805
27795
27792
27780
27777
27771
27730
27716
27715
27712
27703
27701
27684
27683
27678
27669
27644
27643
27612
27603
27595
27580
27570
27566
27560
27549
27542
27541
27537
27527
27523
27502
27502
27498
27486
27454
27435
27426
27417
27408
27405
27403
27389
27382
27381
27378
27363
27359
27355
27351
27347
27343
27327
27323
27322
27311
27297
27294
27293
27284
27275
27236
27221
27220
27214
27209
27203
27201
27185
27182
27180
27173
27155
27123
27118
27078
27077
27073
27072
27061
27059
27054
27053
27033
27026
27025
27022
27021
27016
27007
27002
26976
26967
26946
26943
26933
26931
26926
26904
26900
26860
26859
26834
26833
26770
26765
26765
26763
26761
26750
26746
26736
26708
26699
26679
26679
26678
26677
26668
26663
26656
26655
26650
26650
26649
26640
26625
26622
26622
26605
26603
26601
26591
26588
26571
26557
26550
26532
26520
26517
26477
26451
26450
26448
26440
26438
26435
26433
26432
26402
26397
26390
26371
26367
26365
26347
26340
26335
26322
26294
26289
26258
26253
26252
26239
26232
26221
26220
26217
26203
26202
26188
26183
26181
26170
26157
26148
26139
26111
26109
26109
26107
26102
26093
26072
26068
26062
26055
26051
26039
26012
25992
25985
25954
25916
25915
25908
25882
25848
25847
25843
25838
25825
25822
25820
25808
25804
25795
25788
25782
25779
25776
25773
25751
25751
25747
25743
25734
25719
25716
25709
25695
25679
25678
25669
25669
25658
25638
25632
25626
25622
25619
25598
25589
25573
25566
25564
25564
25536
25527
25526
25517
25509
25509
25500
25492
25488
25479
25468
25423
25422
25417
25406
25403
25387
25385
25381
25339
25334
25329
25327
25322
25321
25294
25285
25263
25258
25237
25235
25207
25179
25160
25155
25141
25123
25117
25116
25109
25096
25082
25080
25069
25061
25058
25049
25049
25044
25043
25028
25024
25023
25007
25007
24993
24989
24980
24976
24939
24921
24876
24869
24856
24841
24826
24826
24823
24814
24806
24757
24752
24747
24727
24691
24689
24671
24664
24653
24643
24640
24636
24629
24604
24596
24577
24576
24559
24554
24552
24541
24536
24514
24503
24485
24471
24442
24428
24427
24412
24412
24405
24396
24382
24379
24368
24322
24306
24291
24286
24270
24253
24253
24236
24228
24208
24177
24158
24138
24131
24126
24122
24120
24117
24092
24081
24063
24062
24060
24052
24041
24041
24026
24010
23998
23992
23983
23982
23981
23961
23936
23928
23904
23900
23882
23828
23819
23810
23802
23784
23783
23778
23776
23760
23751
23723
23716
23701
23690
23653
23648
23631
23612
23607
23598
23593
23538
23524
23512
23502
23482
23479
23474
23472
23468
23453
23451
23449
23444
23440
23440
23419
23418
23412
23411
23406
23395
23380
23354
23348
23348
23331
23322
23292
23243
23230
23221
23207
23189
23184
23180
23158
23155
23133
23126
23123
23122
23107
23101
23088
23079
23075
23054
23042
23032
23019
23010
22983
22970
22954
22951
22940
22939
22914
22895
22888
22856
22845
22841
22837
22837
22824
22820
22796
22792
22786
22784
22769
22751
22732
22712
22687
22680
22663
22659
22653
22653
22646
22610
22608
22604
22588
22582
22581
22577
22551
22526
22500
22471
22449
22430
22424
22396
22357
22343
22324
22324
22322
22316
22310
22294
22292
22280
22230
22214
22205
22203
22199
22197
22185
22178
22170
22163
22148
22141
22137
22120
22118
22112
22100
22094
22076
22064
22059
22040
22038
22028
22028
22022
22005
22000
21995
21993
21992
21984
21977
21963
21957
21950
21927
21916
21908
21907
21904
21895
21883
21879
21869
21862
21855
21854
21853
21847
21822
21797
21778
21768
21732
21722
21676
21666
21656
21627
21622
21620
21614
21611
21607
21603
21603
21593
21578
21577
21574
21561
21532
21525
21517
21502
21477
21447
21443
21442
21438
21434
21431
21425
21409
21378
21373
21368
21368
21363
21341
21340
21339
21335
21329
21327
21318
21314
21310
21252
21248
21243
21241
21228
21213
21201
21192
21180
21177
21167
21163
21147
21109
21108
21103
21079
21068
21047
21040
21026
21023
21010
21005
21005
20991
20978
20968
20960
20957
20914
20902
20898
20885
20883
20882
20871
20865
20857
20856
20848
20845
20844
20841
20814
20795
20782
20780
20771
20762
20753
20732
20721
20714
20708
20705
20704
20696
20693
20692
20687
20659
20651
20650
20649
20647
20640
20581
20576
20559
20553
20546
20527
20516
20500
20499
20488
20486
20484
20466
20426
20411
20405
20398
20377
20367
20356
20345
20334
20328
20320
20311
20291
20288
20284
20282
20282
20270
20269
20246
20246
20242
20239
20237
20236
20227
20214
20214
20203
20200
20174
20170
20169
20146
20141
20138
20134
20116
20082
20081
20063
20054
20053
20038
20033
20027
20026
20024
20022
20012
20005
20005
19968
19943
19929
19927
19924
19917
19902
19901
19861
19849
19834
19828
19824
19823
19821
19819
19816
19811
19809
19780
19770
19755
19731
19720
19703
19695
19690
19682
19658
19637
19629
19628
19619
19611
19602
19565
19551
19544
19536
19532
19514
19501
19499
19493
19486
19476
19448
19446
19424
19421
19421
19418
19406
19397
19397
19397
19384
19376
19364
19359
19310
19295
19275
19264
19253
19218
19217
19208
19198
19197
19189
19181
19178
19177
19164
19143
19139
19137
19128
19127
19125
19121
19120
19111
19101
19091
19085
19082
19060
19053
19051
19045
19029
19023
19006
18991
18981
18975
18974
18954
18948
18944
18933
18932
18924
18916
18915
18901
18899
18887
18884
18883
18873
18866
18849
18846
18834
18826
18797
18797
18783
18773
18757
18751
18733
18708
18706
18694
18688
18669
18645
18639
18628
18622
18610
18599
18570
18570
18560
18554
18551
18548
18541
18534
18520
18508
18500
18498
18496
18491
18482
18461
18460
18455
18430
18429
18423
18422
18415
18413
18412
18409
18404
18402
18401
18385
18376
18368
18359
18319
18305
18295
18289
18288
18279
18277
18262
18259
18253
18252
18251
18251
18242
18238
18231
18227
18174
18159
18156
18152
18134
18132
18128
18111
18094
18089
18084
18081
18079
18056
18040
18037
18022
18021
18009
18002
17987
17977
17977
17966
17957
17950
17943
17928
17925
17921
17914
17914
17887
17867
17863
17848
17841
17840
17794
17765
17762
17748
17747
17747
17743
17725
17725
17722
17715
17702
17673
17667
17667
17659
17658
17648
17646
17638
17615
17612
17611
17605
17602
17594
17578
17577
17576
17556
17556
17550
17548
17547
17527
17520
17507
17499
17486
17483
17476
17425
17419
17419
17413
17409
17395
17390
17389
17366
17365
17362
17332
17327
17327
17312
17311
17282
17268
17252
17243
17237
17235
17230
17228
17213
17189
17181
17176
17161
17152
17140
17131
17128
17123
17118
17100
17093
17084
17080
17072
17050
17031
17014
17006
16986
16986
16984
16983
16979
16942
16934
16930
16929
16914
16914
16911
16910
16897
16875
16865
16859
16857
16850
16846
16830
16824
16819
16790
16788
16777
16765
16764
16761
16752
16730
16729
16719
16718
16697
16694
16684
16680
16622
16621
16594
16588
16588
16581
16573
16560
16528
16527
16524
16494
16481
16481
16479
16457
16448
16433
16428
16367
16339
16337
16333
16310
16292
16283
16282
16258
16251
16214
16191
16185
16184
16179
16176
16169
16142
16122
16120
16118
16114
16106
16104
16102
16088
16084
16083
16078
16076
16071
16062
16046
16038
16023
16015
16002
16002
15986
15976
15961
15952
15952
15949
15948
15938
15937
15933
15917
15914
15912
15901
15885
15883
15881
15871
15866
15860
15842
15839
15823
15820
15817
15817
15815
15807
15796
15792
15774
15769
15758
15757
15747
15734
15730
15722
15708
15688
15675
15674
15669
15658
15654
15654
15650
15646
15632
15606
15584
15583
15576
15573
15570
15568
15538
15536
15534
15523
15504
15496
15495
15477
15470
15451
15442
15432
15431
15417
15403
15395
15390
15389
15382
15374
15372
15361
15357
15354
15350
15344
15332
15324
15318
15317
15300
15283
15280
15269
15254
15250
15233
15214
15212
15210
15203
15182
15177
15177
15153
15146
15132
15127
15123
15120
15113
15085
15082
15071
15048
15046
15034
15022
14988
14987
14977
14962
14961
14958
14891
14891
14877
14876
14872
14864
14844
14842
14838
14830
14827
14821
14810
14809
14809
14808
14807
14791
14781
14778
14766
14758
14742
14725
14712
14704
14688
14686
14679
14671
14636
14598
14595
14586
14581
14575
14575
14570
14558
14550
14538
14529
14525
14525
14525
14516
14511
14507
14502
14500
14487
14481
14481
14470
14462
14459
14431
14428
14423
14416
14408
14391
14388
14387
14383
14372
14370
14356
14356
14352
14350
14335
14324
14316
14313
14282
14280
14275
14273
14271
14270
14264
14261
14247
14245
14229
14222
14221
14182
14181
14156
14146
14143
14136
14122
14115
14114
14114
14106
14081
14077
14072
14071
14068
14058
14045
14040
14027
14017
13987
13979
13978
13973
13972
13966
13932
13931
13930
13893
13869
13846
13838
13819
13789
13769
13747
13727
13699
13696
13684
13682
13681
13665
13663
13649
13626
13626
13595
13584
13583
13582
13581
13574
13564
13556
13543
13538
13532
13529
13524
13517
13514
13491
13490
13481
13472
13469
13469
13469
13463
13453
13448
13431
13397
13396
13383
13380
13377
13371
13371
13366
13318
13315
13314
13312
13308
13304
13301
13298
13285
13282
13275
13267
13259
13249
13236
13233
13233
13222
13220
13217
13212
13211
13205
13151
13136
13131
13125
13106
13104
13102
13093
13092
13080
13080
13075
13060
13056
13056
13051
13049
13026
13022
13014
13002
12999
12998
12998
12974
12971
12967
12967
12966
12961
12958
12931
12917
12915
12899
12898
12878
12877
12863
12858
12854
12851
12835
12834
12828
12822
12814
12813
12793
12752
12727
12717
12707
12703
12697
12692
12684
12672
12671
12670
12667
12659
12655
12632
12630
12629
12593
12591
12587
12574
12570
12569
12569
12554
12551
12542
12537
12531
12503
12494
12483
12481
12476
12475
12460
12456
12419
12404
12392
12379
12379
12374
12366
12360
12355
12354
12331
12324
12303
12288
12268
12258
12255
12245
12244
12243
12242
12223
12216
12214
12201
12185
12173
12173
12160
12148
12109
12075
12069
12062
12052
12048
12040
12038
12031
12021
12013
11991
11980
11980
11977
11976
11958
11957
11941
11933
11870
11855
11826
11823
11810
11808
11799
11782
11781
11768
11756
11751
11722
11714
11709
11707
11698
11658
11656
11652
11647
11640
11630
11620
11617
11611
11601
11600
11582
11581
11563
11543
11541
11540
11539
11528
11515
11510
11507
11494
11494
11469
11464
11446
11438
11426
11422
11418
11402
11390
11388
11387
11378
11362
11359
11352
11303
11291
11283
11280
11267
11264
11256
11243
11236
11228
11199
11180
11179
11162
11160
11155
11149
11148
11142
11124
11124
11105
11093
11090
11070
11055
11054
11045
11043
11032
11020
11013
11009
10992
10964
10956
10951
10944
10937
10933
10929
10880
10878
10872
10869
10852
10849
10836
10821
10817
10799
10790
10790
10783
10774
10771
10770
10739
10728
10719
10718
10675
10673
10659
10654
10653
10653
10646
10646
10645
10619
10610
10606
10604
10565
10554
10548
10541
10539
10538
10538
10532
10528
10522
10522
10518
10507
10505
10497
10496
10494
10490
10472
10471
10457
10457
10444
10442
10442
10439
10421
10410
10403
10365
10360
10353
10334
10332
10322
10317
10300
10300
10287
10283
10275
10274
10263
10256
10240
10223
10217
10216
10208
10199
10194
10193
10182
10181
10173
10172
10170
10163
10162
10155
10151
10150
10125
10122
10116
10080
10063
10054
10047
10027
10018
10013
10006
9995
9955
9948
9926
9904
9903
9897
9894
9889
9881
9865
9858
9858
9854
9852
9847
9833
9812
9807
9802
9798
9759
9749
9745
9741
9735
9728
9725
9723
9722
9713
9711
9709
9704
9692
9684
9675
9674
9659
9627
9617
9609
9606
9575
9562
9555
9552
9535
9525
9515
9514
9514
9509
9503
9498
9489
9488
9480
9473
9461
9460
9456
9442
9428
9425
9420
9411
9396
9393
9393
9382
9375
9362
9353
9321
9311
9295
9276
9274
9266
9236
9221
9217
9209
9208
9207
9174
9120
9106
9106
9098
9073
9064
9057
9052
9023
9021
9001
8994
8948
8934
8921
8918
8917
8894
8890
8885
8878
8876
8828
8823
8808
8799
8764
8759
8754
8743
8738
8725
8718
8716
8712
8711
8707
8705
8701
8686
8666
8657
8652
8640
8635
8618
8604
8578
8567
8567
8561
8553
8548
8545
8475
8471
8468
8449
8439
8427
8427
8399
8398
8397
8382
8379
8362
8354
8346
8324
8293
8270
8269
8269
8253
8252
8251
8249
8240
8235
8226
8218
8216
8206
8206
8192
8182
8159
8147
8121
8120
8108
8098
8097
8082
8076
8051
8050
8050
8045
8043
8031
8031
8030
8029
8020
8017
7986
7984
7976
7972
7958
7953
7947
7946
7927
7926
7923
7883
7876
7872
7856
7856
7852
7834
7830
7823
7812
7792
7787
7771
7763
7740
7738
7738
7703
7683
7679
7676
7670
7644
7642
7640
7630
7601
7569
7536
7524
7513
7513
7475
7474
7461
7451
7450
7444
7434
7432
7428
7412
7406
7401
7372
7372
7366
7363
7356
7349
7348
7341
7322
7317
7297
7272
7269
7263
7261
7254
7245
7232
7222
7211
7199
7197
7167
7164
7162
7152
7141
7128
7111
7089
7079
7074
7053
7040
7035
7022
7009
6995
6974
6958
6949
6933
6910
6905
6897
6883
6850
6841
6837
6784
6783
6778
6768
6761
6750
6747
6743
6725
6707
6704
6703
6701
6652
6645
6640
6633
6622
6620
6606
6599
6599
6599
6599
6595
6589
6578
6563
6557
6548
6545
6541
6541
6540
6528
6525
6524
6524
6513
6495
6468
6466
6465
6456
6455
6455
6450
6422
6404
6403
6389
6384
6369
6359
6347
6346
6336
6333
6325
6317
6313
6308
6281
6280
6277
6250
6247
6224
6223
6218
6217
6208
6201
6193
6181
6175
6149
6142
6135
6127
6120
6113
6096
6091
6086
6079
6070
6063
6062
6047
6040
6036
6035
6032
6026
6014
6013
6013
5999
5993
5991
5985
5976
5936
5930
5924
5918
5917
5874
5824
5821
5820
5813
5806
5802
5798
5794
5788
5778
5770
5748
5744
5735
5726
5659
5647
5610
5609
5608
5590
5550
5548
5540
5516
5513
5505
5489
5477
5456
5454
5452
5440
5432
5425
5403
5399
5394
5370
5364
5355
5350
5339
5330
5327
5327
5326
5312
5311
5311
5303
5298
5295
5265
5256
5254
5253
5246
5218
5218
5216
5207
5194
5184
5161
5158
5153
5139
5137
5134
5109
5101
5095
5081
5065
5064
5062
5057
5048
5039
5010
5009
5004
4993
4953
4889
4889
4878
4867
4855
4845
4839
4838
4837
4825
4817
4810
4810
4809
4800
4785
4785
4724
4713
4705
4698
4695
4695
4686
4683
4665
4664
4657
4646
4632
4612
4611
4600
4594
4591
4583
4538
4533
4530
4508
4507
4499
4486
4470
4468
4446
4437
4432
4432
4423
4410
4405
4405
4388
4374
4369
4367
4355
4338
4330
4312
4307
4282
4267
4258
4257
4251
4246
4243
4234
4211
4210
4205
4189
4160
4156
4153
4152
4143
4127
4117
4115
4078
4076
4075
4071
4061
4048
4040
4038
3998
3984
3982
3978
3971
3966
3965
3962
3954
3937
3934
3930
3918
3915
3909
3901
3889
3883
3874
3864
3859
3853
3838
3809
3804
3781
3768
3732
3730
3705
3696
3691
3689
3685
3666
3658
3651
3639
3625
3577
3572
3550
3549
3530
3524
3509
3508
3507
3490
3473
3466
3418
3417
3417
3417
3407
3399
3394
3380
3367
3364
3358
3350
3345
3340
3340
3334
3308
3303
3272
3270
3268
3226
3205
3201
3196
3195
3173
3170
3170
3168
3167
3162
3159
3158
3155
3152
3144
3141
3141
3132
3126
3115
3086
3049
3048
3048
3040
3025
3018
3003
2995
2994
2979
2946
2939
2931
2905
2872
2865
2838
2838
2790
2781
2758
2723
2702
2697
2692
2689
2688
2685
2664
2664
2659
2658
2652
2637
2632
2629
2610
2605
2603
2597
2596
2587
2559
2557
2545
2544
2530
2514
2507
2483
2482
2469
2458
2456
2447
2403
2395
2380
2374
2356
2347
2339
2308
2303
2296
2291
2277
2258
2255
2253
2241
2240
2233
2229
2228
2223
2223
2218
2211
2206
2198
2194
2185
2179
2173
2150
2116
2109
2109
2101
2089
2065
2063
2062
2055
2046
2044
2023
2015
2010
2007
1995
1987
1963
1960
1933
1932
1930
1924
1921
1919
1891
1874
1869
1858
1840
1834
1819
1798
1791
1789
1780
1780
1775
1771
1757
1749
1748
1742
1722
1720
1716
1716
1701
1695
1667
1659
1635
1631
1598
1597
1555
1531
1525
1517
1509
1495
1476
1456
1452
1446
1440
1440
1440
1438
1405
1401
1389
1382
1381
1365
1363
1355
1346
1346
1332
1331
1317
1299
1296
1286
1270
1256
1239
1231
1216
1199
1169
1167
1162
1157
1152
1147
1145
1144
1142
1121
1118
1105
1096
1094
1077
1075
1058
1044
991
923
912
911
887
882
872
858
835
794
764
758
739
738
730
725
689
668
659
626
598
595
577
553
532
531
523
511
510
503
502
476
473
462
452
448
442
439
435
435
429
406
393
386
355
354
339
327
323
322
306
303
290
288
281
281
280
266
252
245
222
210
200
196
174
171
168
168
162
150
141
133
128
127
119
114
111
108
98
97
95
87
63
47
43
36
6
